============================= test session starts =============================
platform win32 -- Python 3.11.13, pytest-8.4.1, pluggy-1.6.0 -- C:\Users\tonyh\miniconda3\envs\mini_conda_02\python.exe
cachedir: .pytest_cache
rootdir: D:\local\cursor\feedback_portal
configfile: pytest.ini
plugins: anyio-4.7.0, asyncio-1.1.0, base-url-2.1.0, playwright-0.7.0
asyncio: mode=Mode.STRICT, asyncio_default_fixture_loop_scope=None, asyncio_default_test_loop_scope=function
collecting ... collected 14 items / 13 deselected / 1 selected

tests/e2e/test_excel_upload_workflows.py::TestRefactoredRoutes::test_upload_file_refactored_workflow[chromium-feedback_forms\\testing_versions\\standard\\energy_operator_feedback_v003_test_02_bad_data.xlsx] PASSED [100%]

====================== 1 passed, 13 deselected in 2.62s =======================
