============================= test session starts =============================
platform win32 -- Python 3.11.13, pytest-8.4.1, pluggy-1.6.0 -- C:\Users\tonyh\miniconda3\envs\mini_conda_02\python.exe
cachedir: .pytest_cache
rootdir: D:\local\cursor\feedback_portal
configfile: pytest.ini
plugins: anyio-4.7.0, asyncio-1.1.0, base-url-2.1.0, playwright-0.7.0
asyncio: mode=Mode.STRICT, asyncio_default_fixture_loop_scope=None, asyncio_default_test_loop_scope=function
collecting ... collected 76 items

tests/e2e/test_excel_upload_workflows.py::TestExcelUpload::test_upload_page_loads[chromium] PASSED [  1%]
tests/e2e/test_excel_upload_workflows.py::TestExcelUpload::test_file_input_exists[chromium] PASSED [  2%]
tests/e2e/test_excel_upload_workflows.py::TestExcelUpload::test_drop_zone_exists[chromium] PASSED [  3%]
tests/e2e/test_excel_upload_workflows.py::TestExcelUpload::test_file_upload_workflow[chromium-feedback_forms\\testing_versions\\standard\\dairy_digester_operator_feedback_v006_test_01_good_data.xlsx] PASSED [  5%]
tests/e2e/test_excel_upload_workflows.py::TestExcelUpload::test_invalid_file_upload[chromium] PASSED [  6%]
tests/e2e/test_excel_upload_workflows.py::TestExcelUpload::test_empty_file_upload[chromium] PASSED [  7%]
tests/e2e/test_excel_upload_workflows.py::TestExcelUpload::test_large_file_upload[chromium] PASSED [  9%]
tests/e2e/test_excel_upload_workflows.py::TestUploadPageElements::test_page_structure[chromium] PASSED [ 10%]
tests/e2e/test_excel_upload_workflows.py::TestUploadPageElements::test_form_structure[chromium] PASSED [ 11%]
tests/e2e/test_excel_upload_workflows.py::TestUploadPageElements::test_accessibility_features[chromium] PASSED [ 13%]
tests/e2e/test_excel_upload_workflows.py::test_excel_upload_deep_backend_validation[chromium-feedback_forms\\testing_versions\\standard\\dairy_digester_operator_feedback_v006_test_01_good_data.xlsx] PASSED [ 14%]
tests/e2e/test_excel_upload_workflows.py::test_list_staged_diagnostics_overlay[chromium] PASSED [ 15%]
tests/e2e/test_excel_upload_workflows.py::test_upload_file_only[chromium] PASSED [ 17%]
tests/e2e/test_excel_upload_workflows.py::test_discard_staged_file_only[chromium] PASSED [ 18%]
tests/e2e/test_excel_upload_workflows.py::test_upload_multiple_files_only[chromium] PASSED [ 19%]
tests/e2e/test_excel_upload_workflows.py::test_discard_each_staged_file_separately[chromium] PASSED [ 21%]
tests/e2e/test_excel_upload_workflows.py::test_upload_malformed_file_only[chromium] PASSED [ 22%]
tests/e2e/test_excel_upload_workflows.py::test_discard_malformed_file_only[chromium] PASSED [ 23%]
tests/e2e/test_excel_upload_workflows.py::TestRefactoredRoutes::test_upload_file_refactored_page_loads[chromium] PASSED [ 25%]
tests/e2e/test_excel_upload_workflows.py::TestRefactoredRoutes::test_upload_file_staged_refactored_page_loads[chromium] PASSED [ 26%]
tests/e2e/test_excel_upload_workflows.py::TestRefactoredRoutes::test_upload_file_refactored_workflow[chromium-feedback_forms\\testing_versions\\standard\\dairy_digester_operator_feedback_v006_test_01_good_data.xlsx] PASSED [ 27%]
tests/e2e/test_excel_upload_workflows.py::TestRefactoredRoutes::test_upload_file_staged_refactored_workflow[chromium-feedback_forms\\testing_versions\\standard\\dairy_digester_operator_feedback_v006_test_01_good_data.xlsx] PASSED [ 28%]
tests/e2e/test_excel_upload_workflows.py::TestRefactoredRoutes::test_upload_file_refactored_invalid_file[chromium] PASSED [ 30%]
tests/e2e/test_excel_upload_workflows.py::TestRefactoredRoutes::test_upload_file_staged_refactored_invalid_file[chromium] PASSED [ 31%]
tests/e2e/test_excel_upload_workflows.py::TestExcelUpload::test_file_upload_workflow[chromium-feedback_forms\\testing_versions\\standard\\dairy_digester_operator_feedback_v006_test_02_bad_data.xlsx] PASSED [ 32%]
tests/e2e/test_excel_upload_workflows.py::test_excel_upload_deep_backend_validation[chromium-feedback_forms\\testing_versions\\standard\\dairy_digester_operator_feedback_v006_test_02_bad_data.xlsx] PASSED [ 34%]
tests/e2e/test_excel_upload_workflows.py::TestRefactoredRoutes::test_upload_file_refactored_workflow[chromium-feedback_forms\\testing_versions\\standard\\dairy_digester_operator_feedback_v006_test_02_bad_data.xlsx] PASSED [ 35%]
tests/e2e/test_excel_upload_workflows.py::TestRefactoredRoutes::test_upload_file_staged_refactored_workflow[chromium-feedback_forms\\testing_versions\\standard\\dairy_digester_operator_feedback_v006_test_02_bad_data.xlsx] PASSED [ 36%]
tests/e2e/test_excel_upload_workflows.py::TestExcelUpload::test_file_upload_workflow[chromium-feedback_forms\\testing_versions\\standard\\dairy_digester_operator_feedback_v006_test_03_blank.xlsx] PASSED [ 38%]
tests/e2e/test_excel_upload_workflows.py::test_excel_upload_deep_backend_validation[chromium-feedback_forms\\testing_versions\\standard\\dairy_digester_operator_feedback_v006_test_03_blank.xlsx] PASSED [ 39%]
tests/e2e/test_excel_upload_workflows.py::TestRefactoredRoutes::test_upload_file_refactored_workflow[chromium-feedback_forms\\testing_versions\\standard\\dairy_digester_operator_feedback_v006_test_03_blank.xlsx] PASSED [ 40%]
tests/e2e/test_excel_upload_workflows.py::TestRefactoredRoutes::test_upload_file_staged_refactored_workflow[chromium-feedback_forms\\testing_versions\\standard\\dairy_digester_operator_feedback_v006_test_03_blank.xlsx] PASSED [ 42%]
tests/e2e/test_excel_upload_workflows.py::TestExcelUpload::test_file_upload_workflow[chromium-feedback_forms\\testing_versions\\standard\\energy_operator_feedback_v003_test_01_good_data.xlsx] PASSED [ 43%]
tests/e2e/test_excel_upload_workflows.py::test_excel_upload_deep_backend_validation[chromium-feedback_forms\\testing_versions\\standard\\energy_operator_feedback_v003_test_01_good_data.xlsx] PASSED [ 44%]
tests/e2e/test_excel_upload_workflows.py::TestRefactoredRoutes::test_upload_file_refactored_workflow[chromium-feedback_forms\\testing_versions\\standard\\energy_operator_feedback_v003_test_01_good_data.xlsx] PASSED [ 46%]
tests/e2e/test_excel_upload_workflows.py::TestRefactoredRoutes::test_upload_file_staged_refactored_workflow[chromium-feedback_forms\\testing_versions\\standard\\energy_operator_feedback_v003_test_01_good_data.xlsx] PASSED [ 47%]
tests/e2e/test_excel_upload_workflows.py::TestExcelUpload::test_file_upload_workflow[chromium-feedback_forms\\testing_versions\\standard\\energy_operator_feedback_v003_test_01_good_data_update.xlsx] PASSED [ 48%]
tests/e2e/test_excel_upload_workflows.py::test_excel_upload_deep_backend_validation[chromium-feedback_forms\\testing_versions\\standard\\energy_operator_feedback_v003_test_01_good_data_update.xlsx] PASSED [ 50%]
tests/e2e/test_excel_upload_workflows.py::TestRefactoredRoutes::test_upload_file_refactored_workflow[chromium-feedback_forms\\testing_versions\\standard\\energy_operator_feedback_v003_test_01_good_data_update.xlsx] PASSED [ 51%]
tests/e2e/test_excel_upload_workflows.py::TestRefactoredRoutes::test_upload_file_staged_refactored_workflow[chromium-feedback_forms\\testing_versions\\standard\\energy_operator_feedback_v003_test_01_good_data_update.xlsx] PASSED [ 52%]
tests/e2e/test_excel_upload_workflows.py::TestExcelUpload::test_file_upload_workflow[chromium-feedback_forms\\testing_versions\\standard\\energy_operator_feedback_v003_test_02_bad_data.xlsx] PASSED [ 53%]
tests/e2e/test_excel_upload_workflows.py::test_excel_upload_deep_backend_validation[chromium-feedback_forms\\testing_versions\\standard\\energy_operator_feedback_v003_test_02_bad_data.xlsx] PASSED [ 55%]
tests/e2e/test_excel_upload_workflows.py::TestRefactoredRoutes::test_upload_file_refactored_workflow[chromium-feedback_forms\\testing_versions\\standard\\energy_operator_feedback_v003_test_02_bad_data.xlsx] PASSED [ 56%]
tests/e2e/test_excel_upload_workflows.py::TestRefactoredRoutes::test_upload_file_staged_refactored_workflow[chromium-feedback_forms\\testing_versions\\standard\\energy_operator_feedback_v003_test_02_bad_data.xlsx] PASSED [ 57%]
tests/e2e/test_excel_upload_workflows.py::TestExcelUpload::test_file_upload_workflow[chromium-feedback_forms\\testing_versions\\standard\\generic_operator_feedback_v002_test_01_good_data.xlsx] PASSED [ 59%]
tests/e2e/test_excel_upload_workflows.py::test_excel_upload_deep_backend_validation[chromium-feedback_forms\\testing_versions\\standard\\generic_operator_feedback_v002_test_01_good_data.xlsx] PASSED [ 60%]
tests/e2e/test_excel_upload_workflows.py::TestRefactoredRoutes::test_upload_file_refactored_workflow[chromium-feedback_forms\\testing_versions\\standard\\generic_operator_feedback_v002_test_01_good_data.xlsx] PASSED [ 61%]
tests/e2e/test_excel_upload_workflows.py::TestRefactoredRoutes::test_upload_file_staged_refactored_workflow[chromium-feedback_forms\\testing_versions\\standard\\generic_operator_feedback_v002_test_01_good_data.xlsx] PASSED [ 63%]
tests/e2e/test_excel_upload_workflows.py::TestExcelUpload::test_file_upload_workflow[chromium-feedback_forms\\testing_versions\\standard\\generic_operator_feedback_v002_test_02_bad_data.xlsx] PASSED [ 64%]
tests/e2e/test_excel_upload_workflows.py::test_excel_upload_deep_backend_validation[chromium-feedback_forms\\testing_versions\\standard\\generic_operator_feedback_v002_test_02_bad_data.xlsx] PASSED [ 65%]
tests/e2e/test_excel_upload_workflows.py::TestRefactoredRoutes::test_upload_file_refactored_workflow[chromium-feedback_forms\\testing_versions\\standard\\generic_operator_feedback_v002_test_02_bad_data.xlsx] PASSED [ 67%]
tests/e2e/test_excel_upload_workflows.py::TestRefactoredRoutes::test_upload_file_staged_refactored_workflow[chromium-feedback_forms\\testing_versions\\standard\\generic_operator_feedback_v002_test_02_bad_data.xlsx] PASSED [ 68%]
tests/e2e/test_excel_upload_workflows.py::TestExcelUpload::test_file_upload_workflow[chromium-feedback_forms\\testing_versions\\standard\\landfill_operator_feedback_v070_test_01_good_data.xlsx] PASSED [ 69%]
tests/e2e/test_excel_upload_workflows.py::test_excel_upload_deep_backend_validation[chromium-feedback_forms\\testing_versions\\standard\\landfill_operator_feedback_v070_test_01_good_data.xlsx] PASSED [ 71%]
tests/e2e/test_excel_upload_workflows.py::TestRefactoredRoutes::test_upload_file_refactored_workflow[chromium-feedback_forms\\testing_versions\\standard\\landfill_operator_feedback_v070_test_01_good_data.xlsx] PASSED [ 72%]
tests/e2e/test_excel_upload_workflows.py::TestRefactoredRoutes::test_upload_file_staged_refactored_workflow[chromium-feedback_forms\\testing_versions\\standard\\landfill_operator_feedback_v070_test_01_good_data.xlsx] PASSED [ 73%]
tests/e2e/test_excel_upload_workflows.py::TestExcelUpload::test_file_upload_workflow[chromium-feedback_forms\\testing_versions\\standard\\landfill_operator_feedback_v070_test_02_bad_data.xlsx] PASSED [ 75%]
tests/e2e/test_excel_upload_workflows.py::test_excel_upload_deep_backend_validation[chromium-feedback_forms\\testing_versions\\standard\\landfill_operator_feedback_v070_test_02_bad_data.xlsx] PASSED [ 76%]
tests/e2e/test_excel_upload_workflows.py::TestRefactoredRoutes::test_upload_file_refactored_workflow[chromium-feedback_forms\\testing_versions\\standard\\landfill_operator_feedback_v070_test_02_bad_data.xlsx] PASSED [ 77%]
tests/e2e/test_excel_upload_workflows.py::TestRefactoredRoutes::test_upload_file_staged_refactored_workflow[chromium-feedback_forms\\testing_versions\\standard\\landfill_operator_feedback_v070_test_02_bad_data.xlsx] PASSED [ 78%]
tests/e2e/test_excel_upload_workflows.py::TestExcelUpload::test_file_upload_workflow[chromium-feedback_forms\\testing_versions\\standard\\landfill_operator_feedback_v071_test_01_good_data.xlsx] PASSED [ 80%]
tests/e2e/test_excel_upload_workflows.py::test_excel_upload_deep_backend_validation[chromium-feedback_forms\\testing_versions\\standard\\landfill_operator_feedback_v071_test_01_good_data.xlsx] PASSED [ 81%]
tests/e2e/test_excel_upload_workflows.py::TestRefactoredRoutes::test_upload_file_refactored_workflow[chromium-feedback_forms\\testing_versions\\standard\\landfill_operator_feedback_v071_test_01_good_data.xlsx] PASSED [ 82%]
tests/e2e/test_excel_upload_workflows.py::TestRefactoredRoutes::test_upload_file_staged_refactored_workflow[chromium-feedback_forms\\testing_versions\\standard\\landfill_operator_feedback_v071_test_01_good_data.xlsx] PASSED [ 84%]
tests/e2e/test_excel_upload_workflows.py::TestExcelUpload::test_file_upload_workflow[chromium-feedback_forms\\testing_versions\\standard\\landfill_operator_feedback_v071_test_02_bad_data.xlsx] PASSED [ 85%]
tests/e2e/test_excel_upload_workflows.py::test_excel_upload_deep_backend_validation[chromium-feedback_forms\\testing_versions\\standard\\landfill_operator_feedback_v071_test_02_bad_data.xlsx] PASSED [ 86%]
tests/e2e/test_excel_upload_workflows.py::TestRefactoredRoutes::test_upload_file_refactored_workflow[chromium-feedback_forms\\testing_versions\\standard\\landfill_operator_feedback_v071_test_02_bad_data.xlsx] PASSED [ 88%]
tests/e2e/test_excel_upload_workflows.py::TestRefactoredRoutes::test_upload_file_staged_refactored_workflow[chromium-feedback_forms\\testing_versions\\standard\\landfill_operator_feedback_v071_test_02_bad_data.xlsx] PASSED [ 89%]
tests/e2e/test_excel_upload_workflows.py::TestExcelUpload::test_file_upload_workflow[chromium-feedback_forms\\testing_versions\\standard\\oil_and_gas_operator_feedback_v070_test_01_good_data.xlsx] PASSED [ 90%]
tests/e2e/test_excel_upload_workflows.py::test_excel_upload_deep_backend_validation[chromium-feedback_forms\\testing_versions\\standard\\oil_and_gas_operator_feedback_v070_test_01_good_data.xlsx] PASSED [ 92%]
tests/e2e/test_excel_upload_workflows.py::TestRefactoredRoutes::test_upload_file_refactored_workflow[chromium-feedback_forms\\testing_versions\\standard\\oil_and_gas_operator_feedback_v070_test_01_good_data.xlsx] PASSED [ 93%]
tests/e2e/test_excel_upload_workflows.py::TestRefactoredRoutes::test_upload_file_staged_refactored_workflow[chromium-feedback_forms\\testing_versions\\standard\\oil_and_gas_operator_feedback_v070_test_01_good_data.xlsx] PASSED [ 94%]
tests/e2e/test_excel_upload_workflows.py::TestExcelUpload::test_file_upload_workflow[chromium-feedback_forms\\testing_versions\\standard\\oil_and_gas_operator_feedback_v070_test_02_bad_data.xlsx] PASSED [ 96%]
tests/e2e/test_excel_upload_workflows.py::test_excel_upload_deep_backend_validation[chromium-feedback_forms\\testing_versions\\standard\\oil_and_gas_operator_feedback_v070_test_02_bad_data.xlsx] PASSED [ 97%]
tests/e2e/test_excel_upload_workflows.py::TestRefactoredRoutes::test_upload_file_refactored_workflow[chromium-feedback_forms\\testing_versions\\standard\\oil_and_gas_operator_feedback_v070_test_02_bad_data.xlsx] PASSED [ 98%]
tests/e2e/test_excel_upload_workflows.py::TestRefactoredRoutes::test_upload_file_staged_refactored_workflow[chromium-feedback_forms\\testing_versions\\standard\\oil_and_gas_operator_feedback_v070_test_02_bad_data.xlsx] PASSED [100%]

======================= 76 passed in 128.25s (0:02:08) ========================
