============================= test session starts =============================
platform win32 -- Python 3.11.13, pytest-8.4.1, pluggy-1.6.0 -- C:\Users\tonyh\miniconda3\envs\mini_conda_02\python.exe
cachedir: .pytest_cache
rootdir: D:\local\cursor\feedback_portal
configfile: pytest.ini
plugins: anyio-4.7.0, asyncio-1.1.0, base-url-2.1.0, playwright-0.7.0
asyncio: mode=Mode.STRICT, asyncio_default_fixture_loop_scope=None, asyncio_default_test_loop_scope=function
collecting ... collected 76 items / 75 deselected / 1 selected

tests/e2e/test_excel_upload_workflows_2.py::TestExcelUpload::test_invalid_file_upload[chromium] PASSED [100%]

====================== 1 passed, 75 deselected in 1.12s =======================
