============================= test session starts ==============================
platform linux -- Python 3.11.13, pytest-8.4.1, pluggy-1.6.0 -- /home/tonyh/miniconda3/envs/mini_conda_02/bin/python
cachedir: .pytest_cache
rootdir: /home/tonyh/git_repos/feedback_portal
configfile: pytest.ini
plugins: base-url-2.1.0, anyio-4.7.0, playwright-0.7.0, asyncio-1.1.0
asyncio: mode=Mode.STRICT, asyncio_default_fixture_loop_scope=None, asyncio_default_test_loop_scope=function
collecting ... collected 485 items

tests/arb/utils/excel/test_excel_content_validator.py::TestNormalizeTimestamps::test_function_exists PASSED
tests/arb/utils/excel/test_excel_content_validator.py::TestNormalizeTimestamps::test_function_signature PASSED
tests/arb/utils/excel/test_excel_content_validator.py::TestNormalizeTimestamps::test_normalize_timestamps_excel_patterns PASSED
tests/arb/utils/excel/test_excel_content_validator.py::TestNormalizeTimestamps::test_normalize_timestamps_json_patterns PASSED
tests/arb/utils/excel/test_excel_content_validator.py::TestNormalizeTimestamps::test_normalize_timestamps_iso_format PASSED
tests/arb/utils/excel/test_excel_content_validator.py::TestNormalizeTimestamps::test_normalize_timestamps_date_format PASSED
tests/arb/utils/excel/test_excel_content_validator.py::TestNormalizeTimestamps::test_normalize_timestamps_excel_internal PASSED
tests/arb/utils/excel/test_excel_content_validator.py::TestNormalizeTimestamps::test_normalize_timestamps_file_timestamps PASSED
tests/arb/utils/excel/test_excel_content_validator.py::TestNormalizeTimestamps::test_normalize_timestamps_mixed_content PASSED
tests/arb/utils/excel/test_excel_content_validator.py::TestNormalizeTimestamps::test_normalize_timestamps_no_timestamps PASSED
tests/arb/utils/excel/test_excel_content_validator.py::TestNormalizeTimestamps::test_normalize_timestamps_non_string_input PASSED
tests/arb/utils/excel/test_excel_content_validator.py::TestNormalizeTimestamps::test_normalize_timestamps_empty_string PASSED
tests/arb/utils/excel/test_excel_content_validator.py::TestValidateStructure::test_function_exists PASSED
tests/arb/utils/excel/test_excel_content_validator.py::TestValidateStructure::test_function_signature PASSED
tests/arb/utils/excel/test_excel_content_validator.py::TestValidateStructure::test_validate_structure_valid_result PASSED
tests/arb/utils/excel/test_excel_content_validator.py::TestValidateStructure::test_validate_structure_missing_keys PASSED
tests/arb/utils/excel/test_excel_content_validator.py::TestValidateStructure::test_validate_structure_extra_keys PASSED
tests/arb/utils/excel/test_excel_content_validator.py::TestValidateStructure::test_validate_structure_invalid_types PASSED
tests/arb/utils/excel/test_excel_content_validator.py::TestValidateStructure::test_validate_structure_empty_sections PASSED
tests/arb/utils/excel/test_excel_content_validator.py::TestValidateStructure::test_validate_structure_non_dict_input PASSED
tests/arb/utils/excel/test_excel_content_validator.py::TestCompareMetadata::test_function_exists PASSED
tests/arb/utils/excel/test_excel_content_validator.py::TestCompareMetadata::test_function_signature PASSED
tests/arb/utils/excel/test_excel_content_validator.py::TestCompareMetadata::test_compare_metadata_identical PASSED
tests/arb/utils/excel/test_excel_content_validator.py::TestCompareMetadata::test_compare_metadata_missing_fields PASSED
tests/arb/utils/excel/test_excel_content_validator.py::TestCompareMetadata::test_compare_metadata_extra_fields PASSED
tests/arb/utils/excel/test_excel_content_validator.py::TestCompareMetadata::test_compare_metadata_different_values is_equivalent: True
differences: []
PASSED
tests/arb/utils/excel/test_excel_content_validator.py::TestCompareMetadata::test_compare_metadata_with_timestamps is_equivalent: True
differences: []
PASSED
tests/arb/utils/excel/test_excel_content_validator.py::TestCompareMetadata::test_compare_metadata_empty_metadata PASSED
tests/arb/utils/excel/test_excel_content_validator.py::TestCompareSchemas::test_function_exists PASSED
tests/arb/utils/excel/test_excel_content_validator.py::TestCompareSchemas::test_function_signature PASSED
tests/arb/utils/excel/test_excel_content_validator.py::TestCompareSchemas::test_compare_schemas_identical PASSED
tests/arb/utils/excel/test_excel_content_validator.py::TestCompareSchemas::test_compare_schemas_missing_tabs PASSED
tests/arb/utils/excel/test_excel_content_validator.py::TestCompareSchemas::test_compare_schemas_extra_tabs PASSED
tests/arb/utils/excel/test_excel_content_validator.py::TestCompareSchemas::test_compare_schemas_different_values PASSED
tests/arb/utils/excel/test_excel_content_validator.py::TestCompareTabContents::test_function_exists PASSED
tests/arb/utils/excel/test_excel_content_validator.py::TestCompareTabContents::test_function_signature PASSED
tests/arb/utils/excel/test_excel_content_validator.py::TestCompareTabContents::test_compare_tab_contents_identical PASSED
tests/arb/utils/excel/test_excel_content_validator.py::TestCompareTabContents::test_compare_tab_contents_missing_tabs PASSED
tests/arb/utils/excel/test_excel_content_validator.py::TestCompareTabContents::test_compare_tab_contents_missing_fields PASSED
tests/arb/utils/excel/test_excel_content_validator.py::TestCompareTabContents::test_compare_tab_contents_different_values PASSED
tests/arb/utils/excel/test_excel_content_validator.py::TestCompareTabContents::test_compare_tab_contents_invalid_tab_content PASSED
tests/arb/utils/excel/test_excel_content_validator.py::TestValidateExcelFileIntegrity::test_function_exists PASSED
tests/arb/utils/excel/test_excel_content_validator.py::TestValidateExcelFileIntegrity::test_function_signature PASSED
tests/arb/utils/excel/test_excel_content_validator.py::TestValidateExcelFileIntegrity::test_validate_excel_file_integrity_nonexistent_file PASSED
tests/arb/utils/excel/test_excel_content_validator.py::TestValidateExcelFileIntegrity::test_validate_excel_file_integrity_invalid_extension PASSED
tests/arb/utils/excel/test_excel_content_validator.py::TestValidateExcelFileIntegrity::test_validate_excel_file_integrity_valid_xlsx PASSED
tests/arb/utils/excel/test_excel_content_validator.py::TestValidateExcelFileIntegrity::test_validate_excel_file_integrity_missing_required_files PASSED
tests/arb/utils/excel/test_excel_content_validator.py::TestCompareExcelResults::test_function_exists PASSED
tests/arb/utils/excel/test_excel_content_validator.py::TestCompareExcelResults::test_function_signature PASSED
tests/arb/utils/excel/test_excel_content_validator.py::TestCompareExcelResults::test_compare_excel_results_success PASSED
tests/arb/utils/excel/test_excel_content_validator.py::TestCompareExcelResults::test_compare_excel_results_load_error PASSED
tests/arb/utils/excel/test_excel_content_validator.py::TestFindCorrespondingExpectedResult::test_function_exists PASSED
tests/arb/utils/excel/test_excel_content_validator.py::TestFindCorrespondingExpectedResult::test_function_signature PASSED
tests/arb/utils/excel/test_excel_content_validator.py::TestFindCorrespondingExpectedResult::test_find_corresponding_expected_result_success PASSED
tests/arb/utils/excel/test_excel_content_validator.py::TestFindCorrespondingExpectedResult::test_find_corresponding_expected_result_not_found PASSED
tests/arb/utils/excel/test_excel_content_validator.py::TestFindCorrespondingExpectedResult::test_find_corresponding_expected_result_nonexistent_dir PASSED
tests/arb/utils/excel/test_excel_content_validator.py::TestGenerateComparisonReport::test_function_exists PASSED
tests/arb/utils/excel/test_excel_content_validator.py::TestGenerateComparisonReport::test_function_signature PASSED
tests/arb/utils/excel/test_excel_content_validator.py::TestGenerateComparisonReport::test_generate_comparison_report_success PASSED
tests/arb/utils/excel/test_excel_content_validator.py::TestGenerateComparisonReport::test_generate_comparison_report_with_differences PASSED
tests/arb/utils/excel/test_excel_content_validator.py::TestValidateExcelSchemaStructure::test_function_exists PASSED
tests/arb/utils/excel/test_excel_content_validator.py::TestValidateExcelSchemaStructure::test_function_signature PASSED
tests/arb/utils/excel/test_excel_content_validator.py::TestValidateExcelSchemaStructure::test_validate_excel_schema_structure_valid PASSED
tests/arb/utils/excel/test_excel_content_validator.py::TestValidateExcelSchemaStructure::test_validate_excel_schema_structure_missing_schema_key PASSED
tests/arb/utils/excel/test_excel_content_validator.py::TestValidateExcelSchemaStructure::test_validate_excel_schema_structure_missing_required_attrs PASSED
tests/arb/utils/excel/test_excel_content_validator.py::TestValidateExcelSchemaStructure::test_validate_excel_schema_structure_invalid_address_format PASSED
tests/arb/utils/excel/test_excel_content_validator.py::TestIntegration::test_end_to_end_validation_workflow PASSED
tests/arb/utils/excel/test_excel_content_validator.py::TestIntegration::test_error_handling_workflow PASSED
tests/arb/utils/excel/test_excel_content_validator.py::TestEdgeCases::test_empty_metadata_comparison PASSED
tests/arb/utils/excel/test_excel_content_validator.py::TestEdgeCases::test_none_values_in_metadata PASSED
tests/arb/utils/excel/test_excel_content_validator.py::TestEdgeCases::test_large_schema_validation PASSED
tests/arb/utils/excel/test_excel_content_validator.py::TestEdgeCases::test_malformed_json_handling PASSED
tests/arb/utils/excel/test_excel_content_validator.py::TestPerformance::test_large_metadata_comparison PASSED
tests/arb/utils/excel/test_excel_content_validator.py::TestPerformance::test_large_tab_contents_comparison PASSED
tests/arb/utils/excel/test_excel_content_validator.py::TestDocumentation::test_function_docstrings PASSED
tests/arb/utils/excel/test_excel_content_validator.py::TestDocumentation::test_class_docstrings PASSED
tests/arb/utils/excel/test_excel_functional_equivalence.py::TestExcelFunctionEquivalence::test_function_existence PASSED
tests/arb/utils/excel/test_excel_functional_equivalence.py::TestExcelFunctionEquivalence::test_function_signatures PASSED
tests/arb/utils/excel/test_excel_functional_equivalence.py::TestExcelFunctionEquivalence::test_function_documentation_equivalence PASSED
tests/arb/utils/excel/test_excel_functional_equivalence.py::TestExcelFunctionEquivalence::test_parse_xl_file_with_good_data ✅ Successfully parsed landfill_operator_feedback_v071_test_01_good_data.xlsx with both functions
✅ Both results match expected output exactly
✅ Results have consistent structure with 3 keys
PASSED
tests/arb/utils/excel/test_excel_functional_equivalence.py::TestExcelFunctionEquivalence::test_parse_xl_file_with_bad_data PASSED
tests/arb/utils/excel/test_excel_functional_equivalence.py::TestExcelFunctionEquivalence::test_parse_xl_file_with_blank_file PASSED
tests/arb/utils/excel/test_excel_functional_equivalence.py::TestExcelFunctionEquivalence::test_extract_tabs_equivalence PASSED
tests/arb/utils/excel/test_excel_functional_equivalence.py::TestExcelFunctionEquivalence::test_get_spreadsheet_key_value_pairs_equivalence PASSED
tests/arb/utils/excel/test_excel_functional_equivalence.py::TestFunctionBehaviorEquivalence::test_empty_input_handling PASSED
tests/arb/utils/excel/test_excel_functional_equivalence.py::TestFunctionBehaviorEquivalence::test_none_input_handling PASSED
tests/arb/utils/excel/test_excel_functional_equivalence.py::TestFunctionBehaviorEquivalence::test_invalid_schema_handling PASSED
tests/arb/utils/excel/test_excel_functional_equivalence.py::TestPerformanceEquivalence::test_parse_xl_file_performance PASSED
tests/arb/utils/excel/test_excel_functional_equivalence.py::TestPerformanceEquivalence::test_extract_tabs_performance PASSED
tests/arb/utils/excel/test_excel_functional_equivalence.py::TestErrorHandlingEquivalence::test_file_not_found_handling PASSED
tests/arb/utils/excel/test_excel_functional_equivalence.py::TestErrorHandlingEquivalence::test_corrupted_file_handling PASSED
tests/arb/utils/excel/test_excel_functional_equivalence.py::TestErrorHandlingEquivalence::test_memory_error_handling PASSED
tests/arb/utils/excel/test_excel_functional_equivalence.py::TestEdgeCaseEquivalence::test_very_large_files PASSED
tests/arb/utils/excel/test_excel_functional_equivalence.py::TestEdgeCaseEquivalence::test_unicode_handling PASSED
tests/arb/utils/excel/test_excel_functional_equivalence.py::TestEdgeCaseEquivalence::test_special_characters_handling PASSED
tests/arb/utils/excel/test_excel_functional_equivalence.py::TestIntegrationEquivalence::test_end_to_end_workflow_equivalence PASSED
tests/arb/utils/excel/test_excel_functional_equivalence.py::TestIntegrationEquivalence::test_function_chain_equivalence PASSED
tests/arb/utils/excel/test_excel_functional_equivalence.py::TestExcelContentValidation::test_all_feedback_form_types SKIPPED
tests/arb/utils/excel/test_excel_functional_equivalence.py::TestComprehensiveEquivalence::test_all_function_combinations PASSED
tests/arb/utils/excel/test_excel_functional_equivalence.py::TestComprehensiveEquivalence::test_edge_case_combinations PASSED
tests/arb/utils/excel/test_minimal.py::test_hello_world hello world
PASSED
tests/arb/utils/excel/test_minimal.py::test_import_xl_create Testing import of xl_create module...
Successfully imported xl_create module
PASSED
tests/arb/utils/excel/test_xl_create.py::TestSortXlSchema::test_sort_xl_schema_by_variable_name PASSED
tests/arb/utils/excel/test_xl_create.py::TestSortXlSchema::test_sort_xl_schema_by_label_address PASSED
tests/arb/utils/excel/test_xl_create.py::TestSortXlSchema::test_sort_xl_schema_invalid_sort_by PASSED
tests/arb/utils/excel/test_xl_create.py::TestSortXlSchema::test_sort_xl_schema_empty_schema PASSED
tests/arb/utils/excel/test_xl_create.py::TestSchemaToJsonFile::test_schema_to_json_file_success PASSED
tests/arb/utils/excel/test_xl_create.py::TestSchemaToJsonFile::test_schema_to_json_file_no_filename PASSED
tests/arb/utils/excel/test_xl_create.py::TestSchemaToJsonFile::test_schema_to_json_file_with_custom_filename PASSED
tests/arb/utils/excel/test_xl_create.py::TestSchemaToJsonFile::test_schema_to_json_file_comparison_failure PASSED
tests/arb/utils/excel/test_xl_create.py::TestSchemaToJsonFile::test_schema_to_json_file_with_complex_data PASSED
tests/arb/utils/excel/test_xl_create.py::TestUpdateVbaSchema::test_update_vba_schema_success PASSED
tests/arb/utils/excel/test_xl_create.py::TestUpdateVbaSchema::test_update_vba_schema_with_complex_schema PASSED
tests/arb/utils/excel/test_xl_create.py::TestUpdateVbaSchema::test_update_vba_schema_error_handling PASSED
tests/arb/utils/excel/test_xl_create.py::TestUpdateVbaSchema::test_update_vba_schema_with_empty_schema PASSED
tests/arb/utils/excel/test_xl_create.py::TestUpdateVbaSchemas::test_update_vba_schemas_success PASSED
tests/arb/utils/excel/test_xl_create.py::TestUpdateVbaSchemas::test_update_vba_schemas_with_specific_schemas PASSED
tests/arb/utils/excel/test_xl_create.py::TestUpdateVbaSchemas::test_update_vba_schemas_with_empty_schemas PASSED
tests/arb/utils/excel/test_xl_create.py::TestUpdateVbaSchemas::test_update_vba_schemas_error_handling PASSED
tests/arb/utils/excel/test_xl_create.py::TestUpdateVbaSchemas::test_update_vba_schemas_with_mixed_schemas PASSED
tests/arb/utils/excel/test_xl_create.py::TestSchemaToDefaultDict::test_schema_to_default_dict_success PASSED
tests/arb/utils/excel/test_xl_create.py::TestSchemaToDefaultDict::test_schema_to_default_dict_with_complex_schema PASSED
tests/arb/utils/excel/test_xl_create.py::TestSchemaToDefaultDict::test_schema_to_default_dict_with_missing_defaults PASSED
tests/arb/utils/excel/test_xl_create.py::TestSchemaToDefaultDict::test_schema_to_default_dict_error_handling PASSED
tests/arb/utils/excel/test_xl_create.py::TestSchemaToDefaultDict::test_schema_to_default_dict_with_empty_schema PASSED
tests/arb/utils/excel/test_xl_create.py::TestSchemaToDefaultJson::test_schema_to_default_json_success PASSED
tests/arb/utils/excel/test_xl_create.py::TestSchemaToDefaultJson::test_schema_to_default_json_with_custom_output_file PASSED
tests/arb/utils/excel/test_xl_create.py::TestSchemaToDefaultJson::test_schema_to_default_json_with_complex_data PASSED
tests/arb/utils/excel/test_xl_create.py::TestSchemaToDefaultJson::test_schema_to_default_json_error_handling PASSED
tests/arb/utils/excel/test_xl_create.py::TestSchemaToDefaultJson::test_schema_to_default_json_with_empty_data PASSED
tests/arb/utils/excel/test_xl_create.py::TestUpdateXlsx::test_update_xlsx_success PASSED
tests/arb/utils/excel/test_xl_create.py::TestUpdateXlsx::test_update_xlsx_with_complex_jinja_templates PASSED
tests/arb/utils/excel/test_xl_create.py::TestUpdateXlsx::test_update_xlsx_error_handling PASSED
tests/arb/utils/excel/test_xl_create.py::TestUpdateXlsxPayloads::test_update_xlsx_payloads_single PASSED
tests/arb/utils/excel/test_xl_create.py::TestUpdateXlsxPayloads::test_update_xlsx_payloads_multiple PASSED
tests/arb/utils/excel/test_xl_create.py::TestUpdateXlsxPayloads::test_update_xlsx_payloads_with_file_payloads PASSED
tests/arb/utils/excel/test_xl_create.py::TestUpdateXlsxPayloads::test_update_xlsx_payloads_with_mixed_payloads PASSED
tests/arb/utils/excel/test_xl_create.py::TestUpdateXlsxPayloads::test_update_xlsx_payloads_with_overlapping_keys PASSED
tests/arb/utils/excel/test_xl_create.py::TestUpdateXlsxPayloads::test_update_xlsx_payloads_with_empty_payloads PASSED
tests/arb/utils/excel/test_xl_create.py::TestUpdateXlsxPayloads::test_update_xlsx_payloads_error_handling PASSED
tests/arb/utils/excel/test_xl_create.py::TestPrepXlTemplates::test_prep_xl_templates_success PASSED
tests/arb/utils/excel/test_xl_create.py::TestPrepXlTemplates::test_prep_xl_templates_with_missing_files PASSED
tests/arb/utils/excel/test_xl_create.py::TestPrepXlTemplates::test_prep_xl_templates_error_handling PASSED
tests/arb/utils/excel/test_xl_create.py::TestCreateDefaultTypesSchema::test_create_default_types_schema_basic PASSED
tests/arb/utils/excel/test_xl_create.py::TestCreateDefaultTypesSchema::test_create_default_types_schema_with_complex_types PASSED
tests/arb/utils/excel/test_xl_create.py::TestCreateDefaultTypesSchema::test_create_default_types_schema_with_empty_types PASSED
tests/arb/utils/excel/test_xl_create.py::TestCreateDefaultTypesSchema::test_create_default_types_schema_with_diagnostics_logging PASSED
tests/arb/utils/excel/test_xl_create.py::TestCreateDefaultTypesSchema::test_create_default_types_schema_error_handling PASSED
tests/arb/utils/excel/test_xl_create.py::TestCreateDefaultTypesSchema::test_create_default_types_schema_sorting PASSED
tests/arb/utils/excel/test_xl_create.py::TestCreatePayload::test_create_payload_success PASSED
tests/arb/utils/excel/test_xl_create.py::TestCreatePayload::test_create_payload_no_metadata PASSED
tests/arb/utils/excel/test_xl_create.py::TestCreatePayload::test_create_payload_with_complex_data PASSED
tests/arb/utils/excel/test_xl_create.py::TestCreatePayload::test_create_payload_with_various_data_types PASSED
tests/arb/utils/excel/test_xl_create.py::TestCreatePayload::test_create_payload_error_handling PASSED
tests/arb/utils/excel/test_xl_create.py::TestCreatePayload::test_create_payload_with_empty_payload PASSED
tests/arb/utils/excel/test_xl_create.py::TestCreatePayloads::test_create_payloads_success PASSED
tests/arb/utils/excel/test_xl_create.py::TestCreatePayloads::test_create_payloads_with_specific_templates PASSED
tests/arb/utils/excel/test_xl_create.py::TestCreatePayloads::test_create_payloads_error_handling PASSED
tests/arb/utils/excel/test_xl_create.py::TestXlCreateIntegration::test_schema_workflow_integration PASSED
tests/arb/utils/excel/test_xl_create.py::TestXlCreateIntegration::test_error_handling_integration PASSED
tests/arb/utils/excel/test_xl_create.py::TestXlCreateIntegration::test_schema_edge_cases_integration PASSED
tests/arb/utils/excel/test_xl_create.py::TestRunDiagnostics::test_run_diagnostics_success PASSED
tests/arb/utils/excel/test_xl_create.py::TestRunDiagnostics::test_run_diagnostics_with_schema_error PASSED
tests/arb/utils/excel/test_xl_create.py::TestRunDiagnostics::test_run_diagnostics_with_template_error PASSED
tests/arb/utils/excel/test_xl_create.py::TestRunDiagnostics::test_run_diagnostics_with_payload_error PASSED
tests/arb/utils/excel/test_xl_create.py::TestRunDiagnostics::test_run_diagnostics_with_excel_error PASSED
tests/arb/utils/excel/test_xl_create.py::TestRunDiagnostics::test_run_diagnostics_logging_sequence PASSED
tests/arb/utils/excel/test_xl_create.py::TestCreateSchemasAndPayloads::test_create_schemas_and_payloads_success PASSED
tests/arb/utils/excel/test_xl_create.py::TestCreateSchemasAndPayloads::test_create_schemas_and_payloads_with_schema_error PASSED
tests/arb/utils/excel/test_xl_create.py::TestCreateSchemasAndPayloads::test_create_schemas_and_payloads_with_template_error PASSED
tests/arb/utils/excel/test_xl_create.py::TestCreateSchemasAndPayloads::test_create_schemas_and_payloads_with_payload_error PASSED
tests/arb/utils/excel/test_xl_create.py::TestCreateSchemasAndPayloads::test_create_schemas_and_payloads_with_excel_error PASSED
tests/arb/utils/excel/test_xl_create.py::TestCreateSchemasAndPayloads::test_create_schemas_and_payloads_directory_creation PASSED
tests/arb/utils/excel/test_xl_create.py::TestDiagUpdateXlsxPayloads01::test_diag_update_xlsx_payloads_01_success PASSED
tests/arb/utils/excel/test_xl_create.py::TestDiagUpdateXlsxPayloads01::test_diag_update_xlsx_payloads_01_with_single_template PASSED
tests/arb/utils/excel/test_xl_create.py::TestDiagUpdateXlsxPayloads01::test_diag_update_xlsx_payloads_01_with_empty_templates PASSED
tests/arb/utils/excel/test_xl_create.py::TestDiagUpdateXlsxPayloads01::test_diag_update_xlsx_payloads_01_error_handling PASSED
tests/arb/utils/excel/test_xl_create.py::TestDiagUpdateXlsxPayloads01::test_diag_update_xlsx_payloads_01_template_structure PASSED
tests/arb/utils/excel/test_xl_create.py::TestEnsureKeyValuePair::test_ensure_key_value_pair_with_valid_data PASSED
tests/arb/utils/excel/test_xl_create.py::TestEnsureKeyValuePair::test_ensure_key_value_pair_with_invalid_data PASSED
tests/arb/utils/excel/test_xl_create.py::TestEnsureKeyValuePair::test_ensure_key_value_pair_with_nested_data PASSED
tests/arb/utils/excel/test_xl_create.py::TestEnsureKeyValuePair::test_ensure_key_value_pair_with_various_types PASSED
tests/arb/utils/excel/test_xl_create.py::TestEnsureDirExists::test_ensure_dir_exists_with_new_directory PASSED
tests/arb/utils/excel/test_xl_create.py::TestEnsureDirExists::test_ensure_dir_exists_with_existing_directory PASSED
tests/arb/utils/excel/test_xl_create.py::TestEnsureDirExists::test_ensure_dir_exists_with_file_path PASSED
tests/arb/utils/excel/test_xl_create.py::TestEnsureDirExists::test_ensure_dir_exists_error_handling PASSED
tests/arb/utils/excel/test_xl_create.py::TestEnsureParentDirs::test_ensure_parent_dirs_with_file_path PASSED
tests/arb/utils/excel/test_xl_create.py::TestEnsureParentDirs::test_ensure_parent_dirs_with_directory_path PASSED
tests/arb/utils/excel/test_xl_create.py::TestEnsureParentDirs::test_ensure_parent_dirs_with_existing_parents PASSED
tests/arb/utils/excel/test_xl_create.py::TestEnsureParentDirs::test_ensure_parent_dirs_with_root_path PASSED
tests/arb/utils/excel/test_xl_create.py::TestCompareJsonFiles::test_compare_json_files_with_identical_files PASSED
tests/arb/utils/excel/test_xl_create.py::TestCompareJsonFiles::test_compare_json_files_with_different_files PASSED
tests/arb/utils/excel/test_xl_create.py::TestCompareJsonFiles::test_compare_json_files_with_nested_data PASSED
tests/arb/utils/excel/test_xl_create.py::TestCompareJsonFiles::test_compare_json_files_with_metadata_differences PASSED
tests/arb/utils/excel/test_xl_create.py::TestCompareJsonFiles::test_compare_json_files_error_handling PASSED
tests/arb/utils/excel/test_xl_create.py::TestCompareJsonFiles::test_compare_json_files_with_empty_files PASSED
tests/arb/utils/excel/test_xl_create.py::TestJsonLoad::test_json_load_with_valid_file PASSED
tests/arb/utils/excel/test_xl_create.py::TestJsonLoad::test_json_load_with_invalid_json PASSED
tests/arb/utils/excel/test_xl_create.py::TestJsonLoad::test_json_load_with_file_not_found PASSED
tests/arb/utils/excel/test_xl_create.py::TestJsonLoad::test_json_load_with_complex_data PASSED
tests/arb/utils/excel/test_xl_create.py::TestJsonLoadWithMeta::test_json_load_with_meta_with_valid_file PASSED
tests/arb/utils/excel/test_xl_create.py::TestJsonLoadWithMeta::test_json_load_with_meta_without_metadata PASSED
tests/arb/utils/excel/test_xl_create.py::TestJsonLoadWithMeta::test_json_load_with_meta_with_invalid_json PASSED
tests/arb/utils/excel/test_xl_create.py::TestJsonLoadWithMeta::test_json_load_with_meta_with_file_not_found PASSED
tests/arb/utils/excel/test_xl_create.py::TestJsonSaveWithMeta::test_json_save_with_meta_with_data_and_metadata PASSED
tests/arb/utils/excel/test_xl_create.py::TestJsonSaveWithMeta::test_json_save_with_meta_without_metadata PASSED
tests/arb/utils/excel/test_xl_create.py::TestJsonSaveWithMeta::test_json_save_with_meta_with_complex_data PASSED
tests/arb/utils/excel/test_xl_create.py::TestJsonSaveWithMeta::test_json_save_with_meta_with_empty_data PASSED
tests/arb/utils/excel/test_xl_create.py::TestJsonSaveWithMeta::test_json_save_with_meta_error_handling PASSED
tests/arb/utils/excel/test_xl_create.py::TestJsonSaveWithMeta::test_json_save_with_meta_file_structure PASSED
tests/arb/utils/excel/test_xl_create.py::TestGetNestedValue::test_get_nested_value_with_single_key PASSED
tests/arb/utils/excel/test_xl_create.py::TestGetNestedValue::test_get_nested_value_with_nested_keys PASSED
tests/arb/utils/excel/test_xl_create.py::TestGetNestedValue::test_get_nested_value_with_missing_keys PASSED
tests/arb/utils/excel/test_xl_create.py::TestGetNestedValue::test_get_nested_value_with_empty_data PASSED
tests/arb/utils/excel/test_xl_create.py::TestGetNestedValue::test_get_nested_value_with_various_types PASSED
tests/arb/utils/excel/test_xl_create.py::TestGetNestedValue::test_get_nested_value_with_list_indices PASSED
tests/arb/utils/excel/test_xl_create.py::TestGetNestedValue::test_get_nested_value_edge_cases PASSED
tests/arb/utils/excel/test_xl_create.py::TestPleaseSelectConstant::test_please_select_constant_value PASSED
tests/arb/utils/excel/test_xl_create.py::TestPleaseSelectConstant::test_please_select_constant_usage PASSED
tests/arb/utils/excel/test_xl_create.py::TestPleaseSelectConstant::test_please_select_constant_immutability PASSED
tests/arb/utils/excel/test_xl_create.py::TestExcelTemplatesConstant::test_excel_templates_constant_structure PASSED
tests/arb/utils/excel/test_xl_create.py::TestExcelTemplatesConstant::test_excel_templates_constant_content PASSED
tests/arb/utils/excel/test_xl_create.py::TestExcelTemplatesConstant::test_excel_templates_constant_uniqueness PASSED
tests/arb/utils/excel/test_xl_create.py::TestExcelTemplatesConstant::test_excel_templates_constant_format PASSED
tests/arb/utils/excel/test_xl_create.py::TestExcelTemplatesConstant::test_excel_templates_constant_usage PASSED
tests/arb/utils/excel/test_xl_create.py::TestFileStructureConstants::test_project_root_constant PASSED
tests/arb/utils/excel/test_xl_create.py::TestFileStructureConstants::test_processed_versions_constant PASSED
tests/arb/utils/excel/test_xl_create.py::TestFileStructureConstants::test_feedback_forms_constant PASSED
tests/arb/utils/excel/test_xl_create.py::TestFileStructureConstants::test_current_versions_constant PASSED
tests/arb/utils/excel/test_xl_create.py::TestFileStructureConstants::test_file_structure_hierarchy PASSED
tests/arb/utils/excel/test_xl_create.py::TestFileStructureConstants::test_file_structure_paths_exist PASSED
tests/arb/utils/excel/test_xl_create.py::TestXlAddressSort::test_xl_address_sort_with_valid_addresses PASSED
tests/arb/utils/excel/test_xl_create.py::TestXlAddressSort::test_xl_address_sort_with_different_address_locations PASSED
tests/arb/utils/excel/test_xl_create.py::TestXlAddressSort::test_xl_address_sort_with_nested_sub_keys PASSED
tests/arb/utils/excel/test_xl_create.py::TestXlAddressSort::test_xl_address_sort_with_invalid_addresses PASSED
tests/arb/utils/excel/test_xl_create.py::TestXlAddressSort::test_xl_address_sort_with_invalid_parameters PASSED
tests/arb/utils/excel/test_xl_create.py::TestXlAddressSort::test_xl_address_sort_edge_cases PASSED
tests/arb/utils/excel/test_xl_create.py::TestXlAddressSort::test_xl_address_sort_with_double_column_addresses PASSED
tests/arb/utils/excel/test_xl_create.py::TestGetExcelRowColumn::test_get_excel_row_column_with_valid_addresses PASSED
tests/arb/utils/excel/test_xl_create.py::TestGetExcelRowColumn::test_get_excel_row_column_with_single_column_addresses PASSED
tests/arb/utils/excel/test_xl_create.py::TestGetExcelRowColumn::test_get_excel_row_column_with_double_column_addresses PASSED
tests/arb/utils/excel/test_xl_create.py::TestGetExcelRowColumn::test_get_excel_row_column_with_large_row_numbers PASSED
tests/arb/utils/excel/test_xl_create.py::TestGetExcelRowColumn::test_get_excel_row_column_with_invalid_addresses PASSED
tests/arb/utils/excel/test_xl_create.py::TestGetExcelRowColumn::test_get_excel_row_column_edge_cases PASSED
tests/arb/utils/excel/test_xl_create.py::TestGetExcelRowColumn::test_get_excel_row_column_column_ordering PASSED
tests/arb/utils/excel/test_xl_create.py::TestJinja2Import::test_jinja2_import PASSED
tests/arb/utils/excel/test_xl_create.py::TestJinja2Import::test_jinja2_template_rendering PASSED
tests/arb/utils/excel/test_xl_create.py::TestJinja2Import::test_jinja2_conditional_logic PASSED
tests/arb/utils/excel/test_xl_create.py::TestJinja2Import::test_jinja2_loops PASSED
tests/arb/utils/excel/test_xl_create.py::TestZipfileImport::test_zipfile_import PASSED
tests/arb/utils/excel/test_xl_create.py::TestZipfileImport::test_zipfile_basic_functionality PASSED
tests/arb/utils/excel/test_xl_create.py::TestZipfileImport::test_zipfile_context_manager PASSED
tests/arb/utils/excel/test_xl_create.py::TestShutilImport::test_shutil_import PASSED
tests/arb/utils/excel/test_xl_create.py::TestShutilImport::test_shutil_copy_functionality PASSED
tests/arb/utils/excel/test_xl_create.py::TestShutilImport::test_shutil_copy_error_handling PASSED
tests/arb/utils/excel/test_xl_create.py::TestFunctoolsPartial::test_functools_partial_import PASSED
tests/arb/utils/excel/test_xl_create.py::TestFunctoolsPartial::test_partial_basic_functionality PASSED
tests/arb/utils/excel/test_xl_create.py::TestFunctoolsPartial::test_partial_with_multiple_fixed_args PASSED
tests/arb/utils/excel/test_xl_create.py::TestFunctoolsPartial::test_partial_with_keyword_arguments PASSED
tests/arb/utils/excel/test_xl_create.py::TestFunctoolsPartial::test_partial_in_sorting_context PASSED
tests/arb/utils/excel/test_xl_create.py::TestLoggingImport::test_logging_import PASSED
tests/arb/utils/excel/test_xl_create.py::TestLoggingImport::test_logging_getlogger PASSED
tests/arb/utils/excel/test_xl_create.py::TestLoggingImport::test_logging_levels PASSED
tests/arb/utils/excel/test_xl_create.py::TestLoggingImport::test_logging_basic_config PASSED
tests/arb/utils/excel/test_xl_create.py::TestSysImport::test_sys_import PASSED
tests/arb/utils/excel/test_xl_create.py::TestSysImport::test_sys_version PASSED
tests/arb/utils/excel/test_xl_create.py::TestSysImport::test_sys_platform PASSED
tests/arb/utils/excel/test_xl_create.py::TestSysImport::test_sys_path PASSED
tests/arb/utils/excel/test_xl_create.py::TestSysImport::test_sys_exit PASSED
tests/arb/utils/excel/test_xl_create.py::TestPathImport::test_path_import PASSED
tests/arb/utils/excel/test_xl_create.py::TestPathImport::test_path_creation PASSED
tests/arb/utils/excel/test_xl_create.py::TestPathImport::test_path_operations PASSED
tests/arb/utils/excel/test_xl_create.py::TestPathImport::test_path_methods PASSED
tests/arb/utils/excel/test_xl_create.py::TestPathImport::test_path_comparison PASSED
tests/arb/utils/excel/test_xl_create.py::TestPathImport::test_path_string_conversion PASSED
tests/arb/utils/excel/test_xl_create.py::TestPathImport::test_path_attributes PASSED
tests/arb/utils/excel/test_xl_create.py::TestJsonImport::test_json_import PASSED
tests/arb/utils/excel/test_xl_create.py::TestJsonImport::test_json_dumps_and_loads PASSED
tests/arb/utils/excel/test_xl_create.py::TestJsonImport::test_json_dump_and_load PASSED
tests/arb/utils/excel/test_xl_create.py::TestJsonImport::test_json_error_handling PASSED
tests/arb/utils/excel/test_xl_create.py::TestJsonImport::test_json_with_various_types PASSED
tests/arb/utils/excel/test_xl_create.py::TestJsonImport::test_json_pretty_printing PASSED
tests/arb/utils/excel/test_xl_create.py::TestMockOpenImport::test_mock_open_import PASSED
tests/arb/utils/excel/test_xl_create.py::TestMockOpenImport::test_mock_open_basic_functionality PASSED
tests/arb/utils/excel/test_xl_create.py::TestMockOpenImport::test_mock_open_with_read_data PASSED
tests/arb/utils/excel/test_xl_create.py::TestMockOpenImport::test_mock_open_with_write_operations PASSED
tests/arb/utils/excel/test_xl_create.py::TestMockOpenImport::test_mock_open_context_manager PASSED
tests/arb/utils/excel/test_xl_create.py::TestMockOpenImport::test_mock_open_file_modes PASSED
tests/arb/utils/excel/test_xl_create.py::TestMockOpenImport::test_mock_open_error_simulation PASSED
tests/arb/utils/excel/test_xl_create.py::TestMockOpenImport::test_mock_open_multiple_files PASSED
tests/arb/utils/excel/test_xl_create.py::TestMockImport::test_mock_import PASSED
tests/arb/utils/excel/test_xl_create.py::TestMockImport::test_mock_basic_creation PASSED
tests/arb/utils/excel/test_xl_create.py::TestMockImport::test_mock_attribute_access PASSED
tests/arb/utils/excel/test_xl_create.py::TestMockImport::test_mock_return_value PASSED
tests/arb/utils/excel/test_xl_create.py::TestMockImport::test_mock_side_effect PASSED
tests/arb/utils/excel/test_xl_create.py::TestMockImport::test_mock_call_tracking PASSED
tests/arb/utils/excel/test_xl_create.py::TestMockImport::test_mock_assertions PASSED
tests/arb/utils/excel/test_xl_create.py::TestMockImport::test_mock_context_manager PASSED
tests/arb/utils/excel/test_xl_create.py::TestMockImport::test_mock_iterable PASSED
tests/arb/utils/excel/test_xl_create.py::TestMockImport::test_mock_comparison PASSED
tests/arb/utils/excel/test_xl_create.py::TestPatchImport::test_patch_import PASSED
tests/arb/utils/excel/test_xl_create.py::TestPatchImport::test_patch_basic_functionality PASSED
tests/arb/utils/excel/test_xl_create.py::TestPatchImport::test_patch_as_decorator PASSED
tests/arb/utils/excel/test_xl_create.py::TestPatchImport::test_patch_with_context_manager PASSED
tests/arb/utils/excel/test_xl_create.py::TestPatchImport::test_patch_with_specific_target PASSED
tests/arb/utils/excel/test_xl_create.py::TestPatchImport::test_patch_with_side_effect PASSED
tests/arb/utils/excel/test_xl_create.py::TestPatchImport::test_patch_with_return_value PASSED
tests/arb/utils/excel/test_xl_create.py::TestPatchImport::test_patch_multiple_targets PASSED
tests/arb/utils/excel/test_xl_create.py::TestPatchImport::test_patch_error_handling PASSED
tests/arb/utils/excel/test_xl_create.py::TestPatchImport::test_patch_autospec PASSED
tests/arb/utils/excel/test_xl_create.py::TestPytestImport::test_pytest_import PASSED
tests/arb/utils/excel/test_xl_create.py::TestPytestImport::test_pytest_raises PASSED
tests/arb/utils/excel/test_xl_create.py::TestPytestImport::test_pytest_raises_with_match PASSED
tests/arb/utils/excel/test_xl_create.py::TestPytestImport::test_pytest_raises_with_exception_info PASSED
tests/arb/utils/excel/test_xl_create.py::TestPytestImport::test_pytest_raises_no_exception PASSED
tests/arb/utils/excel/test_xl_create.py::TestPytestImport::test_pytest_raises_multiple_exceptions PASSED
tests/arb/utils/excel/test_xl_create.py::TestPytestImport::test_pytest_raises_context_manager PASSED
tests/arb/utils/excel/test_xl_create.py::TestPytestImport::test_pytest_raises_with_custom_exception PASSED
tests/arb/utils/excel/test_xl_create.py::TestPytestImport::test_pytest_raises_integration PASSED
tests/arb/utils/excel/test_xl_misc.py::TestGetExcelRowColumn::test_function_exists PASSED
tests/arb/utils/excel/test_xl_misc.py::TestGetExcelRowColumn::test_function_signature PASSED
tests/arb/utils/excel/test_xl_misc.py::TestGetExcelRowColumn::test_get_excel_row_column_basic_addresses PASSED
tests/arb/utils/excel/test_xl_misc.py::TestGetExcelRowColumn::test_get_excel_row_column_edge_cases PASSED
tests/arb/utils/excel/test_xl_misc.py::TestGetExcelRowColumn::test_get_excel_row_column_invalid_addresses PASSED
tests/arb/utils/excel/test_xl_misc.py::TestGetExcelRowColumn::test_get_excel_row_column_with_whitespace PASSED
tests/arb/utils/excel/test_xl_misc.py::TestGetExcelRowColumn::test_get_excel_row_column_with_special_characters PASSED
tests/arb/utils/excel/test_xl_misc.py::TestGetExcelRowColumn::test_get_excel_row_column_performance PASSED
tests/arb/utils/excel/test_xl_misc.py::TestXlAddressSort::test_function_exists PASSED
tests/arb/utils/excel/test_xl_misc.py::TestXlAddressSort::test_function_signature PASSED
tests/arb/utils/excel/test_xl_misc.py::TestXlAddressSort::test_xl_address_sort_by_row PASSED
tests/arb/utils/excel/test_xl_misc.py::TestXlAddressSort::test_xl_address_sort_by_column PASSED
tests/arb/utils/excel/test_xl_misc.py::TestXlAddressSort::test_xl_address_sort_with_sub_keys PASSED
tests/arb/utils/excel/test_xl_misc.py::TestXlAddressSort::test_xl_address_sort_empty_data PASSED
tests/arb/utils/excel/test_xl_misc.py::TestXlAddressSort::test_xl_address_sort_single_item PASSED
tests/arb/utils/excel/test_xl_misc.py::TestXlAddressSort::test_xl_address_sort_invalid_sort_by PASSED
tests/arb/utils/excel/test_xl_misc.py::TestXlAddressSort::test_xl_address_sort_missing_address PASSED
tests/arb/utils/excel/test_xl_misc.py::TestXlAddressSort::test_xl_address_sort_with_different_address_locations PASSED
tests/arb/utils/excel/test_xl_misc.py::TestXlAddressSort::test_xl_address_sort_with_complex_nested_keys PASSED
tests/arb/utils/excel/test_xl_misc.py::TestXlAddressSort::test_xl_address_sort_with_invalid_address_format PASSED
tests/arb/utils/excel/test_xl_misc.py::TestXlAddressSort::test_xl_address_sort_with_none_values PASSED
tests/arb/utils/excel/test_xl_misc.py::TestXlAddressSort::test_xl_address_sort_with_empty_string_values PASSED
tests/arb/utils/excel/test_xl_misc.py::TestXlAddressSort::test_xl_address_sort_performance PASSED
tests/arb/utils/excel/test_xl_misc.py::TestRunDiagnostics::test_function_exists PASSED
tests/arb/utils/excel/test_xl_misc.py::TestRunDiagnostics::test_function_signature PASSED
tests/arb/utils/excel/test_xl_misc.py::TestRunDiagnostics::test_run_diagnostics_success === Testing get_excel_row_column ===
  Address: $C$42 => ('A', 1)
  Address: $AA$99 => ('A', 1)

=== Testing get_excel_row_column (invalid formats) ===
  UNEXPECTED SUCCESS: A$1 => ('A', 1)
  UNEXPECTED SUCCESS: $A1 => ('A', 1)
  UNEXPECTED SUCCESS: $A$1$ => ('A', 1)
  UNEXPECTED SUCCESS: $AB$ => ('A', 1)
  UNEXPECTED SUCCESS: $AB$XYZ => ('A', 1)

=== Testing xl_address_sort ===
  Tuple: ('$B$10', 'Example') => Row: {'test': 'sorted'}
  Tuple: ('key', {'nested': {'cell': '$D$20'}}) => Row: {'test': 'sorted'}
PASSED
tests/arb/utils/excel/test_xl_misc.py::TestRunDiagnostics::test_run_diagnostics_with_errors === Testing get_excel_row_column ===
  ERROR for $C$42: Test error
  ERROR for $AA$99: Test error

=== Testing get_excel_row_column (invalid formats) ===
  Expected failure for A$1: Test error
  Expected failure for $A1: Test error
  Expected failure for $A$1$: Test error
  Expected failure for $AB$: Test error
  Expected failure for $AB$XYZ: Test error

=== Testing xl_address_sort ===
PASSED
tests/arb/utils/excel/test_xl_misc.py::TestRunDiagnostics::test_run_diagnostics_multiple_calls === Testing get_excel_row_column ===
  Address: $C$42 => ('A', 1)
  Address: $AA$99 => ('A', 1)

=== Testing get_excel_row_column (invalid formats) ===
  UNEXPECTED SUCCESS: A$1 => ('A', 1)
  UNEXPECTED SUCCESS: $A1 => ('A', 1)
  UNEXPECTED SUCCESS: $A$1$ => ('A', 1)
  UNEXPECTED SUCCESS: $AB$ => ('A', 1)
  UNEXPECTED SUCCESS: $AB$XYZ => ('A', 1)

=== Testing xl_address_sort ===
  Tuple: ('$B$10', 'Example') => Row: {'test': 'sorted'}
  Tuple: ('key', {'nested': {'cell': '$D$20'}}) => Row: {'test': 'sorted'}
=== Testing get_excel_row_column ===
  Address: $C$42 => ('A', 1)
  Address: $AA$99 => ('A', 1)

=== Testing get_excel_row_column (invalid formats) ===
  UNEXPECTED SUCCESS: A$1 => ('A', 1)
  UNEXPECTED SUCCESS: $A1 => ('A', 1)
  UNEXPECTED SUCCESS: $A$1$ => ('A', 1)
  UNEXPECTED SUCCESS: $AB$ => ('A', 1)
  UNEXPECTED SUCCESS: $AB$XYZ => ('A', 1)

=== Testing xl_address_sort ===
  Tuple: ('$B$10', 'Example') => Row: {'test': 'sorted'}
  Tuple: ('key', {'nested': {'cell': '$D$20'}}) => Row: {'test': 'sorted'}
=== Testing get_excel_row_column ===
  Address: $C$42 => ('A', 1)
  Address: $AA$99 => ('A', 1)

=== Testing get_excel_row_column (invalid formats) ===
  UNEXPECTED SUCCESS: A$1 => ('A', 1)
  UNEXPECTED SUCCESS: $A1 => ('A', 1)
  UNEXPECTED SUCCESS: $A$1$ => ('A', 1)
  UNEXPECTED SUCCESS: $AB$ => ('A', 1)
  UNEXPECTED SUCCESS: $AB$XYZ => ('A', 1)

=== Testing xl_address_sort ===
  Tuple: ('$B$10', 'Example') => Row: {'test': 'sorted'}
  Tuple: ('key', {'nested': {'cell': '$D$20'}}) => Row: {'test': 'sorted'}
PASSED
tests/arb/utils/excel/test_xl_misc.py::TestXlMiscIntegration::test_address_parsing_and_sorting_integration PASSED
tests/arb/utils/excel/test_xl_misc.py::TestXlMiscIntegration::test_error_handling_integration PASSED
tests/arb/utils/excel/test_xl_misc.py::TestXlMiscIntegration::test_performance_with_large_datasets PASSED
tests/arb/utils/excel/test_xl_misc.py::TestXlMiscIntegration::test_edge_case_integration PASSED
tests/arb/utils/excel/test_xl_misc.py::TestEdgeCases::test_extremely_large_row_numbers PASSED
tests/arb/utils/excel/test_xl_misc.py::TestEdgeCases::test_extremely_large_column_letters PASSED
tests/arb/utils/excel/test_xl_misc.py::TestEdgeCases::test_mixed_case_column_letters PASSED
tests/arb/utils/excel/test_xl_misc.py::TestErrorHandling::test_malformed_addresses PASSED
tests/arb/utils/excel/test_xl_misc.py::TestErrorHandling::test_invalid_sort_parameters PASSED
tests/arb/utils/excel/test_xl_misc.py::TestErrorHandling::test_missing_or_invalid_sub_keys PASSED
tests/arb/utils/excel/test_xl_misc.py::TestPerformance::test_large_number_of_addresses PASSED
tests/arb/utils/excel/test_xl_misc.py::TestPerformance::test_large_number_of_sort_operations PASSED
tests/arb/utils/excel/test_xl_misc.py::TestCompatibility::test_string_vs_path_inputs PASSED
tests/arb/utils/excel/test_xl_misc.py::TestCompatibility::test_unicode_handling PASSED
tests/arb/utils/excel/test_xl_misc.py::TestCompatibility::test_whitespace_handling PASSED
tests/arb/utils/excel/test_xl_misc.py::TestDocumentation::test_function_docstrings PASSED
tests/arb/utils/excel/test_xl_misc.py::TestDocumentation::test_class_docstrings PASSED
tests/arb/utils/excel/test_xl_misc.py::TestDocumentation::test_method_docstrings PASSED
tests/arb/utils/excel/test_xl_parse.py::TestParseXlFile::test_function_exists PASSED
tests/arb/utils/excel/test_xl_parse.py::TestParseXlFile::test_function_signature PASSED
tests/arb/utils/excel/test_xl_parse.py::TestParseXlFile::test_parse_xl_file_with_mock_data PASSED
tests/arb/utils/excel/test_xl_parse.py::TestParseXlFile::test_parse_xl_file_with_invalid_path PASSED
tests/arb/utils/excel/test_xl_parse.py::TestParseXlFile::test_parse_xl_file_with_empty_workbook PASSED
tests/arb/utils/excel/test_xl_parse.py::TestParseXlFile::test_parse_xl_file_with_single_sheet PASSED
tests/arb/utils/excel/test_xl_parse.py::TestParseXlFile::test_parse_xl_file_with_corrupted_file PASSED
tests/arb/utils/excel/test_xl_parse.py::TestParseXlFile::test_parse_xl_file_with_large_workbook PASSED
tests/arb/utils/excel/test_xl_parse.py::TestParseXlFile2::test_function_exists PASSED
tests/arb/utils/excel/test_xl_parse.py::TestParseXlFile2::test_function_signature PASSED
tests/arb/utils/excel/test_xl_parse.py::TestParseXlFile2::test_parse_xl_file_2_with_mock_data PASSED
tests/arb/utils/excel/test_xl_parse.py::TestParseXlFile2::test_parse_xl_file_2_with_invalid_path PASSED
tests/arb/utils/excel/test_xl_parse.py::TestParseXlFile2::test_parse_xl_file_2_with_empty_workbook PASSED
tests/arb/utils/excel/test_xl_parse.py::TestParseXlFile2::test_parse_xl_file_2_with_corrupted_file PASSED
tests/arb/utils/excel/test_xl_parse.py::TestParseXlFile2::test_parse_xl_file_2_with_large_workbook PASSED
tests/arb/utils/excel/test_xl_parse.py::TestExtractTabs::test_function_exists PASSED
tests/arb/utils/excel/test_xl_parse.py::TestExtractTabs::test_function_signature PASSED
tests/arb/utils/excel/test_xl_parse.py::TestExtractTabs::test_extract_tabs_with_mock_data PASSED
tests/arb/utils/excel/test_xl_parse.py::TestExtractTabs::test_extract_tabs_with_empty_schemas PASSED
tests/arb/utils/excel/test_xl_parse.py::TestExtractTabs::test_extract_tabs_with_complex_schemas PASSED
tests/arb/utils/excel/test_xl_parse.py::TestExtractTabs::test_extract_tabs_with_none_schema_map PASSED
tests/arb/utils/excel/test_xl_parse.py::TestExtractTabs::test_extract_tabs_with_empty_workbook PASSED
tests/arb/utils/excel/test_xl_parse.py::TestExtractTabs2::test_function_exists PASSED
tests/arb/utils/excel/test_xl_parse.py::TestExtractTabs2::test_function_signature PASSED
tests/arb/utils/excel/test_xl_parse.py::TestExtractTabs2::test_extract_tabs_2_with_mock_data PASSED
tests/arb/utils/excel/test_xl_parse.py::TestExtractTabs2::test_extract_tabs_2_with_empty_schemas PASSED
tests/arb/utils/excel/test_xl_parse.py::TestExtractTabs2::test_extract_tabs_2_with_complex_schemas PASSED
tests/arb/utils/excel/test_xl_parse.py::TestExtractTabs2::test_extract_tabs_2_with_none_schema_map PASSED
tests/arb/utils/excel/test_xl_parse.py::TestExtractTabs2::test_extract_tabs_2_with_empty_workbook PASSED
tests/arb/utils/excel/test_xl_parse.py::TestGetSpreadsheetKeyValuePairs::test_function_exists PASSED
tests/arb/utils/excel/test_xl_parse.py::TestGetSpreadsheetKeyValuePairs::test_function_signature PASSED
tests/arb/utils/excel/test_xl_parse.py::TestGetSpreadsheetKeyValuePairs::test_get_spreadsheet_key_value_pairs_with_mock_worksheet PASSED
tests/arb/utils/excel/test_xl_parse.py::TestGetSpreadsheetKeyValuePairs::test_get_spreadsheet_key_value_pairs_with_empty_worksheet PASSED
tests/arb/utils/excel/test_xl_parse.py::TestGetSpreadsheetKeyValuePairs::test_get_spreadsheet_key_value_pairs_with_single_key_value PASSED
tests/arb/utils/excel/test_xl_parse.py::TestGetSpreadsheetKeyValuePairs::test_get_spreadsheet_key_value_pairs_with_multiple_key_values PASSED
tests/arb/utils/excel/test_xl_parse.py::TestGetSpreadsheetKeyValuePairs::test_get_spreadsheet_key_value_pairs_with_invalid_cell_reference PASSED
tests/arb/utils/excel/test_xl_parse.py::TestGetSpreadsheetKeyValuePairs::test_get_spreadsheet_key_value_pairs_with_none_values PASSED
tests/arb/utils/excel/test_xl_parse.py::TestGetSpreadsheetKeyValuePairs2::test_function_exists PASSED
tests/arb/utils/excel/test_xl_parse.py::TestGetSpreadsheetKeyValuePairs2::test_function_signature PASSED
tests/arb/utils/excel/test_xl_parse.py::TestGetSpreadsheetKeyValuePairs2::test_get_spreadsheet_key_value_pairs_2_with_mock_worksheet PASSED
tests/arb/utils/excel/test_xl_parse.py::TestGetSpreadsheetKeyValuePairs2::test_get_spreadsheet_key_value_pairs_2_with_empty_worksheet PASSED
tests/arb/utils/excel/test_xl_parse.py::TestGetSpreadsheetKeyValuePairs2::test_get_spreadsheet_key_value_pairs_2_with_single_key_value PASSED
tests/arb/utils/excel/test_xl_parse.py::TestGetSpreadsheetKeyValuePairs2::test_get_spreadsheet_key_value_pairs_2_with_multiple_key_values PASSED
tests/arb/utils/excel/test_xl_parse.py::TestGetSpreadsheetKeyValuePairs2::test_get_spreadsheet_key_value_pairs_2_with_invalid_cell_reference PASSED
tests/arb/utils/excel/test_xl_parse.py::TestGetSpreadsheetKeyValuePairs2::test_get_spreadsheet_key_value_pairs_2_with_none_values PASSED
tests/arb/utils/excel/test_xl_parse.py::TestEnsureSchema::test_function_exists PASSED
tests/arb/utils/excel/test_xl_parse.py::TestEnsureSchema::test_ensure_schema_with_valid_schema PASSED
tests/arb/utils/excel/test_xl_parse.py::TestEnsureSchema::test_ensure_schema_with_missing_schema PASSED
tests/arb/utils/excel/test_xl_parse.py::TestEnsureSchema::test_ensure_schema_with_schema_alias PASSED
tests/arb/utils/excel/test_xl_parse.py::TestEnsureSchema::test_ensure_schema_with_none_schema_map PASSED
tests/arb/utils/excel/test_xl_parse.py::TestEnsureSchema::test_ensure_schema_with_empty_schema_map PASSED
tests/arb/utils/excel/test_xl_parse.py::TestEnsureSchema::test_ensure_schema_with_none_schema_alias PASSED
tests/arb/utils/excel/test_xl_parse.py::TestEnsureSchema::test_ensure_schema_with_empty_schema_alias PASSED
tests/arb/utils/excel/test_xl_parse.py::TestEnsureSchema::test_ensure_schema_with_complex_schema_map PASSED
tests/arb/utils/excel/test_xl_parse.py::TestEnsureSchema::test_ensure_schema_with_complex_schema_alias PASSED
tests/arb/utils/excel/test_xl_parse.py::TestSplitCompoundKeys::test_function_exists PASSED
tests/arb/utils/excel/test_xl_parse.py::TestSplitCompoundKeys::test_split_compound_keys_with_lat_long PASSED
tests/arb/utils/excel/test_xl_parse.py::TestSplitCompoundKeys::test_split_compound_keys_with_empty_lat_long PASSED
tests/arb/utils/excel/test_xl_parse.py::TestSplitCompoundKeys::test_split_compound_keys_with_single_coordinate PASSED
tests/arb/utils/excel/test_xl_parse.py::TestSplitCompoundKeys::test_split_compound_keys_with_extra_commas PASSED
tests/arb/utils/excel/test_xl_parse.py::TestSplitCompoundKeys::test_split_compound_keys_with_whitespace PASSED
tests/arb/utils/excel/test_xl_parse.py::TestSplitCompoundKeys::test_split_compound_keys_with_no_lat_long_key PASSED
tests/arb/utils/excel/test_xl_parse.py::TestSplitCompoundKeys::test_split_compound_keys_with_none_value PASSED
tests/arb/utils/excel/test_xl_parse.py::TestSplitCompoundKeys::test_split_compound_keys_with_non_string_value PASSED
tests/arb/utils/excel/test_xl_parse.py::TestSplitCompoundKeys::test_split_compound_keys_with_empty_dict PASSED
tests/arb/utils/excel/test_xl_parse.py::TestSplitCompoundKeys::test_split_compound_keys_with_multiple_lat_long_keys PASSED
tests/arb/utils/excel/test_xl_parse.py::TestConvertUploadToJson::test_function_exists PASSED
tests/arb/utils/excel/test_xl_parse.py::TestConvertUploadToJson::test_convert_upload_to_json_with_mock_data PASSED
tests/arb/utils/excel/test_xl_parse.py::TestConvertUploadToJson::test_convert_upload_to_json_with_complex_data PASSED
tests/arb/utils/excel/test_xl_parse.py::TestConvertUploadToJson::test_convert_upload_to_json_with_parse_error PASSED
tests/arb/utils/excel/test_xl_parse.py::TestConvertUploadToJson::test_convert_upload_to_json_with_save_error PASSED
tests/arb/utils/excel/test_xl_parse.py::TestConvertUploadToJson::test_convert_upload_to_json_with_different_paths PASSED
tests/arb/utils/excel/test_xl_parse.py::TestConvertUploadToJson::test_convert_upload_to_json_with_empty_data PASSED
tests/arb/utils/excel/test_xl_parse.py::TestGetJsonFileNameOld::test_function_exists PASSED
tests/arb/utils/excel/test_xl_parse.py::TestGetJsonFileNameOld::test_get_json_file_name_old_with_xlsx_file PASSED
tests/arb/utils/excel/test_xl_parse.py::TestGetJsonFileNameOld::test_get_json_file_name_old_with_xls_file PASSED
tests/arb/utils/excel/test_xl_parse.py::TestGetJsonFileNameOld::test_get_json_file_name_old_with_other_extension PASSED
tests/arb/utils/excel/test_xl_parse.py::TestGetJsonFileNameOld::test_get_json_file_name_old_with_complex_xlsx_file PASSED
tests/arb/utils/excel/test_xl_parse.py::TestGetJsonFileNameOld::test_get_json_file_name_old_with_parse_error PASSED
tests/arb/utils/excel/test_xl_parse.py::TestGetJsonFileNameOld::test_get_json_file_name_old_with_save_error PASSED
tests/arb/utils/excel/test_xl_parse.py::TestGetJsonFileNameOld::test_get_json_file_name_old_with_different_paths PASSED
tests/arb/utils/excel/test_xl_parse.py::TestGetJsonFileNameOld::test_get_json_file_name_old_with_empty_data PASSED
tests/arb/utils/excel/test_xl_parse.py::TestGetJsonFileNameOld::test_get_json_file_name_old_with_none_path PASSED
tests/arb/utils/excel/test_xl_parse.py::TestGetJsonFileNameOld::test_get_json_file_name_old_with_string_path PASSED
tests/arb/utils/excel/test_xl_parse.py::TestFunctionEquivalence::test_parse_xl_file_equivalence PASSED
tests/arb/utils/excel/test_xl_parse.py::TestFunctionEquivalence::test_extract_tabs_equivalence PASSED
tests/arb/utils/excel/test_xl_parse.py::TestFunctionEquivalence::test_get_spreadsheet_key_value_pairs_equivalence PASSED
tests/arb/utils/excel/test_xl_parse.py::TestFunctionEquivalence::test_function_behavior_equivalence PASSED
tests/arb/utils/excel/test_xl_parse.py::TestFunctionEquivalence::test_function_documentation_equivalence PASSED
tests/arb/utils/excel/test_xl_parse.py::TestEdgeCases::test_parse_xl_file_with_very_long_filename PASSED
tests/arb/utils/excel/test_xl_parse.py::TestEdgeCases::test_parse_xl_file_with_special_characters PASSED
tests/arb/utils/excel/test_xl_parse.py::TestEdgeCases::test_parse_xl_file_with_unicode_characters PASSED
tests/arb/utils/excel/test_xl_parse.py::TestErrorHandling::test_parse_xl_file_with_permission_error PASSED
tests/arb/utils/excel/test_xl_parse.py::TestErrorHandling::test_parse_xl_file_with_disk_full_error PASSED
tests/arb/utils/excel/test_xl_parse.py::TestErrorHandling::test_parse_xl_file_with_network_error PASSED
tests/arb/utils/excel/test_xl_parse.py::TestIntegration::test_end_to_end_workflow PASSED
tests/arb/utils/excel/test_xl_parse.py::TestIntegration::test_function_chain_consistency PASSED
tests/arb/utils/excel/test_xl_parse.py::TestPerformance::test_large_file_performance PASSED
tests/arb/utils/excel/test_xl_parse.py::TestPerformance::test_memory_usage PASSED
tests/arb/utils/excel/test_xl_parse.py::TestCompatibility::test_excel_version_compatibility PASSED
tests/arb/utils/excel/test_xl_parse.py::TestCompatibility::test_file_format_compatibility PASSED
tests/arb/utils/excel/test_xl_parse.py::TestSecurity::test_path_traversal_protection PASSED
tests/arb/utils/excel/test_xl_parse.py::TestSecurity::test_malicious_file_handling PASSED
tests/arb/utils/excel/test_xl_parse.py::TestLogging::test_logging_verbosity PASSED
tests/arb/utils/excel/test_xl_parse.py::TestLogging::test_error_logging PASSED
tests/arb/utils/excel/test_xl_parse.py::TestDataValidation::test_data_type_validation PASSED
tests/arb/utils/excel/test_xl_parse.py::TestDataValidation::test_data_range_validation PASSED
tests/arb/utils/excel/test_xl_parse.py::TestDataValidation::test_data_format_validation PASSED
tests/arb/utils/excel/test_xl_parse.py::TestBoundaryConditions::test_empty_file_boundary PASSED
tests/arb/utils/excel/test_xl_parse.py::TestBoundaryConditions::test_single_cell_boundary PASSED
tests/arb/utils/excel/test_xl_parse.py::TestBoundaryConditions::test_maximum_size_boundary PASSED
tests/arb/utils/excel/test_xl_parse.py::TestStressTesting::test_concurrent_access PASSED
tests/arb/utils/excel/test_xl_parse.py::TestStressTesting::test_rapid_file_access PASSED
tests/arb/utils/excel/test_xl_parse.py::TestStressTesting::test_memory_pressure PASSED
tests/arb/utils/excel/test_xl_parse.py::TestRegressionTesting::test_known_bug_fixes PASSED
tests/arb/utils/excel/test_xl_parse.py::TestRegressionTesting::test_functionality_preservation PASSED
tests/arb/utils/excel/test_xl_parse.py::TestDocumentation::test_function_documentation PASSED
tests/arb/utils/excel/test_xl_parse.py::TestDocumentation::test_example_accuracy PASSED
tests/arb/utils/excel/test_xl_parse.py::TestMaintenance::test_code_style PASSED
tests/arb/utils/excel/test_xl_parse.py::TestMaintenance::test_code_complexity PASSED

============================== slowest durations ===============================
0.28s call     tests/arb/utils/excel/test_excel_functional_equivalence.py::TestExcelFunctionEquivalence::test_parse_xl_file_with_bad_data
0.07s call     tests/arb/utils/excel/test_excel_functional_equivalence.py::TestExcelFunctionEquivalence::test_parse_xl_file_with_good_data
0.06s call     tests/arb/utils/excel/test_excel_functional_equivalence.py::TestExcelFunctionEquivalence::test_parse_xl_file_with_blank_file
0.05s call     tests/arb/utils/excel/test_excel_functional_equivalence.py::TestExcelFunctionEquivalence::test_get_spreadsheet_key_value_pairs_equivalence
0.05s call     tests/arb/utils/excel/test_excel_functional_equivalence.py::TestExcelFunctionEquivalence::test_extract_tabs_equivalence
0.02s call     tests/arb/utils/excel/test_xl_create.py::TestEnsureParentDirs::test_ensure_parent_dirs_with_root_path

(1448 durations < 0.005s hidden.  Use -vv to show these durations.)
======================== 484 passed, 1 skipped in 1.04s ========================
