============================= test session starts =============================
platform win32 -- Python 3.11.13, pytest-8.4.1, pluggy-1.6.0 -- C:\Users\tonyh\miniconda3\envs\mini_conda_01\python.exe
cachedir: .pytest_cache
rootdir: D:\local\cursor\feedback_portal
configfile: pytest.ini
plugins: anyio-4.7.0, asyncio-1.1.0, base-url-2.1.0, playwright-0.7.0
asyncio: mode=Mode.STRICT, asyncio_default_fixture_loop_scope=None, asyncio_default_test_loop_scope=function
collecting ... collected 107 items

tests/e2e/test_excel_upload_playwright_pytest.py::TestExcelUpload::test_upload_page_loads[chromium] PASSED [  0%]
tests/e2e/test_excel_upload_playwright_pytest.py::TestExcelUpload::test_file_input_exists[chromium] PASSED [  1%]
tests/e2e/test_excel_upload_playwright_pytest.py::TestExcelUpload::test_drop_zone_exists[chromium] PASSED [  2%]
tests/e2e/test_excel_upload_playwright_pytest.py::TestExcelUpload::test_file_upload_workflow[chromium-feedback_forms\\testing_versions\\standard\\dairy_digester_operator_feedback_v006_test_01_good_data.xlsx] PASSED [  3%]
tests/e2e/test_excel_upload_playwright_pytest.py::TestExcelUpload::test_invalid_file_upload[chromium] PASSED [  4%]
tests/e2e/test_excel_upload_playwright_pytest.py::TestExcelUpload::test_empty_file_upload[chromium] PASSED [  5%]
tests/e2e/test_excel_upload_playwright_pytest.py::TestExcelUpload::test_large_file_upload[chromium] PASSED [  6%]
tests/e2e/test_excel_upload_playwright_pytest.py::TestUploadPageElements::test_page_structure[chromium] PASSED [  7%]
tests/e2e/test_excel_upload_playwright_pytest.py::TestUploadPageElements::test_form_structure[chromium] PASSED [  8%]
tests/e2e/test_excel_upload_playwright_pytest.py::TestUploadPageElements::test_accessibility_features[chromium] PASSED [  9%]
tests/e2e/test_excel_upload_playwright_pytest.py::test_excel_upload_deep_backend_validation[chromium-feedback_forms\\testing_versions\\standard\\dairy_digester_operator_feedback_v006_test_01_good_data.xlsx] PASSED [ 10%]
tests/e2e/test_excel_upload_playwright_pytest.py::TestExcelUploadStaged::test_excel_upload_staged_workflow[chromium-feedback_forms\\testing_versions\\standard\\dairy_digester_operator_feedback_v006_test_01_good_data.xlsx] SKIPPED [ 11%]
tests/e2e/test_excel_upload_playwright_pytest.py::TestExcelUploadStaged::test_excel_upload_staged_discard[chromium-feedback_forms\\testing_versions\\standard\\dairy_digester_operator_feedback_v006_test_01_good_data.xlsx] SKIPPED [ 12%]
tests/e2e/test_excel_upload_playwright_pytest.py::TestExcelUploadStaged::test_discard_staged_by_filename[chromium-feedback_forms\\testing_versions\\standard\\dairy_digester_operator_feedback_v006_test_01_good_data.xlsx] SKIPPED [ 13%]
tests/e2e/test_excel_upload_playwright_pytest.py::TestExcelUploadStaged::test_multiple_staged_files_same_id[chromium-feedback_forms\\testing_versions\\standard\\dairy_digester_operator_feedback_v006_test_01_good_data.xlsx] SKIPPED [ 14%]
tests/e2e/test_excel_upload_playwright_pytest.py::TestExcelUploadStaged::test_malformed_staged_file_handling[chromium] SKIPPED [ 14%]
tests/e2e/test_excel_upload_playwright_pytest.py::test_diagnostics_overlay_on_list_staged[chromium] FAILED [ 15%]
tests/e2e/test_excel_upload_playwright_pytest.py::test_diagnostics_console_output_on_list_staged[chromium] FAILED [ 16%]
tests/e2e/test_excel_upload_playwright_pytest.py::test_diagnostics_overlay_on_diagnostic_test_page[chromium] FAILED [ 17%]
tests/e2e/test_excel_upload_playwright_pytest.py::test_list_staged_diagnostics_overlay[chromium] FAILED [ 18%]
tests/e2e/test_excel_upload_playwright_pytest.py::test_discard_staged_by_filename_with_overlay_logging[chromium-feedback_forms\\testing_versions\\standard\\dairy_digester_operator_feedback_v006_test_01_good_data.xlsx] SKIPPED [ 19%]
tests/e2e/test_excel_upload_playwright_pytest.py::test_upload_file_only[chromium] PASSED [ 20%]
tests/e2e/test_excel_upload_playwright_pytest.py::test_discard_staged_file_only[chromium] PASSED [ 21%]
tests/e2e/test_excel_upload_playwright_pytest.py::TestExcelUpload::test_file_upload_workflow[chromium-feedback_forms\\testing_versions\\standard\\dairy_digester_operator_feedback_v006_test_02_bad_data.xlsx] PASSED [ 22%]
tests/e2e/test_excel_upload_playwright_pytest.py::test_excel_upload_deep_backend_validation[chromium-feedback_forms\\testing_versions\\standard\\dairy_digester_operator_feedback_v006_test_02_bad_data.xlsx] PASSED [ 23%]
tests/e2e/test_excel_upload_playwright_pytest.py::TestExcelUploadStaged::test_excel_upload_staged_workflow[chromium-feedback_forms\\testing_versions\\standard\\dairy_digester_operator_feedback_v006_test_02_bad_data.xlsx] SKIPPED [ 24%]
tests/e2e/test_excel_upload_playwright_pytest.py::TestExcelUploadStaged::test_excel_upload_staged_discard[chromium-feedback_forms\\testing_versions\\standard\\dairy_digester_operator_feedback_v006_test_02_bad_data.xlsx] SKIPPED [ 25%]
tests/e2e/test_excel_upload_playwright_pytest.py::TestExcelUploadStaged::test_discard_staged_by_filename[chromium-feedback_forms\\testing_versions\\standard\\dairy_digester_operator_feedback_v006_test_02_bad_data.xlsx] SKIPPED [ 26%]
tests/e2e/test_excel_upload_playwright_pytest.py::TestExcelUploadStaged::test_multiple_staged_files_same_id[chromium-feedback_forms\\testing_versions\\standard\\dairy_digester_operator_feedback_v006_test_02_bad_data.xlsx] SKIPPED [ 27%]
tests/e2e/test_excel_upload_playwright_pytest.py::test_discard_staged_by_filename_with_overlay_logging[chromium-feedback_forms\\testing_versions\\standard\\dairy_digester_operator_feedback_v006_test_02_bad_data.xlsx] SKIPPED [ 28%]
tests/e2e/test_excel_upload_playwright_pytest.py::TestExcelUpload::test_file_upload_workflow[chromium-feedback_forms\\testing_versions\\standard\\dairy_digester_operator_feedback_v006_test_03_blank.xlsx] PASSED [ 28%]
tests/e2e/test_excel_upload_playwright_pytest.py::test_excel_upload_deep_backend_validation[chromium-feedback_forms\\testing_versions\\standard\\dairy_digester_operator_feedback_v006_test_03_blank.xlsx] PASSED [ 29%]
tests/e2e/test_excel_upload_playwright_pytest.py::TestExcelUploadStaged::test_excel_upload_staged_workflow[chromium-feedback_forms\\testing_versions\\standard\\dairy_digester_operator_feedback_v006_test_03_blank.xlsx] SKIPPED [ 30%]
tests/e2e/test_excel_upload_playwright_pytest.py::TestExcelUploadStaged::test_excel_upload_staged_discard[chromium-feedback_forms\\testing_versions\\standard\\dairy_digester_operator_feedback_v006_test_03_blank.xlsx] SKIPPED [ 31%]
tests/e2e/test_excel_upload_playwright_pytest.py::TestExcelUploadStaged::test_discard_staged_by_filename[chromium-feedback_forms\\testing_versions\\standard\\dairy_digester_operator_feedback_v006_test_03_blank.xlsx] SKIPPED [ 32%]
tests/e2e/test_excel_upload_playwright_pytest.py::TestExcelUploadStaged::test_multiple_staged_files_same_id[chromium-feedback_forms\\testing_versions\\standard\\dairy_digester_operator_feedback_v006_test_03_blank.xlsx] SKIPPED [ 33%]
tests/e2e/test_excel_upload_playwright_pytest.py::test_discard_staged_by_filename_with_overlay_logging[chromium-feedback_forms\\testing_versions\\standard\\dairy_digester_operator_feedback_v006_test_03_blank.xlsx] SKIPPED [ 34%]
tests/e2e/test_excel_upload_playwright_pytest.py::TestExcelUpload::test_file_upload_workflow[chromium-feedback_forms\\testing_versions\\standard\\energy_operator_feedback_v003_test_01_good_data.xlsx] PASSED [ 35%]
tests/e2e/test_excel_upload_playwright_pytest.py::test_excel_upload_deep_backend_validation[chromium-feedback_forms\\testing_versions\\standard\\energy_operator_feedback_v003_test_01_good_data.xlsx] PASSED [ 36%]
tests/e2e/test_excel_upload_playwright_pytest.py::TestExcelUploadStaged::test_excel_upload_staged_workflow[chromium-feedback_forms\\testing_versions\\standard\\energy_operator_feedback_v003_test_01_good_data.xlsx] SKIPPED [ 37%]
tests/e2e/test_excel_upload_playwright_pytest.py::TestExcelUploadStaged::test_excel_upload_staged_discard[chromium-feedback_forms\\testing_versions\\standard\\energy_operator_feedback_v003_test_01_good_data.xlsx] SKIPPED [ 38%]
tests/e2e/test_excel_upload_playwright_pytest.py::TestExcelUploadStaged::test_discard_staged_by_filename[chromium-feedback_forms\\testing_versions\\standard\\energy_operator_feedback_v003_test_01_good_data.xlsx] SKIPPED [ 39%]
tests/e2e/test_excel_upload_playwright_pytest.py::TestExcelUploadStaged::test_multiple_staged_files_same_id[chromium-feedback_forms\\testing_versions\\standard\\energy_operator_feedback_v003_test_01_good_data.xlsx] SKIPPED [ 40%]
tests/e2e/test_excel_upload_playwright_pytest.py::test_discard_staged_by_filename_with_overlay_logging[chromium-feedback_forms\\testing_versions\\standard\\energy_operator_feedback_v003_test_01_good_data.xlsx] SKIPPED [ 41%]
tests/e2e/test_excel_upload_playwright_pytest.py::TestExcelUpload::test_file_upload_workflow[chromium-feedback_forms\\testing_versions\\standard\\energy_operator_feedback_v003_test_02_bad_data.xlsx] PASSED [ 42%]
tests/e2e/test_excel_upload_playwright_pytest.py::test_excel_upload_deep_backend_validation[chromium-feedback_forms\\testing_versions\\standard\\energy_operator_feedback_v003_test_02_bad_data.xlsx] PASSED [ 42%]
tests/e2e/test_excel_upload_playwright_pytest.py::TestExcelUploadStaged::test_excel_upload_staged_workflow[chromium-feedback_forms\\testing_versions\\standard\\energy_operator_feedback_v003_test_02_bad_data.xlsx] SKIPPED [ 43%]
tests/e2e/test_excel_upload_playwright_pytest.py::TestExcelUploadStaged::test_excel_upload_staged_discard[chromium-feedback_forms\\testing_versions\\standard\\energy_operator_feedback_v003_test_02_bad_data.xlsx] SKIPPED [ 44%]
tests/e2e/test_excel_upload_playwright_pytest.py::TestExcelUploadStaged::test_discard_staged_by_filename[chromium-feedback_forms\\testing_versions\\standard\\energy_operator_feedback_v003_test_02_bad_data.xlsx] SKIPPED [ 45%]
tests/e2e/test_excel_upload_playwright_pytest.py::TestExcelUploadStaged::test_multiple_staged_files_same_id[chromium-feedback_forms\\testing_versions\\standard\\energy_operator_feedback_v003_test_02_bad_data.xlsx] SKIPPED [ 46%]
tests/e2e/test_excel_upload_playwright_pytest.py::test_discard_staged_by_filename_with_overlay_logging[chromium-feedback_forms\\testing_versions\\standard\\energy_operator_feedback_v003_test_02_bad_data.xlsx] SKIPPED [ 47%]
tests/e2e/test_excel_upload_playwright_pytest.py::TestExcelUpload::test_file_upload_workflow[chromium-feedback_forms\\testing_versions\\standard\\generic_operator_feedback_v002_test_01_good_data.xlsx] PASSED [ 48%]
tests/e2e/test_excel_upload_playwright_pytest.py::test_excel_upload_deep_backend_validation[chromium-feedback_forms\\testing_versions\\standard\\generic_operator_feedback_v002_test_01_good_data.xlsx] PASSED [ 49%]
tests/e2e/test_excel_upload_playwright_pytest.py::TestExcelUploadStaged::test_excel_upload_staged_workflow[chromium-feedback_forms\\testing_versions\\standard\\generic_operator_feedback_v002_test_01_good_data.xlsx] SKIPPED [ 50%]
tests/e2e/test_excel_upload_playwright_pytest.py::TestExcelUploadStaged::test_excel_upload_staged_discard[chromium-feedback_forms\\testing_versions\\standard\\generic_operator_feedback_v002_test_01_good_data.xlsx] SKIPPED [ 51%]
tests/e2e/test_excel_upload_playwright_pytest.py::TestExcelUploadStaged::test_discard_staged_by_filename[chromium-feedback_forms\\testing_versions\\standard\\generic_operator_feedback_v002_test_01_good_data.xlsx] SKIPPED [ 52%]
tests/e2e/test_excel_upload_playwright_pytest.py::TestExcelUploadStaged::test_multiple_staged_files_same_id[chromium-feedback_forms\\testing_versions\\standard\\generic_operator_feedback_v002_test_01_good_data.xlsx] SKIPPED [ 53%]
tests/e2e/test_excel_upload_playwright_pytest.py::test_discard_staged_by_filename_with_overlay_logging[chromium-feedback_forms\\testing_versions\\standard\\generic_operator_feedback_v002_test_01_good_data.xlsx] SKIPPED [ 54%]
tests/e2e/test_excel_upload_playwright_pytest.py::TestExcelUpload::test_file_upload_workflow[chromium-feedback_forms\\testing_versions\\standard\\generic_operator_feedback_v002_test_02_bad_data.xlsx] PASSED [ 55%]
tests/e2e/test_excel_upload_playwright_pytest.py::test_excel_upload_deep_backend_validation[chromium-feedback_forms\\testing_versions\\standard\\generic_operator_feedback_v002_test_02_bad_data.xlsx] PASSED [ 56%]
tests/e2e/test_excel_upload_playwright_pytest.py::TestExcelUploadStaged::test_excel_upload_staged_workflow[chromium-feedback_forms\\testing_versions\\standard\\generic_operator_feedback_v002_test_02_bad_data.xlsx] SKIPPED [ 57%]
tests/e2e/test_excel_upload_playwright_pytest.py::TestExcelUploadStaged::test_excel_upload_staged_discard[chromium-feedback_forms\\testing_versions\\standard\\generic_operator_feedback_v002_test_02_bad_data.xlsx] SKIPPED [ 57%]
tests/e2e/test_excel_upload_playwright_pytest.py::TestExcelUploadStaged::test_discard_staged_by_filename[chromium-feedback_forms\\testing_versions\\standard\\generic_operator_feedback_v002_test_02_bad_data.xlsx] SKIPPED [ 58%]
tests/e2e/test_excel_upload_playwright_pytest.py::TestExcelUploadStaged::test_multiple_staged_files_same_id[chromium-feedback_forms\\testing_versions\\standard\\generic_operator_feedback_v002_test_02_bad_data.xlsx] SKIPPED [ 59%]
tests/e2e/test_excel_upload_playwright_pytest.py::test_discard_staged_by_filename_with_overlay_logging[chromium-feedback_forms\\testing_versions\\standard\\generic_operator_feedback_v002_test_02_bad_data.xlsx] SKIPPED [ 60%]
tests/e2e/test_excel_upload_playwright_pytest.py::TestExcelUpload::test_file_upload_workflow[chromium-feedback_forms\\testing_versions\\standard\\landfill_operator_feedback_v070_test_01_good_data.xlsx] PASSED [ 61%]
tests/e2e/test_excel_upload_playwright_pytest.py::test_excel_upload_deep_backend_validation[chromium-feedback_forms\\testing_versions\\standard\\landfill_operator_feedback_v070_test_01_good_data.xlsx] PASSED [ 62%]
tests/e2e/test_excel_upload_playwright_pytest.py::TestExcelUploadStaged::test_excel_upload_staged_workflow[chromium-feedback_forms\\testing_versions\\standard\\landfill_operator_feedback_v070_test_01_good_data.xlsx] SKIPPED [ 63%]
tests/e2e/test_excel_upload_playwright_pytest.py::TestExcelUploadStaged::test_excel_upload_staged_discard[chromium-feedback_forms\\testing_versions\\standard\\landfill_operator_feedback_v070_test_01_good_data.xlsx] SKIPPED [ 64%]
tests/e2e/test_excel_upload_playwright_pytest.py::TestExcelUploadStaged::test_discard_staged_by_filename[chromium-feedback_forms\\testing_versions\\standard\\landfill_operator_feedback_v070_test_01_good_data.xlsx] SKIPPED [ 65%]
tests/e2e/test_excel_upload_playwright_pytest.py::TestExcelUploadStaged::test_multiple_staged_files_same_id[chromium-feedback_forms\\testing_versions\\standard\\landfill_operator_feedback_v070_test_01_good_data.xlsx] SKIPPED [ 66%]
tests/e2e/test_excel_upload_playwright_pytest.py::test_discard_staged_by_filename_with_overlay_logging[chromium-feedback_forms\\testing_versions\\standard\\landfill_operator_feedback_v070_test_01_good_data.xlsx] SKIPPED [ 67%]
tests/e2e/test_excel_upload_playwright_pytest.py::TestExcelUpload::test_file_upload_workflow[chromium-feedback_forms\\testing_versions\\standard\\landfill_operator_feedback_v070_test_02_bad_data.xlsx] PASSED [ 68%]
tests/e2e/test_excel_upload_playwright_pytest.py::test_excel_upload_deep_backend_validation[chromium-feedback_forms\\testing_versions\\standard\\landfill_operator_feedback_v070_test_02_bad_data.xlsx] PASSED [ 69%]
tests/e2e/test_excel_upload_playwright_pytest.py::TestExcelUploadStaged::test_excel_upload_staged_workflow[chromium-feedback_forms\\testing_versions\\standard\\landfill_operator_feedback_v070_test_02_bad_data.xlsx] SKIPPED [ 70%]
tests/e2e/test_excel_upload_playwright_pytest.py::TestExcelUploadStaged::test_excel_upload_staged_discard[chromium-feedback_forms\\testing_versions\\standard\\landfill_operator_feedback_v070_test_02_bad_data.xlsx] SKIPPED [ 71%]
tests/e2e/test_excel_upload_playwright_pytest.py::TestExcelUploadStaged::test_discard_staged_by_filename[chromium-feedback_forms\\testing_versions\\standard\\landfill_operator_feedback_v070_test_02_bad_data.xlsx] SKIPPED [ 71%]
tests/e2e/test_excel_upload_playwright_pytest.py::TestExcelUploadStaged::test_multiple_staged_files_same_id[chromium-feedback_forms\\testing_versions\\standard\\landfill_operator_feedback_v070_test_02_bad_data.xlsx] SKIPPED [ 72%]
tests/e2e/test_excel_upload_playwright_pytest.py::test_discard_staged_by_filename_with_overlay_logging[chromium-feedback_forms\\testing_versions\\standard\\landfill_operator_feedback_v070_test_02_bad_data.xlsx] SKIPPED [ 73%]
tests/e2e/test_excel_upload_playwright_pytest.py::TestExcelUpload::test_file_upload_workflow[chromium-feedback_forms\\testing_versions\\standard\\landfill_operator_feedback_v071_test_01_good_data.xlsx] PASSED [ 74%]
tests/e2e/test_excel_upload_playwright_pytest.py::test_excel_upload_deep_backend_validation[chromium-feedback_forms\\testing_versions\\standard\\landfill_operator_feedback_v071_test_01_good_data.xlsx] PASSED [ 75%]
tests/e2e/test_excel_upload_playwright_pytest.py::TestExcelUploadStaged::test_excel_upload_staged_workflow[chromium-feedback_forms\\testing_versions\\standard\\landfill_operator_feedback_v071_test_01_good_data.xlsx] SKIPPED [ 76%]
tests/e2e/test_excel_upload_playwright_pytest.py::TestExcelUploadStaged::test_excel_upload_staged_discard[chromium-feedback_forms\\testing_versions\\standard\\landfill_operator_feedback_v071_test_01_good_data.xlsx] SKIPPED [ 77%]
tests/e2e/test_excel_upload_playwright_pytest.py::TestExcelUploadStaged::test_discard_staged_by_filename[chromium-feedback_forms\\testing_versions\\standard\\landfill_operator_feedback_v071_test_01_good_data.xlsx] SKIPPED [ 78%]
tests/e2e/test_excel_upload_playwright_pytest.py::TestExcelUploadStaged::test_multiple_staged_files_same_id[chromium-feedback_forms\\testing_versions\\standard\\landfill_operator_feedback_v071_test_01_good_data.xlsx] SKIPPED [ 79%]
tests/e2e/test_excel_upload_playwright_pytest.py::test_discard_staged_by_filename_with_overlay_logging[chromium-feedback_forms\\testing_versions\\standard\\landfill_operator_feedback_v071_test_01_good_data.xlsx] SKIPPED [ 80%]
tests/e2e/test_excel_upload_playwright_pytest.py::TestExcelUpload::test_file_upload_workflow[chromium-feedback_forms\\testing_versions\\standard\\landfill_operator_feedback_v071_test_02_bad_data.xlsx] PASSED [ 81%]
tests/e2e/test_excel_upload_playwright_pytest.py::test_excel_upload_deep_backend_validation[chromium-feedback_forms\\testing_versions\\standard\\landfill_operator_feedback_v071_test_02_bad_data.xlsx] PASSED [ 82%]
tests/e2e/test_excel_upload_playwright_pytest.py::TestExcelUploadStaged::test_excel_upload_staged_workflow[chromium-feedback_forms\\testing_versions\\standard\\landfill_operator_feedback_v071_test_02_bad_data.xlsx] SKIPPED [ 83%]
tests/e2e/test_excel_upload_playwright_pytest.py::TestExcelUploadStaged::test_excel_upload_staged_discard[chromium-feedback_forms\\testing_versions\\standard\\landfill_operator_feedback_v071_test_02_bad_data.xlsx] SKIPPED [ 84%]
tests/e2e/test_excel_upload_playwright_pytest.py::TestExcelUploadStaged::test_discard_staged_by_filename[chromium-feedback_forms\\testing_versions\\standard\\landfill_operator_feedback_v071_test_02_bad_data.xlsx] SKIPPED [ 85%]
tests/e2e/test_excel_upload_playwright_pytest.py::TestExcelUploadStaged::test_multiple_staged_files_same_id[chromium-feedback_forms\\testing_versions\\standard\\landfill_operator_feedback_v071_test_02_bad_data.xlsx] SKIPPED [ 85%]
tests/e2e/test_excel_upload_playwright_pytest.py::test_discard_staged_by_filename_with_overlay_logging[chromium-feedback_forms\\testing_versions\\standard\\landfill_operator_feedback_v071_test_02_bad_data.xlsx] SKIPPED [ 86%]
tests/e2e/test_excel_upload_playwright_pytest.py::TestExcelUpload::test_file_upload_workflow[chromium-feedback_forms\\testing_versions\\standard\\oil_and_gas_operator_feedback_v070_test_01_good_data.xlsx] PASSED [ 87%]
tests/e2e/test_excel_upload_playwright_pytest.py::test_excel_upload_deep_backend_validation[chromium-feedback_forms\\testing_versions\\standard\\oil_and_gas_operator_feedback_v070_test_01_good_data.xlsx] PASSED [ 88%]
tests/e2e/test_excel_upload_playwright_pytest.py::TestExcelUploadStaged::test_excel_upload_staged_workflow[chromium-feedback_forms\\testing_versions\\standard\\oil_and_gas_operator_feedback_v070_test_01_good_data.xlsx] SKIPPED [ 89%]
tests/e2e/test_excel_upload_playwright_pytest.py::TestExcelUploadStaged::test_excel_upload_staged_discard[chromium-feedback_forms\\testing_versions\\standard\\oil_and_gas_operator_feedback_v070_test_01_good_data.xlsx] SKIPPED [ 90%]
tests/e2e/test_excel_upload_playwright_pytest.py::TestExcelUploadStaged::test_discard_staged_by_filename[chromium-feedback_forms\\testing_versions\\standard\\oil_and_gas_operator_feedback_v070_test_01_good_data.xlsx] SKIPPED [ 91%]
tests/e2e/test_excel_upload_playwright_pytest.py::TestExcelUploadStaged::test_multiple_staged_files_same_id[chromium-feedback_forms\\testing_versions\\standard\\oil_and_gas_operator_feedback_v070_test_01_good_data.xlsx] SKIPPED [ 92%]
tests/e2e/test_excel_upload_playwright_pytest.py::test_discard_staged_by_filename_with_overlay_logging[chromium-feedback_forms\\testing_versions\\standard\\oil_and_gas_operator_feedback_v070_test_01_good_data.xlsx] SKIPPED [ 93%]
tests/e2e/test_excel_upload_playwright_pytest.py::TestExcelUpload::test_file_upload_workflow[chromium-feedback_forms\\testing_versions\\standard\\oil_and_gas_operator_feedback_v070_test_02_bad_data.xlsx] PASSED [ 94%]
tests/e2e/test_excel_upload_playwright_pytest.py::test_excel_upload_deep_backend_validation[chromium-feedback_forms\\testing_versions\\standard\\oil_and_gas_operator_feedback_v070_test_02_bad_data.xlsx] PASSED [ 95%]
tests/e2e/test_excel_upload_playwright_pytest.py::TestExcelUploadStaged::test_excel_upload_staged_workflow[chromium-feedback_forms\\testing_versions\\standard\\oil_and_gas_operator_feedback_v070_test_02_bad_data.xlsx] SKIPPED [ 96%]
tests/e2e/test_excel_upload_playwright_pytest.py::TestExcelUploadStaged::test_excel_upload_staged_discard[chromium-feedback_forms\\testing_versions\\standard\\oil_and_gas_operator_feedback_v070_test_02_bad_data.xlsx] SKIPPED [ 97%]
tests/e2e/test_excel_upload_playwright_pytest.py::TestExcelUploadStaged::test_discard_staged_by_filename[chromium-feedback_forms\\testing_versions\\standard\\oil_and_gas_operator_feedback_v070_test_02_bad_data.xlsx] SKIPPED [ 98%]
tests/e2e/test_excel_upload_playwright_pytest.py::TestExcelUploadStaged::test_multiple_staged_files_same_id[chromium-feedback_forms\\testing_versions\\standard\\oil_and_gas_operator_feedback_v070_test_02_bad_data.xlsx] SKIPPED [ 99%]
tests/e2e/test_excel_upload_playwright_pytest.py::test_discard_staged_by_filename_with_overlay_logging[chromium-feedback_forms\\testing_versions\\standard\\oil_and_gas_operator_feedback_v070_test_02_bad_data.xlsx] SKIPPED [100%]

================================== FAILURES ===================================
______________ test_diagnostics_overlay_on_list_staged[chromium] ______________

page = <Page url='http://127.0.0.1:5000/list_staged'>

    def test_diagnostics_overlay_on_list_staged(page):
        """
        Minimal test: Load /list_staged, click diagnostics button, and scrape overlay.
        Confirms JS overlay is updated in Playwright context.
        """
        page.goto("http://127.0.0.1:5000/list_staged")
        page.wait_for_load_state("networkidle")
        # Click the diagnostics button
>       page.locator('#sendDiagnosticBtn').click()

tests\e2e\test_excel_upload_playwright_pytest.py:922: 
_ _ _ _ _ _ _ _ _ _ _ _ _ _ _ _ _ _ _ _ _ _ _ _ _ _ _ _ _ _ _ _ _ _ _ _ _ _ _ _
C:\Users\tonyh\miniconda3\envs\mini_conda_01\Lib\site-packages\playwright\sync_api\_generated.py:15505: in click
    self._sync(
C:\Users\tonyh\miniconda3\envs\mini_conda_01\Lib\site-packages\playwright\_impl\_locator.py:160: in click
    return await self._frame.click(self._selector, strict=True, **params)
           ^^^^^^^^^^^^^^^^^^^^^^^^^^^^^^^^^^^^^^^^^^^^^^^^^^^^^^^^^^^^^^
C:\Users\tonyh\miniconda3\envs\mini_conda_01\Lib\site-packages\playwright\_impl\_frame.py:521: in click
    await self._channel.send("click", self._timeout, locals_to_params(locals()))
C:\Users\tonyh\miniconda3\envs\mini_conda_01\Lib\site-packages\playwright\_impl\_connection.py:69: in send
    return await self._connection.wrap_api_call(
_ _ _ _ _ _ _ _ _ _ _ _ _ _ _ _ _ _ _ _ _ _ _ _ _ _ _ _ _ _ _ _ _ _ _ _ _ _ _ _

self = <playwright._impl._connection.Connection object at 0x00000253D7716E90>
cb = <function Channel.send.<locals>.<lambda> at 0x00000253D7CA31A0>
is_internal = False, title = None

    async def wrap_api_call(
        self, cb: Callable[[], Any], is_internal: bool = False, title: str = None
    ) -> Any:
        if self._api_zone.get():
            return await cb()
        task = asyncio.current_task(self._loop)
        st: List[inspect.FrameInfo] = getattr(
            task, "__pw_stack__", None
        ) or inspect.stack(0)
    
        parsed_st = _extract_stack_trace_information_from_stack(st, is_internal, title)
        self._api_zone.set(parsed_st)
        try:
            return await cb()
        except Exception as error:
>           raise rewrite_error(error, f"{parsed_st['apiName']}: {error}") from None
E           playwright._impl._errors.TimeoutError: Locator.click: Timeout 30000ms exceeded.
E           Call log:
E             - waiting for locator("#sendDiagnosticBtn")

C:\Users\tonyh\miniconda3\envs\mini_conda_01\Lib\site-packages\playwright\_impl\_connection.py:558: TimeoutError
__________ test_diagnostics_console_output_on_list_staged[chromium] ___________

page = <Page url='http://127.0.0.1:5000/list_staged'>

    def test_diagnostics_console_output_on_list_staged(page):
        """
        Minimal test: Load /list_staged, click diagnostics button, and capture JS console output.
        Prints/logs all console messages for review.
        """
        messages = []
        page.on("console", lambda msg: messages.append(msg.text))
        page.goto("http://127.0.0.1:5000/list_staged")
        page.wait_for_load_state("networkidle")
>       page.locator('#sendDiagnosticBtn').click()

tests\e2e\test_excel_upload_playwright_pytest.py:942: 
_ _ _ _ _ _ _ _ _ _ _ _ _ _ _ _ _ _ _ _ _ _ _ _ _ _ _ _ _ _ _ _ _ _ _ _ _ _ _ _
C:\Users\tonyh\miniconda3\envs\mini_conda_01\Lib\site-packages\playwright\sync_api\_generated.py:15505: in click
    self._sync(
C:\Users\tonyh\miniconda3\envs\mini_conda_01\Lib\site-packages\playwright\_impl\_locator.py:160: in click
    return await self._frame.click(self._selector, strict=True, **params)
           ^^^^^^^^^^^^^^^^^^^^^^^^^^^^^^^^^^^^^^^^^^^^^^^^^^^^^^^^^^^^^^
C:\Users\tonyh\miniconda3\envs\mini_conda_01\Lib\site-packages\playwright\_impl\_frame.py:521: in click
    await self._channel.send("click", self._timeout, locals_to_params(locals()))
C:\Users\tonyh\miniconda3\envs\mini_conda_01\Lib\site-packages\playwright\_impl\_connection.py:69: in send
    return await self._connection.wrap_api_call(
_ _ _ _ _ _ _ _ _ _ _ _ _ _ _ _ _ _ _ _ _ _ _ _ _ _ _ _ _ _ _ _ _ _ _ _ _ _ _ _

self = <playwright._impl._connection.Connection object at 0x00000253D7716E90>
cb = <function Channel.send.<locals>.<lambda> at 0x00000253D7A6F9C0>
is_internal = False, title = None

    async def wrap_api_call(
        self, cb: Callable[[], Any], is_internal: bool = False, title: str = None
    ) -> Any:
        if self._api_zone.get():
            return await cb()
        task = asyncio.current_task(self._loop)
        st: List[inspect.FrameInfo] = getattr(
            task, "__pw_stack__", None
        ) or inspect.stack(0)
    
        parsed_st = _extract_stack_trace_information_from_stack(st, is_internal, title)
        self._api_zone.set(parsed_st)
        try:
            return await cb()
        except Exception as error:
>           raise rewrite_error(error, f"{parsed_st['apiName']}: {error}") from None
E           playwright._impl._errors.TimeoutError: Locator.click: Timeout 30000ms exceeded.
E           Call log:
E             - waiting for locator("#sendDiagnosticBtn")

C:\Users\tonyh\miniconda3\envs\mini_conda_01\Lib\site-packages\playwright\_impl\_connection.py:558: TimeoutError
_________ test_diagnostics_overlay_on_diagnostic_test_page[chromium] __________

page = <Page url='http://127.0.0.1:5000/java_script_diagnostic_test'>

    def test_diagnostics_overlay_on_diagnostic_test_page(page):
        """
        E2E: Load /java_script_diagnostic_test, check overlay for page load diagnostic, click diagnostics button, and check overlay updates.
        """
        page.goto("http://127.0.0.1:5000/java_script_diagnostic_test")
        page.wait_for_load_state("networkidle")
        # Scrape overlay after page load
        overlay = ''
        try:
            overlay = page.locator('#js-diagnostics').inner_text()
        except Exception:
            overlay = '[Overlay not found]'
        print(f"[DIAGNOSTICS OVERLAY after load] {overlay}")
        assert 'Page loaded' in overlay or overlay != '[Overlay not found]', "Overlay did not show page load diagnostic."
        # Click the diagnostics button (use class-based selector)
>       page.locator('.js-send-diagnostic-btn').click()

tests\e2e\test_excel_upload_playwright_pytest.py:962: 
_ _ _ _ _ _ _ _ _ _ _ _ _ _ _ _ _ _ _ _ _ _ _ _ _ _ _ _ _ _ _ _ _ _ _ _ _ _ _ _
C:\Users\tonyh\miniconda3\envs\mini_conda_01\Lib\site-packages\playwright\sync_api\_generated.py:15505: in click
    self._sync(
C:\Users\tonyh\miniconda3\envs\mini_conda_01\Lib\site-packages\playwright\_impl\_locator.py:160: in click
    return await self._frame.click(self._selector, strict=True, **params)
           ^^^^^^^^^^^^^^^^^^^^^^^^^^^^^^^^^^^^^^^^^^^^^^^^^^^^^^^^^^^^^^
C:\Users\tonyh\miniconda3\envs\mini_conda_01\Lib\site-packages\playwright\_impl\_frame.py:521: in click
    await self._channel.send("click", self._timeout, locals_to_params(locals()))
C:\Users\tonyh\miniconda3\envs\mini_conda_01\Lib\site-packages\playwright\_impl\_connection.py:69: in send
    return await self._connection.wrap_api_call(
_ _ _ _ _ _ _ _ _ _ _ _ _ _ _ _ _ _ _ _ _ _ _ _ _ _ _ _ _ _ _ _ _ _ _ _ _ _ _ _

self = <playwright._impl._connection.Connection object at 0x00000253D7716E90>
cb = <function Channel.send.<locals>.<lambda> at 0x00000253D7B95580>
is_internal = False, title = None

    async def wrap_api_call(
        self, cb: Callable[[], Any], is_internal: bool = False, title: str = None
    ) -> Any:
        if self._api_zone.get():
            return await cb()
        task = asyncio.current_task(self._loop)
        st: List[inspect.FrameInfo] = getattr(
            task, "__pw_stack__", None
        ) or inspect.stack(0)
    
        parsed_st = _extract_stack_trace_information_from_stack(st, is_internal, title)
        self._api_zone.set(parsed_st)
        try:
            return await cb()
        except Exception as error:
>           raise rewrite_error(error, f"{parsed_st['apiName']}: {error}") from None
E           playwright._impl._errors.TimeoutError: Locator.click: Timeout 30000ms exceeded.
E           Call log:
E             - waiting for locator(".js-send-diagnostic-btn")

C:\Users\tonyh\miniconda3\envs\mini_conda_01\Lib\site-packages\playwright\_impl\_connection.py:558: TimeoutError
---------------------------- Captured stdout call -----------------------------
[DIAGNOSTICS OVERLAY after load] [JS_DIAG] Page loaded: java_script_diagnostic_test

_______________ test_list_staged_diagnostics_overlay[chromium] ________________

page = <Page url='http://127.0.0.1:5000/list_staged'>

    def test_list_staged_diagnostics_overlay(page):
        """
        E2E: Load /list_staged, check overlay for page load diagnostic, click diagnostics block send button, click discard, and check overlay updates.
        """
        page.goto("http://127.0.0.1:5000/list_staged")
        page.wait_for_load_state("networkidle")
        # Scrape overlay after page load
        overlay = page.locator('#js-diagnostics').inner_text()
        print(f"[DIAGNOSTICS OVERLAY after load] {overlay}")
        # Click the diagnostics block send button
>       page.locator('.js-send-diagnostic-btn').click()

tests\e2e\test_excel_upload_playwright_pytest.py:982: 
_ _ _ _ _ _ _ _ _ _ _ _ _ _ _ _ _ _ _ _ _ _ _ _ _ _ _ _ _ _ _ _ _ _ _ _ _ _ _ _
C:\Users\tonyh\miniconda3\envs\mini_conda_01\Lib\site-packages\playwright\sync_api\_generated.py:15505: in click
    self._sync(
C:\Users\tonyh\miniconda3\envs\mini_conda_01\Lib\site-packages\playwright\_impl\_locator.py:160: in click
    return await self._frame.click(self._selector, strict=True, **params)
           ^^^^^^^^^^^^^^^^^^^^^^^^^^^^^^^^^^^^^^^^^^^^^^^^^^^^^^^^^^^^^^
C:\Users\tonyh\miniconda3\envs\mini_conda_01\Lib\site-packages\playwright\_impl\_frame.py:521: in click
    await self._channel.send("click", self._timeout, locals_to_params(locals()))
C:\Users\tonyh\miniconda3\envs\mini_conda_01\Lib\site-packages\playwright\_impl\_connection.py:69: in send
    return await self._connection.wrap_api_call(
_ _ _ _ _ _ _ _ _ _ _ _ _ _ _ _ _ _ _ _ _ _ _ _ _ _ _ _ _ _ _ _ _ _ _ _ _ _ _ _

self = <playwright._impl._connection.Connection object at 0x00000253D7716E90>
cb = <function Channel.send.<locals>.<lambda> at 0x00000253D7B5BBA0>
is_internal = False, title = None

    async def wrap_api_call(
        self, cb: Callable[[], Any], is_internal: bool = False, title: str = None
    ) -> Any:
        if self._api_zone.get():
            return await cb()
        task = asyncio.current_task(self._loop)
        st: List[inspect.FrameInfo] = getattr(
            task, "__pw_stack__", None
        ) or inspect.stack(0)
    
        parsed_st = _extract_stack_trace_information_from_stack(st, is_internal, title)
        self._api_zone.set(parsed_st)
        try:
            return await cb()
        except Exception as error:
>           raise rewrite_error(error, f"{parsed_st['apiName']}: {error}") from None
E           playwright._impl._errors.TimeoutError: Locator.click: Timeout 30000ms exceeded.
E           Call log:
E             - waiting for locator(".js-send-diagnostic-btn")

C:\Users\tonyh\miniconda3\envs\mini_conda_01\Lib\site-packages\playwright\_impl\_connection.py:558: TimeoutError
---------------------------- Captured stdout call -----------------------------
[DIAGNOSTICS OVERLAY after load] [JS_DIAG] Page loaded: list_staged

=========================== short test summary info ===========================
FAILED tests/e2e/test_excel_upload_playwright_pytest.py::test_diagnostics_overlay_on_list_staged[chromium]
FAILED tests/e2e/test_excel_upload_playwright_pytest.py::test_diagnostics_console_output_on_list_staged[chromium]
FAILED tests/e2e/test_excel_upload_playwright_pytest.py::test_diagnostics_overlay_on_diagnostic_test_page[chromium]
FAILED tests/e2e/test_excel_upload_playwright_pytest.py::test_list_staged_diagnostics_overlay[chromium]
============ 4 failed, 37 passed, 66 skipped in 201.30s (0:03:21) =============
