============================= test session starts =============================
platform win32 -- Python 3.11.13, pytest-8.4.1, pluggy-1.6.0 -- C:\Users\tonyh\miniconda3\envs\mini_conda_01\python.exe
cachedir: .pytest_cache
rootdir: D:\local\cursor\feedback_portal
configfile: pytest.ini
plugins: anyio-4.7.0, asyncio-1.1.0, base-url-2.1.0, playwright-0.7.0
asyncio: mode=Mode.STRICT, asyncio_default_fixture_loop_scope=None, asyncio_default_test_loop_scope=function
collecting ... collected 61 items

tests/e2e/test_excel_upload_playwright_pytest.py::TestExcelUpload::test_upload_page_loads[chromium] PASSED [  1%]
tests/e2e/test_excel_upload_playwright_pytest.py::TestExcelUpload::test_file_input_exists[chromium] PASSED [  3%]
tests/e2e/test_excel_upload_playwright_pytest.py::TestExcelUpload::test_drop_zone_exists[chromium] PASSED [  4%]
tests/e2e/test_excel_upload_playwright_pytest.py::TestExcelUpload::test_file_upload_workflow[chromium-feedback_forms\\testing_versions\\standard\\dairy_digester_operator_feedback_v006_test_01_good_data.xlsx] PASSED [  6%]
tests/e2e/test_excel_upload_playwright_pytest.py::TestExcelUpload::test_invalid_file_upload[chromium] PASSED [  8%]
tests/e2e/test_excel_upload_playwright_pytest.py::TestExcelUpload::test_empty_file_upload[chromium] PASSED [  9%]
tests/e2e/test_excel_upload_playwright_pytest.py::TestExcelUpload::test_large_file_upload[chromium] PASSED [ 11%]
tests/e2e/test_excel_upload_playwright_pytest.py::TestUploadPageElements::test_page_structure[chromium] PASSED [ 13%]
tests/e2e/test_excel_upload_playwright_pytest.py::TestUploadPageElements::test_form_structure[chromium] PASSED [ 14%]
tests/e2e/test_excel_upload_playwright_pytest.py::TestUploadPageElements::test_accessibility_features[chromium] PASSED [ 16%]
tests/e2e/test_excel_upload_playwright_pytest.py::test_excel_upload_deep_backend_validation[chromium-feedback_forms\\testing_versions\\standard\\dairy_digester_operator_feedback_v006_test_01_good_data.xlsx] PASSED [ 18%]
tests/e2e/test_excel_upload_playwright_pytest.py::TestExcelUploadStaged::test_excel_upload_staged_workflow[chromium-feedback_forms\\testing_versions\\standard\\dairy_digester_operator_feedback_v006_test_01_good_data.xlsx] PASSED [ 19%]
tests/e2e/test_excel_upload_playwright_pytest.py::TestExcelUploadStaged::test_excel_upload_staged_discard[chromium-feedback_forms\\testing_versions\\standard\\dairy_digester_operator_feedback_v006_test_01_good_data.xlsx] SKIPPED [ 21%]
tests/e2e/test_excel_upload_playwright_pytest.py::TestExcelUpload::test_file_upload_workflow[chromium-feedback_forms\\testing_versions\\standard\\dairy_digester_operator_feedback_v006_test_02_bad_data.xlsx] PASSED [ 22%]
tests/e2e/test_excel_upload_playwright_pytest.py::test_excel_upload_deep_backend_validation[chromium-feedback_forms\\testing_versions\\standard\\dairy_digester_operator_feedback_v006_test_02_bad_data.xlsx] PASSED [ 24%]
tests/e2e/test_excel_upload_playwright_pytest.py::TestExcelUploadStaged::test_excel_upload_staged_workflow[chromium-feedback_forms\\testing_versions\\standard\\dairy_digester_operator_feedback_v006_test_02_bad_data.xlsx] PASSED [ 26%]
tests/e2e/test_excel_upload_playwright_pytest.py::TestExcelUploadStaged::test_excel_upload_staged_discard[chromium-feedback_forms\\testing_versions\\standard\\dairy_digester_operator_feedback_v006_test_02_bad_data.xlsx] SKIPPED [ 27%]
tests/e2e/test_excel_upload_playwright_pytest.py::TestExcelUpload::test_file_upload_workflow[chromium-feedback_forms\\testing_versions\\standard\\dairy_digester_operator_feedback_v006_test_03_blank.xlsx] PASSED [ 29%]
tests/e2e/test_excel_upload_playwright_pytest.py::test_excel_upload_deep_backend_validation[chromium-feedback_forms\\testing_versions\\standard\\dairy_digester_operator_feedback_v006_test_03_blank.xlsx] PASSED [ 31%]
tests/e2e/test_excel_upload_playwright_pytest.py::TestExcelUploadStaged::test_excel_upload_staged_workflow[chromium-feedback_forms\\testing_versions\\standard\\dairy_digester_operator_feedback_v006_test_03_blank.xlsx] PASSED [ 32%]
tests/e2e/test_excel_upload_playwright_pytest.py::TestExcelUploadStaged::test_excel_upload_staged_discard[chromium-feedback_forms\\testing_versions\\standard\\dairy_digester_operator_feedback_v006_test_03_blank.xlsx] SKIPPED [ 34%]
tests/e2e/test_excel_upload_playwright_pytest.py::TestExcelUpload::test_file_upload_workflow[chromium-feedback_forms\\testing_versions\\standard\\energy_operator_feedback_v003_test_01_good_data.xlsx] PASSED [ 36%]
tests/e2e/test_excel_upload_playwright_pytest.py::test_excel_upload_deep_backend_validation[chromium-feedback_forms\\testing_versions\\standard\\energy_operator_feedback_v003_test_01_good_data.xlsx] PASSED [ 37%]
tests/e2e/test_excel_upload_playwright_pytest.py::TestExcelUploadStaged::test_excel_upload_staged_workflow[chromium-feedback_forms\\testing_versions\\standard\\energy_operator_feedback_v003_test_01_good_data.xlsx] PASSED [ 39%]
tests/e2e/test_excel_upload_playwright_pytest.py::TestExcelUploadStaged::test_excel_upload_staged_discard[chromium-feedback_forms\\testing_versions\\standard\\energy_operator_feedback_v003_test_01_good_data.xlsx] SKIPPED [ 40%]
tests/e2e/test_excel_upload_playwright_pytest.py::TestExcelUpload::test_file_upload_workflow[chromium-feedback_forms\\testing_versions\\standard\\energy_operator_feedback_v003_test_02_bad_data.xlsx] PASSED [ 42%]
tests/e2e/test_excel_upload_playwright_pytest.py::test_excel_upload_deep_backend_validation[chromium-feedback_forms\\testing_versions\\standard\\energy_operator_feedback_v003_test_02_bad_data.xlsx] PASSED [ 44%]
tests/e2e/test_excel_upload_playwright_pytest.py::TestExcelUploadStaged::test_excel_upload_staged_workflow[chromium-feedback_forms\\testing_versions\\standard\\energy_operator_feedback_v003_test_02_bad_data.xlsx] PASSED [ 45%]
tests/e2e/test_excel_upload_playwright_pytest.py::TestExcelUploadStaged::test_excel_upload_staged_discard[chromium-feedback_forms\\testing_versions\\standard\\energy_operator_feedback_v003_test_02_bad_data.xlsx] SKIPPED [ 47%]
tests/e2e/test_excel_upload_playwright_pytest.py::TestExcelUpload::test_file_upload_workflow[chromium-feedback_forms\\testing_versions\\standard\\generic_operator_feedback_v002_test_01_good_data.xlsx] PASSED [ 49%]
tests/e2e/test_excel_upload_playwright_pytest.py::test_excel_upload_deep_backend_validation[chromium-feedback_forms\\testing_versions\\standard\\generic_operator_feedback_v002_test_01_good_data.xlsx] PASSED [ 50%]
tests/e2e/test_excel_upload_playwright_pytest.py::TestExcelUploadStaged::test_excel_upload_staged_workflow[chromium-feedback_forms\\testing_versions\\standard\\generic_operator_feedback_v002_test_01_good_data.xlsx] PASSED [ 52%]
tests/e2e/test_excel_upload_playwright_pytest.py::TestExcelUploadStaged::test_excel_upload_staged_discard[chromium-feedback_forms\\testing_versions\\standard\\generic_operator_feedback_v002_test_01_good_data.xlsx] SKIPPED [ 54%]
tests/e2e/test_excel_upload_playwright_pytest.py::TestExcelUpload::test_file_upload_workflow[chromium-feedback_forms\\testing_versions\\standard\\generic_operator_feedback_v002_test_02_bad_data.xlsx] PASSED [ 55%]
tests/e2e/test_excel_upload_playwright_pytest.py::test_excel_upload_deep_backend_validation[chromium-feedback_forms\\testing_versions\\standard\\generic_operator_feedback_v002_test_02_bad_data.xlsx] PASSED [ 57%]
tests/e2e/test_excel_upload_playwright_pytest.py::TestExcelUploadStaged::test_excel_upload_staged_workflow[chromium-feedback_forms\\testing_versions\\standard\\generic_operator_feedback_v002_test_02_bad_data.xlsx] PASSED [ 59%]
tests/e2e/test_excel_upload_playwright_pytest.py::TestExcelUploadStaged::test_excel_upload_staged_discard[chromium-feedback_forms\\testing_versions\\standard\\generic_operator_feedback_v002_test_02_bad_data.xlsx] SKIPPED [ 60%]
tests/e2e/test_excel_upload_playwright_pytest.py::TestExcelUpload::test_file_upload_workflow[chromium-feedback_forms\\testing_versions\\standard\\landfill_operator_feedback_v070_test_01_good_data.xlsx] PASSED [ 62%]
tests/e2e/test_excel_upload_playwright_pytest.py::test_excel_upload_deep_backend_validation[chromium-feedback_forms\\testing_versions\\standard\\landfill_operator_feedback_v070_test_01_good_data.xlsx] PASSED [ 63%]
tests/e2e/test_excel_upload_playwright_pytest.py::TestExcelUploadStaged::test_excel_upload_staged_workflow[chromium-feedback_forms\\testing_versions\\standard\\landfill_operator_feedback_v070_test_01_good_data.xlsx] PASSED [ 65%]
tests/e2e/test_excel_upload_playwright_pytest.py::TestExcelUploadStaged::test_excel_upload_staged_discard[chromium-feedback_forms\\testing_versions\\standard\\landfill_operator_feedback_v070_test_01_good_data.xlsx] SKIPPED [ 67%]
tests/e2e/test_excel_upload_playwright_pytest.py::TestExcelUpload::test_file_upload_workflow[chromium-feedback_forms\\testing_versions\\standard\\landfill_operator_feedback_v070_test_02_bad_data.xlsx] PASSED [ 68%]
tests/e2e/test_excel_upload_playwright_pytest.py::test_excel_upload_deep_backend_validation[chromium-feedback_forms\\testing_versions\\standard\\landfill_operator_feedback_v070_test_02_bad_data.xlsx] PASSED [ 70%]
tests/e2e/test_excel_upload_playwright_pytest.py::TestExcelUploadStaged::test_excel_upload_staged_workflow[chromium-feedback_forms\\testing_versions\\standard\\landfill_operator_feedback_v070_test_02_bad_data.xlsx] PASSED [ 72%]
tests/e2e/test_excel_upload_playwright_pytest.py::TestExcelUploadStaged::test_excel_upload_staged_discard[chromium-feedback_forms\\testing_versions\\standard\\landfill_operator_feedback_v070_test_02_bad_data.xlsx] SKIPPED [ 73%]
tests/e2e/test_excel_upload_playwright_pytest.py::TestExcelUpload::test_file_upload_workflow[chromium-feedback_forms\\testing_versions\\standard\\landfill_operator_feedback_v071_test_01_good_data.xlsx] PASSED [ 75%]
tests/e2e/test_excel_upload_playwright_pytest.py::test_excel_upload_deep_backend_validation[chromium-feedback_forms\\testing_versions\\standard\\landfill_operator_feedback_v071_test_01_good_data.xlsx] PASSED [ 77%]
tests/e2e/test_excel_upload_playwright_pytest.py::TestExcelUploadStaged::test_excel_upload_staged_workflow[chromium-feedback_forms\\testing_versions\\standard\\landfill_operator_feedback_v071_test_01_good_data.xlsx] PASSED [ 78%]
tests/e2e/test_excel_upload_playwright_pytest.py::TestExcelUploadStaged::test_excel_upload_staged_discard[chromium-feedback_forms\\testing_versions\\standard\\landfill_operator_feedback_v071_test_01_good_data.xlsx] SKIPPED [ 80%]
tests/e2e/test_excel_upload_playwright_pytest.py::TestExcelUpload::test_file_upload_workflow[chromium-feedback_forms\\testing_versions\\standard\\landfill_operator_feedback_v071_test_02_bad_data.xlsx] PASSED [ 81%]
tests/e2e/test_excel_upload_playwright_pytest.py::test_excel_upload_deep_backend_validation[chromium-feedback_forms\\testing_versions\\standard\\landfill_operator_feedback_v071_test_02_bad_data.xlsx] PASSED [ 83%]
tests/e2e/test_excel_upload_playwright_pytest.py::TestExcelUploadStaged::test_excel_upload_staged_workflow[chromium-feedback_forms\\testing_versions\\standard\\landfill_operator_feedback_v071_test_02_bad_data.xlsx] PASSED [ 85%]
tests/e2e/test_excel_upload_playwright_pytest.py::TestExcelUploadStaged::test_excel_upload_staged_discard[chromium-feedback_forms\\testing_versions\\standard\\landfill_operator_feedback_v071_test_02_bad_data.xlsx] SKIPPED [ 86%]
tests/e2e/test_excel_upload_playwright_pytest.py::TestExcelUpload::test_file_upload_workflow[chromium-feedback_forms\\testing_versions\\standard\\oil_and_gas_operator_feedback_v070_test_01_good_data.xlsx] PASSED [ 88%]
tests/e2e/test_excel_upload_playwright_pytest.py::test_excel_upload_deep_backend_validation[chromium-feedback_forms\\testing_versions\\standard\\oil_and_gas_operator_feedback_v070_test_01_good_data.xlsx] PASSED [ 90%]
tests/e2e/test_excel_upload_playwright_pytest.py::TestExcelUploadStaged::test_excel_upload_staged_workflow[chromium-feedback_forms\\testing_versions\\standard\\oil_and_gas_operator_feedback_v070_test_01_good_data.xlsx] PASSED [ 91%]
tests/e2e/test_excel_upload_playwright_pytest.py::TestExcelUploadStaged::test_excel_upload_staged_discard[chromium-feedback_forms\\testing_versions\\standard\\oil_and_gas_operator_feedback_v070_test_01_good_data.xlsx] SKIPPED [ 93%]
tests/e2e/test_excel_upload_playwright_pytest.py::TestExcelUpload::test_file_upload_workflow[chromium-feedback_forms\\testing_versions\\standard\\oil_and_gas_operator_feedback_v070_test_02_bad_data.xlsx] PASSED [ 95%]
tests/e2e/test_excel_upload_playwright_pytest.py::test_excel_upload_deep_backend_validation[chromium-feedback_forms\\testing_versions\\standard\\oil_and_gas_operator_feedback_v070_test_02_bad_data.xlsx] PASSED [ 96%]
tests/e2e/test_excel_upload_playwright_pytest.py::TestExcelUploadStaged::test_excel_upload_staged_workflow[chromium-feedback_forms\\testing_versions\\standard\\oil_and_gas_operator_feedback_v070_test_02_bad_data.xlsx] PASSED [ 98%]
tests/e2e/test_excel_upload_playwright_pytest.py::TestExcelUploadStaged::test_excel_upload_staged_discard[chromium-feedback_forms\\testing_versions\\standard\\oil_and_gas_operator_feedback_v070_test_02_bad_data.xlsx] SKIPPED [100%]

================= 48 passed, 13 skipped in 118.29s (0:01:58) ==================
