============================= test session starts ==============================
platform linux -- Python 3.11.13, pytest-8.4.1, pluggy-1.6.0 -- /home/tonyh/miniconda3/envs/mini_conda_02/bin/python
cachedir: .pytest_cache
rootdir: /home/tonyh/git_repos/feedback_portal
configfile: pytest.ini
plugins: base-url-2.1.0, anyio-4.7.0, playwright-0.7.0, asyncio-1.1.0
asyncio: mode=Mode.STRICT, asyncio_default_fixture_loop_scope=None, asyncio_default_test_loop_scope=function
collecting ... collected 14 items

test_refactored_routes_equivalence.py::TestRefactoredRouteEquivalence::test_upload_file_equivalence[chromium-/home/tonyh/git_repos/feedback_portal/feedback_forms/testing_versions/standard/dairy_digester_operator_feedback_v006_test_01_good_data.xlsx] FAILED [  7%]
test_refactored_routes_equivalence.py::TestRefactoredRouteEquivalence::test_upload_file_equivalence[chromium-/home/tonyh/git_repos/feedback_portal/feedback_forms/testing_versions/standard/dairy_digester_operator_feedback_v006_test_02_bad_data.xlsx] FAILED [ 14%]
test_refactored_routes_equivalence.py::TestRefactoredRouteEquivalence::test_upload_file_equivalence[chromium-/home/tonyh/git_repos/feedback_portal/feedback_forms/testing_versions/standard/dairy_digester_operator_feedback_v006_test_03_blank.xlsx] FAILED [ 21%]
test_refactored_routes_equivalence.py::TestRefactoredRouteEquivalence::test_upload_file_equivalence[chromium-/home/tonyh/git_repos/feedback_portal/feedback_forms/testing_versions/standard/energy_operator_feedback_v003_test_01_good_data.xlsx] FAILED [ 28%]
test_refactored_routes_equivalence.py::TestRefactoredRouteEquivalence::test_upload_file_equivalence[chromium-/home/tonyh/git_repos/feedback_portal/feedback_forms/testing_versions/standard/energy_operator_feedback_v003_test_01_good_data_update.xlsx] FAILED [ 35%]
test_refactored_routes_equivalence.py::TestRefactoredRouteEquivalence::test_upload_file_equivalence[chromium-/home/tonyh/git_repos/feedback_portal/feedback_forms/testing_versions/standard/energy_operator_feedback_v003_test_02_bad_data.xlsx] FAILED [ 42%]
test_refactored_routes_equivalence.py::TestRefactoredRouteEquivalence::test_upload_file_equivalence[chromium-/home/tonyh/git_repos/feedback_portal/feedback_forms/testing_versions/standard/generic_operator_feedback_v002_test_01_good_data.xlsx] FAILED [ 50%]
test_refactored_routes_equivalence.py::TestRefactoredRouteEquivalence::test_upload_file_equivalence[chromium-/home/tonyh/git_repos/feedback_portal/feedback_forms/testing_versions/standard/generic_operator_feedback_v002_test_02_bad_data.xlsx] FAILED [ 57%]
test_refactored_routes_equivalence.py::TestRefactoredRouteEquivalence::test_upload_file_equivalence[chromium-/home/tonyh/git_repos/feedback_portal/feedback_forms/testing_versions/standard/landfill_operator_feedback_v070_test_01_good_data.xlsx] FAILED [ 64%]
test_refactored_routes_equivalence.py::TestRefactoredRouteEquivalence::test_upload_file_equivalence[chromium-/home/tonyh/git_repos/feedback_portal/feedback_forms/testing_versions/standard/landfill_operator_feedback_v070_test_02_bad_data.xlsx] FAILED [ 71%]
test_refactored_routes_equivalence.py::TestRefactoredRouteEquivalence::test_upload_file_equivalence[chromium-/home/tonyh/git_repos/feedback_portal/feedback_forms/testing_versions/standard/landfill_operator_feedback_v071_test_01_good_data.xlsx] FAILED [ 78%]
test_refactored_routes_equivalence.py::TestRefactoredRouteEquivalence::test_upload_file_equivalence[chromium-/home/tonyh/git_repos/feedback_portal/feedback_forms/testing_versions/standard/landfill_operator_feedback_v071_test_02_bad_data.xlsx] FAILED [ 85%]
test_refactored_routes_equivalence.py::TestRefactoredRouteEquivalence::test_upload_file_equivalence[chromium-/home/tonyh/git_repos/feedback_portal/feedback_forms/testing_versions/standard/oil_and_gas_operator_feedback_v070_test_01_good_data.xlsx] FAILED [ 92%]
test_refactored_routes_equivalence.py::TestRefactoredRouteEquivalence::test_upload_file_equivalence[chromium-/home/tonyh/git_repos/feedback_portal/feedback_forms/testing_versions/standard/oil_and_gas_operator_feedback_v070_test_02_bad_data.xlsx] FAILED [100%]

=================================== FAILURES ===================================
/home/tonyh/miniconda3/envs/mini_conda_02/lib/python3.11/site-packages/playwright/_impl/_connection.py:558: playwright._impl._errors.Error: Locator.count: Execution context was destroyed, most likely because of a navigation
/home/tonyh/miniconda3/envs/mini_conda_02/lib/python3.11/site-packages/playwright/_impl/_connection.py:558: playwright._impl._errors.Error: Locator.count: Execution context was destroyed, most likely because of a navigation
/home/tonyh/git_repos/feedback_portal/tests/e2e/test_refactored_routes_equivalence.py:265: AssertionError: URL/redirect mismatch for /home/tonyh/git_repos/feedback_portal/feedback_forms/testing_versions/standard/dairy_digester_operator_feedback_v006_test_03_blank.xlsx
/home/tonyh/miniconda3/envs/mini_conda_02/lib/python3.11/site-packages/playwright/_impl/_connection.py:558: playwright._impl._errors.Error: Page.content: Unable to retrieve content because the page is navigating and changing the content.
/home/tonyh/git_repos/feedback_portal/tests/e2e/test_refactored_routes_equivalence.py:265: AssertionError: URL/redirect mismatch for /home/tonyh/git_repos/feedback_portal/feedback_forms/testing_versions/standard/energy_operator_feedback_v003_test_01_good_data_update.xlsx
/home/tonyh/miniconda3/envs/mini_conda_02/lib/python3.11/site-packages/playwright/_impl/_connection.py:558: playwright._impl._errors.Error: Locator.count: Execution context was destroyed, most likely because of a navigation
/home/tonyh/git_repos/feedback_portal/tests/e2e/test_refactored_routes_equivalence.py:207: Failed: Database connection failed for both PostgreSQL and SQLite: connection to server at "localhost" (127.0.0.1), port 5432 failed: Connection refused
/home/tonyh/git_repos/feedback_portal/tests/e2e/test_refactored_routes_equivalence.py:207: Failed: Database connection failed for both PostgreSQL and SQLite: connection to server at "localhost" (127.0.0.1), port 5432 failed: Connection refused
/home/tonyh/git_repos/feedback_portal/tests/e2e/test_refactored_routes_equivalence.py:207: Failed: Database connection failed for both PostgreSQL and SQLite: connection to server at "localhost" (127.0.0.1), port 5432 failed: Connection refused
/home/tonyh/git_repos/feedback_portal/tests/e2e/test_refactored_routes_equivalence.py:207: Failed: Database connection failed for both PostgreSQL and SQLite: connection to server at "localhost" (127.0.0.1), port 5432 failed: Connection refused
/home/tonyh/git_repos/feedback_portal/tests/e2e/test_refactored_routes_equivalence.py:207: Failed: Database connection failed for both PostgreSQL and SQLite: connection to server at "localhost" (127.0.0.1), port 5432 failed: Connection refused
/home/tonyh/git_repos/feedback_portal/tests/e2e/test_refactored_routes_equivalence.py:207: Failed: Database connection failed for both PostgreSQL and SQLite: connection to server at "localhost" (127.0.0.1), port 5432 failed: Connection refused
/home/tonyh/miniconda3/envs/mini_conda_02/lib/python3.11/site-packages/playwright/_impl/_connection.py:558: playwright._impl._errors.Error: Locator.count: Execution context was destroyed, most likely because of a navigation
/home/tonyh/git_repos/feedback_portal/tests/e2e/test_refactored_routes_equivalence.py:207: Failed: Database connection failed for both PostgreSQL and SQLite: connection to server at "localhost" (127.0.0.1), port 5432 failed: Connection refused
=========================== short test summary info ============================
FAILED test_refactored_routes_equivalence.py::TestRefactoredRouteEquivalence::test_upload_file_equivalence[chromium-/home/tonyh/git_repos/feedback_portal/feedback_forms/testing_versions/standard/dairy_digester_operator_feedback_v006_test_01_good_data.xlsx]
FAILED test_refactored_routes_equivalence.py::TestRefactoredRouteEquivalence::test_upload_file_equivalence[chromium-/home/tonyh/git_repos/feedback_portal/feedback_forms/testing_versions/standard/dairy_digester_operator_feedback_v006_test_02_bad_data.xlsx]
FAILED test_refactored_routes_equivalence.py::TestRefactoredRouteEquivalence::test_upload_file_equivalence[chromium-/home/tonyh/git_repos/feedback_portal/feedback_forms/testing_versions/standard/dairy_digester_operator_feedback_v006_test_03_blank.xlsx]
FAILED test_refactored_routes_equivalence.py::TestRefactoredRouteEquivalence::test_upload_file_equivalence[chromium-/home/tonyh/git_repos/feedback_portal/feedback_forms/testing_versions/standard/energy_operator_feedback_v003_test_01_good_data.xlsx]
FAILED test_refactored_routes_equivalence.py::TestRefactoredRouteEquivalence::test_upload_file_equivalence[chromium-/home/tonyh/git_repos/feedback_portal/feedback_forms/testing_versions/standard/energy_operator_feedback_v003_test_01_good_data_update.xlsx]
FAILED test_refactored_routes_equivalence.py::TestRefactoredRouteEquivalence::test_upload_file_equivalence[chromium-/home/tonyh/git_repos/feedback_portal/feedback_forms/testing_versions/standard/energy_operator_feedback_v003_test_02_bad_data.xlsx]
FAILED test_refactored_routes_equivalence.py::TestRefactoredRouteEquivalence::test_upload_file_equivalence[chromium-/home/tonyh/git_repos/feedback_portal/feedback_forms/testing_versions/standard/generic_operator_feedback_v002_test_01_good_data.xlsx]
FAILED test_refactored_routes_equivalence.py::TestRefactoredRouteEquivalence::test_upload_file_equivalence[chromium-/home/tonyh/git_repos/feedback_portal/feedback_forms/testing_versions/standard/generic_operator_feedback_v002_test_02_bad_data.xlsx]
FAILED test_refactored_routes_equivalence.py::TestRefactoredRouteEquivalence::test_upload_file_equivalence[chromium-/home/tonyh/git_repos/feedback_portal/feedback_forms/testing_versions/standard/landfill_operator_feedback_v070_test_01_good_data.xlsx]
FAILED test_refactored_routes_equivalence.py::TestRefactoredRouteEquivalence::test_upload_file_equivalence[chromium-/home/tonyh/git_repos/feedback_portal/feedback_forms/testing_versions/standard/landfill_operator_feedback_v070_test_02_bad_data.xlsx]
FAILED test_refactored_routes_equivalence.py::TestRefactoredRouteEquivalence::test_upload_file_equivalence[chromium-/home/tonyh/git_repos/feedback_portal/feedback_forms/testing_versions/standard/landfill_operator_feedback_v071_test_01_good_data.xlsx]
FAILED test_refactored_routes_equivalence.py::TestRefactoredRouteEquivalence::test_upload_file_equivalence[chromium-/home/tonyh/git_repos/feedback_portal/feedback_forms/testing_versions/standard/landfill_operator_feedback_v071_test_02_bad_data.xlsx]
FAILED test_refactored_routes_equivalence.py::TestRefactoredRouteEquivalence::test_upload_file_equivalence[chromium-/home/tonyh/git_repos/feedback_portal/feedback_forms/testing_versions/standard/oil_and_gas_operator_feedback_v070_test_01_good_data.xlsx]
FAILED test_refactored_routes_equivalence.py::TestRefactoredRouteEquivalence::test_upload_file_equivalence[chromium-/home/tonyh/git_repos/feedback_portal/feedback_forms/testing_versions/standard/oil_and_gas_operator_feedback_v070_test_02_bad_data.xlsx]
============================== 14 failed in 6.36s ==============================
