============================= test session starts =============================
platform win32 -- Python 3.11.13, pytest-8.4.1, pluggy-1.6.0 -- C:\Users\theld\AppData\Local\miniconda3\envs\mini_conda_02\python.exe
cachedir: .pytest_cache
rootdir: C:\tony_local\pycharm\feedback_portal
configfile: pytest.ini
plugins: anyio-4.7.0, asyncio-1.1.0, base-url-2.1.0, playwright-0.7.0
asyncio: mode=Mode.STRICT, asyncio_default_fixture_loop_scope=None, asyncio_default_test_loop_scope=function
collecting ... [DEBUG] Using DB URI: postgresql+psycopg2://methane:methaneCH4@prj-bus-methane-aurora-postgresql-instance-1.cdae8kkz3fpi.us-west-2.rds.amazonaws.com/plumetracker
collected 126 items

tests/e2e/test_delete_testing_data.py::test_delete_testing_range_page_loads[chromium] PASSED
tests/e2e/test_delete_testing_data.py::test_min_max_id_inputs[chromium] PASSED
tests/e2e/test_delete_testing_data.py::test_dry_run_checkbox_and_preview[chromium] [ALERT] Use this tool to delete test rows from the portal_updates and incidences tables.
Specify a min and max id_incidence (both must be at least 1000000).
Check 'Dry Run' to preview what would be deleted without making changes.
Warning: This cannot delete real data (id_incidence < 1000000 is not allowed).
For safety, always do a dry run first!
[ALERT] Summary:
portal_updates: 207 row(s) would be deleted
id_incidence(s): [ 1002021, 1002022, 1002031, 1002032, 1002041, 1002051, 1002052 ]
incidences: 7 row(s) would be deleted
id_incidence(s): [ 1002021, 1002022, 1002031, 1002032, 1002041, 1002051, 1002052 ]

This was a dry run. No data was deleted.
PASSED
tests/e2e/test_delete_testing_data.py::test_delete_button_and_real_delete[chromium] [ALERT] Use this tool to delete test rows from the portal_updates and incidences tables.
Specify a min and max id_incidence (both must be at least 1000000).
Check 'Dry Run' to preview what would be deleted without making changes.
Warning: This cannot delete real data (id_incidence < 1000000 is not allowed).
For safety, always do a dry run first!
[ALERT] Summary:
portal_updates: 207 row(s) deleted
incidences: 7 row(s) deleted

Rows have been permanently deleted.
PASSED
tests/e2e/test_delete_testing_data.py::test_diagnostics_messaging[chromium] [ALERT] min_id cannot be greater than max_id.
[ALERT] Use this tool to delete test rows from the portal_updates and incidences tables.
Specify a min and max id_incidence (both must be at least 1000000).
Check 'Dry Run' to preview what would be deleted without making changes.
Warning: This cannot delete real data (id_incidence < 1000000 is not allowed).
For safety, always do a dry run first!
[ALERT] Summary:
portal_updates: 0 row(s) would be deleted
incidences: 0 row(s) would be deleted

This was a dry run. No data was deleted.
PASSED
tests/e2e/test_excel_upload_workflows.py::TestExcelUpload::test_upload_page_loads[chromium] PASSED
tests/e2e/test_excel_upload_workflows.py::TestExcelUpload::test_file_input_exists[chromium] PASSED
tests/e2e/test_excel_upload_workflows.py::TestExcelUpload::test_drop_zone_exists[chromium] PASSED
tests/e2e/test_excel_upload_workflows.py::TestExcelUpload::test_file_upload_workflow[chromium-feedback_forms\\testing_versions\\standard\\dairy_digester_operator_feedback_v006_test_01_good_data.xlsx] clear_upload_attempt_marker() called
upload_file_and_wait_for_attempt_marker() called
Upload successful: 
          
             Read-Only View
          
          
            This sector (Dairy Digester) does not currently have an interactive web form associated
            with it.
            The data is displayed below in read-only format.
          
        
PASSED
tests/e2e/test_excel_upload_workflows.py::TestExcelUpload::test_invalid_file_upload[chromium] about to call: clear_upload_attempt_marker(upload_page)
clear_upload_attempt_marker() called
about to call: upload_file_and_wait_for_attempt_marker(upload_page, temp_file)
upload_file_and_wait_for_attempt_marker() called
Invalid file rejected: 
        This file is missing a valid 'Incidence/Emission ID' (id_incidence). Please add a positive integer id_incidence to your spreadsheet before uploading.
        
      
PASSED
tests/e2e/test_excel_upload_workflows.py::TestExcelUpload::test_empty_file_upload[chromium] clear_upload_attempt_marker() called
upload_file_and_wait_for_attempt_marker() called
Empty file was rejected as expected
PASSED
tests/e2e/test_excel_upload_workflows.py::TestExcelUpload::test_large_file_upload[chromium] [DEBUG] Starting large file upload test at 15:47:20
[DEBUG] Testing upload with file: dairy_digester_operator_feedback_v006_test_01_good_data.xlsx
[DEBUG] File size: 100,985 bytes (0.10 MB)
[DEBUG] File size check completed in 0.00s
[DEBUG] About to wait for page to be ready...
[DEBUG] Page ready check completed in 0.01s
[DEBUG] About to clear upload attempt marker...
clear_upload_attempt_marker() called
[DEBUG] Clear marker completed in 0.01s
[DEBUG] About to upload file and wait for attempt marker...
upload_file_and_wait_for_attempt_marker() called
[DEBUG] File upload and marker wait completed in 1.32s
[DEBUG] About to check upload result...
[DEBUG] Page content preview: <!doctype html><html lang="en" data-e2e-ready="true"><head>
  <meta charset="utf-8">

  <!-- bootstrap css -->
  <meta name="viewport" content="width=device-width, initial-scale=1">
  <link href="http...
Large file upload successful
[DEBUG] Upload result check completed in 0.01s
[DEBUG] About to check page content for result...
Large file upload successful
[DEBUG] Total test time: 1.35s
[DEBUG] Upload rate: 0.07 MB/s
PASSED
tests/e2e/test_excel_upload_workflows.py::TestUploadPageElements::test_page_structure[chromium] PASSED
tests/e2e/test_excel_upload_workflows.py::TestUploadPageElements::test_form_structure[chromium] PASSED
tests/e2e/test_excel_upload_workflows.py::TestUploadPageElements::test_accessibility_features[chromium] PASSED
tests/e2e/test_excel_upload_workflows.py::test_excel_upload_deep_backend_validation[chromium-feedback_forms\\testing_versions\\standard\\dairy_digester_operator_feedback_v006_test_01_good_data.xlsx] clear_upload_attempt_marker() called
PASSED
tests/e2e/test_excel_upload_workflows.py::test_list_staged_diagnostics_overlay[chromium] [DIAGNOSTICS OVERLAY after modal confirm click] [JS_DIAG] Page loaded: unknown-page
Button clicked: discard-staged
Button clicked: discard-modal-confirm

PASSED
tests/e2e/test_excel_upload_workflows.py::test_upload_file_only[chromium] clear_upload_attempt_marker() called
PASSED
tests/e2e/test_excel_upload_workflows.py::test_discard_staged_file_only[chromium] clear_upload_attempt_marker() called
PASSED
tests/e2e/test_excel_upload_workflows.py::test_upload_multiple_files_only[chromium] clear_upload_attempt_marker() called
ERROR
tests/e2e/test_excel_upload_workflows.py::test_discard_each_staged_file_separately[chromium] clear_upload_attempt_marker() called
clear_upload_attempt_marker() called
PASSED
tests/e2e/test_excel_upload_workflows.py::test_upload_malformed_file_only[chromium] clear_upload_attempt_marker() called
PASSED
tests/e2e/test_excel_upload_workflows.py::test_discard_malformed_file_only[chromium] clear_upload_attempt_marker() called
[STEP] Navigated to /list_staged for staged file: id_1002001_ts_20250805_154757.json
[STEP] Found discard button for staged file: id_1002001_ts_20250805_154757.json
[STEP] Clicked discard button for staged file: id_1002001_ts_20250805_154757.json
[STEP] Discard confirm modal appeared.
[STEP] Modal confirm button is visible. Clicking...
[STEP] Modal confirm clicked and navigation complete.
[STEP] Staged file id_1002001_ts_20250805_154757.json successfully discarded and not present after reload.
PASSED
tests/e2e/test_excel_upload_workflows.py::TestRefactoredRoutes::test_upload_file_refactored_page_loads[chromium] PASSED
tests/e2e/test_excel_upload_workflows.py::TestRefactoredRoutes::test_upload_file_staged_refactored_page_loads[chromium] PASSED
tests/e2e/test_excel_upload_workflows.py::TestRefactoredRoutes::test_upload_file_refactored_workflow[chromium-feedback_forms\\testing_versions\\standard\\dairy_digester_operator_feedback_v006_test_01_good_data.xlsx] clear_upload_attempt_marker() called
Refactored upload successful: 
          
             Read-Only View
          
          
            This sector (Dairy Digester) does not currently have an interactive web form associated
            with it.
            The data is displayed below in read-only format.
          
        
PASSED
tests/e2e/test_excel_upload_workflows.py::TestRefactoredRoutes::test_upload_file_staged_refactored_workflow[chromium-feedback_forms\\testing_versions\\standard\\dairy_digester_operator_feedback_v006_test_01_good_data.xlsx] clear_upload_attempt_marker() called
Refactored staged upload failed: 
              No fields were confirmed for update. No changes saved.
              
            
PASSED
tests/e2e/test_excel_upload_workflows.py::TestRefactoredRoutes::test_upload_file_refactored_invalid_file[chromium] clear_upload_attempt_marker() called
upload_file_and_wait_for_attempt_marker() called
FAILED
tests/e2e/test_excel_upload_workflows.py::TestRefactoredRoutes::test_upload_file_staged_refactored_invalid_file[chromium] FAILED
tests/e2e/test_feedback_updates.py::test_feedback_updates_page_loads[chromium] PASSED
tests/e2e/test_feedback_updates.py::test_feedback_updates_filter_functionality[chromium] [DEBUG] User column values after filtering: ['anonymous', 'anonymous', 'anonymous', 'anonymous', 'anonymous', 'anonymous', 'anonymous', 'anonymous', 'anonymous', 'anonymous', 'anonymous', 'anonymous', 'anonymous', 'anonymous', 'anonymous', 'anonymous', 'anonymous', 'anonymous', 'anonymous', 'anonymous', 'anonymous', 'anonymous', 'anonymous', 'anonymous', 'anonymous', 'anonymous', 'anonymous', 'anonymous', 'anonymous', 'anonymous', 'anonymous', 'anonymous', 'anonymous', 'anonymous', 'anonymous', 'anonymous', 'anonymous', 'anonymous', 'anonymous', 'anonymous', 'anonymous', 'anonymous', 'anonymous', 'anonymous', 'anonymous', 'anonymous', 'anonymous', 'anonymous', 'anonymous', 'anonymous', 'anonymous', 'anonymous', 'anonymous', 'anonymous', 'anonymous', 'anonymous', 'anonymous', 'anonymous', 'anonymous', 'anonymous', 'anonymous', 'anonymous', 'anonymous', 'anonymous', 'anonymous', 'anonymous', 'anonymous', 'anonymous', 'anonymous', 'anonymous', 'anonymous', 'anonymous', 'anonymous', 'anonymous', 'anonymous', 'anonymous', 'anonymous', 'anonymous', 'anonymous', 'anonymous', 'anonymous', 'anonymous', 'anonymous', 'anonymous', 'anonymous']
PASSED
tests/e2e/test_feedback_updates.py::test_feedback_updates_download_csv_button[chromium] PASSED
tests/e2e/test_feedback_updates.py::test_feedback_updates_accessibility[chromium] PASSED
tests/e2e/test_feedback_updates.py::test_feedback_updates_empty_state[chromium] PASSED
tests/e2e/test_feedback_updates.py::test_feedback_updates_long_text_overflow[chromium] PASSED
tests/e2e/test_feedback_updates.py::test_feedback_updates_special_characters[chromium] SKIPPED
tests/e2e/test_feedback_updates.py::test_feedback_updates_date_range_boundaries[chromium] PASSED
tests/e2e/test_feedback_updates.py::test_feedback_updates_csv_download_with_filters[chromium] PASSED
tests/e2e/test_feedback_updates.py::test_feedback_updates_rapid_filter_changes[chromium] PASSED
tests/e2e/test_feedback_updates.py::test_feedback_updates_large_data_set[chromium] SKIPPED
tests/e2e/test_homepage.py::test_homepage_loads[chromium] PASSED
tests/e2e/test_homepage.py::test_homepage_empty_state[chromium] SKIPPED
tests/e2e/test_homepage.py::test_homepage_navigation_menu[chromium] PASSED
tests/e2e/test_homepage.py::test_homepage_accessibility[chromium] PASSED
tests/e2e/test_homepage.py::test_homepage_card_content_and_links[chromium] PASSED
tests/e2e/test_homepage.py::test_homepage_card_navigation[chromium] PASSED
tests/e2e/test_homepage.py::test_homepage_pagination_or_scrolling[chromium] PASSED
tests/e2e/test_homepage.py::test_homepage_special_characters_and_long_text[chromium] PASSED
tests/e2e/test_javascript_logging.py::test_diagnostics_overlay_on_diagnostic_test_page[chromium] [DIAGNOSTICS OVERLAY after load] [JS_DIAG] Page loaded: java_script_diagnostic_test

[DIAGNOSTICS OVERLAY after click] [JS_DIAG] Page loaded: java_script_diagnostic_test
Button clicked: send-diagnostic: Example diagnostic message from JS test page

PASSED
tests/e2e/test_list_uploads.py::test_list_uploads_page_loads[chromium] PASSED
tests/e2e/test_list_uploads.py::test_list_uploads_file_links[chromium] PASSED
tests/e2e/test_list_uploads.py::test_list_uploads_accessibility[chromium] PASSED
tests/e2e/test_list_uploads.py::test_list_uploads_empty_state[chromium] SKIPPED
tests/e2e/test_menu_calsmp_help.py::test_calsmp_help_menu_links[chromium] All CalSMP & Help menu links verified (presence, href, target).
PASSED
tests/e2e/test_menu_developer_utilities.py::test_developer_utilities_menu_links_and_create_incidence[chromium] 'Create Incidence (Oil & Gas)' navigated successfully to an incidence update page: http://127.0.0.1:2113/incidence_update/1002050/ and all dummy data fields were found.
'Create Incidence (Landfill)' navigated successfully to an incidence update page: http://127.0.0.1:2113/incidence_update/1002030/ and all dummy data fields were found.
All Developer Utilities menu links verified (presence, href, navigation to update page, all dummy data fields present).
PASSED
tests/e2e/test_refactored_vs_original_equivalence.py::TestRefactoredVsOriginalEquivalence::test_upload_equivalence_success_case[chromium-NOTSET] SKIPPED
tests/e2e/test_refactored_vs_original_equivalence.py::TestRefactoredVsOriginalEquivalence::test_error_handling_equivalence_no_file[chromium] PASSED
tests/e2e/test_refactored_vs_original_equivalence.py::TestRefactoredVsOriginalEquivalence::test_error_handling_equivalence_invalid_file[chromium] PASSED
tests/e2e/test_refactored_vs_original_equivalence.py::TestRefactoredVsOriginalEquivalence::test_form_structure_equivalence[chromium] PASSED
tests/e2e/test_refactored_vs_original_equivalence.py::TestRefactoredVsOriginalEquivalence::test_message_parameter_equivalence[chromium] PASSED
tests/e2e/test_refactored_vs_original_equivalence.py::TestRefactoredRouteSpecificFeatures::test_refactored_route_specific_error_messages[chromium] PASSED
tests/e2e/test_refactored_vs_original_equivalence.py::TestRefactoredRouteSpecificFeatures::test_refactored_route_navigation[chromium] PASSED
tests/e2e/test_review_staged.py::test_hide_changes_checkbox[chromium] [TIMING] Starting test_hide_changes_checkbox
[TIMING] Starting upload_and_stage_file_inline for feedback_forms/testing_versions/standard/energy_operator_feedback_v003_test_01_good_data.xlsx
[TIMING] Navigation to upload page: 0.26s
[TIMING] File upload operation: 1.30s
[TIMING] Wait for page ready: 0.02s
[DEBUG] After upload, page.url = http://127.0.0.1:2113/review_staged/1002011/id_1002011_ts_20250805_154845.json
[DEBUG] Found 26 confirm-checkboxes:
  - Checkbox 0: name=confirm_overwrite_additional_notes
  - Checkbox 1: name=confirm_overwrite_component_at_source
  - Checkbox 2: name=confirm_overwrite_contact_email
  - Checkbox 3: name=confirm_overwrite_contact_name
  - Checkbox 4: name=confirm_overwrite_contact_phone
  - Checkbox 5: name=confirm_overwrite_equipment_at_source
  - Checkbox 6: name=confirm_overwrite_facility_name
  - Checkbox 7: name=confirm_overwrite_final_repair_concentration
  - Checkbox 8: name=confirm_overwrite_id_incidence
  - Checkbox 9: name=confirm_overwrite_id_message
  - Checkbox 10: name=confirm_overwrite_id_plume
  - Checkbox 11: name=confirm_overwrite_initial_leak_concentration
  - Checkbox 12: name=confirm_overwrite_initial_mitigation_plan
  - Checkbox 13: name=confirm_overwrite_lat_carb
  - Checkbox 14: name=confirm_overwrite_long_carb
  - Checkbox 15: name=confirm_overwrite_method21_date
  - Checkbox 16: name=confirm_overwrite_method21_performed
  - Checkbox 17: name=confirm_overwrite_method21_result
  - Checkbox 18: name=confirm_overwrite_observation_timestamp
  - Checkbox 19: name=confirm_overwrite_ogi_date
  - Checkbox 20: name=confirm_overwrite_ogi_performed
  - Checkbox 21: name=confirm_overwrite_ogi_result
  - Checkbox 22: name=confirm_overwrite_repair_description
  - Checkbox 23: name=confirm_overwrite_repair_timestamp
  - Checkbox 24: name=confirm_overwrite_sector
  - Checkbox 25: name=confirm_overwrite_venting_description_2
[DEBUG] Found 2 alert/info messages:
  - Alert 0: error 'charmap' codec can't encode character '\u2705' in position 13: character maps to <undefined>
  - Alert 1: error 'charmap' codec can't encode character '\U0001f4cb' in position 13: character maps to <undefined>
[TIMING] Diagnostics collection: 0.24s
[TIMING] Total upload_and_stage_file_inline time: 1.82s
[TIMING] Cached upload result for feedback_forms/testing_versions/standard/energy_operator_feedback_v003_test_01_good_data.xlsx
[TIMING] Setup time: 1.82s
SKIPPED
tests/e2e/test_review_staged.py::test_field_search_filter[chromium] [TIMING] Starting test_field_search_filter
[TIMING] Using cached upload result for feedback_forms/testing_versions/standard/energy_operator_feedback_v003_test_01_good_data.xlsx
[TIMING] Setup time: 0.00s
[TIMING] Test logic time: 0.57s
[TIMING] Total test_field_search_filter time: 0.57s
PASSED
tests/e2e/test_review_staged.py::test_change_summary_card[chromium] [TIMING] Starting test_change_summary_card
[TIMING] Using cached upload result for feedback_forms/testing_versions/standard/energy_operator_feedback_v003_test_01_good_data.xlsx
[TIMING] Setup time: 0.00s
[TIMING] Test logic time: 0.55s
[TIMING] Total test_change_summary_card time: 0.55s
PASSED
tests/e2e/test_review_staged.py::test_cancel_and_save_buttons[chromium] [TIMING] Starting test_cancel_and_save_buttons
[TIMING] Using cached upload result for feedback_forms/testing_versions/standard/energy_operator_feedback_v003_test_01_good_data.xlsx
[TIMING] Setup time: 0.00s
[TIMING] Test logic time: 1.27s
[TIMING] Total test_cancel_and_save_buttons time: 1.27s
PASSED
tests/e2e/test_review_staged.py::test_confirm_checkboxes[chromium] [TIMING] Starting test_confirm_checkboxes
[TIMING] Using cached upload result for feedback_forms/testing_versions/standard/energy_operator_feedback_v003_test_01_good_data.xlsx
[TIMING] Setup time: 0.00s
[TIMING] Test logic time: 1.37s
[TIMING] Total test_confirm_checkboxes time: 1.37s
PASSED
tests/e2e/test_review_staged.py::test_incremental_upload[chromium-feedback_forms/testing_versions/standard/dairy_digester_operator_feedback_v006_test_01_good_data.xlsx] [TIMING] Starting test_incremental_upload for feedback_forms/testing_versions/standard/dairy_digester_operator_feedback_v006_test_01_good_data.xlsx
[TIMING] Starting clear_test_data_inline
[TIMING] Navigation to delete page: 0.24s
[TIMING] Form filling: 0.09s
[TIMING] Click preview button: 0.05s
[TIMING] Modal confirmation (OPTIMIZED): 1.33s
[TIMING] Total clear_test_data_inline time: 1.70s
[DEBUG] Test data cleared via UI at /delete_testing_range
[TIMING] Clear test data time: 1.70s
Running incremental upload test for: feedback_forms/testing_versions/standard/dairy_digester_operator_feedback_v006_test_01_good_data.xlsx
[TIMING] Navigation to upload page: 0.10s
[TIMING] First file upload: 1.46s
[DEBUG] After upload, page.url = http://127.0.0.1:2113/review_staged/1002001/id_1002001_ts_20250805_154853.json
[CHECKBOX DIAGNOSTICS] Found 43 checkboxes on the page:
  - Checkbox 0: name/id='hideUnchangedFields', checked=False
  - Checkbox 1: name/id='selectAllConfirmations', checked=False
  - Checkbox 2: name/id='confirm_overwrite_able_to_repair', checked=False
  - Checkbox 3: name/id='confirm_overwrite_additional_activities', checked=False
  - Checkbox 4: name/id='confirm_overwrite_additional_manure_management', checked=False
checking box named: confirm_overwrite_able_to_repair
checking box named: confirm_overwrite_additional_manure_management
A total of 2 check boxes were selected (limited to 5 for performance).
[TIMING] Checkbox operations (OPTIMIZED): 0.18s
  - Checkbox 0: name/id='hideUnchangedFields', checked=False
  - Checkbox 1: name/id='selectAllConfirmations', checked=False
  - Checkbox 2: name/id='confirm_overwrite_able_to_repair', checked=True
  - Checkbox 3: name/id='confirm_overwrite_additional_activities', checked=False
  - Checkbox 4: name/id='confirm_overwrite_additional_manure_management', checked=True
[DEBUG] After first save, navigated to: http://127.0.0.1:2113/upload_staged
[TIMING] First save operation: 0.58s
[DEBUG] After re-upload, page.url = http://127.0.0.1:2113/review_staged/1002001/id_1002001_ts_20250805_154855.json
[TIMING] Second file upload: 1.18s
[CHECKBOX DIAGNOSTICS] (2nd upload) Found 41 checkboxes on the page:
  - Checkbox 0: name/id='hideUnchangedFields', checked=False
  - Checkbox 1: name/id='selectAllConfirmations', checked=False
  - Checkbox 2: name/id='confirm_overwrite_additional_activities', checked=False
checking box named: confirm_overwrite_additional_activities
  - Checkbox 3: name/id='confirm_overwrite_additional_notes', checked=False
checking box named: confirm_overwrite_additional_notes
  - Checkbox 4: name/id='confirm_overwrite_anaerobic_digestion_portion', checked=False
checking box named: confirm_overwrite_anaerobic_digestion_portion
A total of 3 check boxes were selected on 2nd upload (limited to 5 for performance).
[TIMING] Second checkbox operations (OPTIMIZED): 0.27s
[DEBUG] After second save, navigated to: http://127.0.0.1:2113/upload_staged
[TIMING] Second save operation: 0.59s
[DEBUG] After 3rd upload, page.url = http://127.0.0.1:2113/review_staged/1002001/id_1002001_ts_20250805_154857.json
[TIMING] Third file upload: 1.27s
[CHECKBOX DIAGNOSTICS] (3rd upload) Found 38 checkboxes on the page:
  - Checkbox 0: name/id='hideUnchangedFields', checked=False
[SUCCESS] All checkboxes have been processed
[TIMING] Third checkbox operations: 0.03s
  - Checkbox 1: name/id='selectAllConfirmations', checked=False
[SUCCESS] All checkboxes have been processed
[TIMING] Third checkbox operations: 0.06s
  - Checkbox 2: name/id='confirm_overwrite_bio_biogas_conditioning', checked=False
[INFO] Found 1 remaining confirmable checkboxes (expected due to performance optimization)
[INFO] This is expected behavior when limiting checkbox processing for performance
[TIMING] Third checkbox operations: 0.08s
  - Checkbox 3: name/id='confirm_overwrite_bio_covered_lagoon', checked=False
[INFO] Found 2 remaining confirmable checkboxes (expected due to performance optimization)
[INFO] This is expected behavior when limiting checkbox processing for performance
[TIMING] Third checkbox operations: 0.10s
  - Checkbox 4: name/id='confirm_overwrite_bio_heating', checked=False
[INFO] Found 3 remaining confirmable checkboxes (expected due to performance optimization)
[INFO] This is expected behavior when limiting checkbox processing for performance
[TIMING] Third checkbox operations: 0.12s
  - Checkbox 5: name/id='confirm_overwrite_bio_onsite_fuel', checked=False
[INFO] Found 4 remaining confirmable checkboxes (expected due to performance optimization)
[INFO] This is expected behavior when limiting checkbox processing for performance
[TIMING] Third checkbox operations: 0.13s
  - Checkbox 6: name/id='confirm_overwrite_contact_email', checked=False
[INFO] Found 5 remaining confirmable checkboxes (expected due to performance optimization)
[INFO] This is expected behavior when limiting checkbox processing for performance
[TIMING] Third checkbox operations: 0.15s
  - Checkbox 7: name/id='confirm_overwrite_contact_name', checked=False
[INFO] Found 6 remaining confirmable checkboxes (expected due to performance optimization)
[INFO] This is expected behavior when limiting checkbox processing for performance
[TIMING] Third checkbox operations: 0.16s
  - Checkbox 8: name/id='confirm_overwrite_contact_phone', checked=False
[INFO] Found 7 remaining confirmable checkboxes (expected due to performance optimization)
[INFO] This is expected behavior when limiting checkbox processing for performance
[TIMING] Third checkbox operations: 0.17s
  - Checkbox 9: name/id='confirm_overwrite_digester_facility_name', checked=False
[INFO] Found 8 remaining confirmable checkboxes (expected due to performance optimization)
[INFO] This is expected behavior when limiting checkbox processing for performance
[TIMING] Third checkbox operations: 0.19s
  - Checkbox 10: name/id='confirm_overwrite_emission_cause', checked=False
[INFO] Found 9 remaining confirmable checkboxes (expected due to performance optimization)
[INFO] This is expected behavior when limiting checkbox processing for performance
[TIMING] Third checkbox operations: 0.22s
  - Checkbox 11: name/id='confirm_overwrite_emission_cause_notes', checked=False
[INFO] Found 10 remaining confirmable checkboxes (expected due to performance optimization)
[INFO] This is expected behavior when limiting checkbox processing for performance
[TIMING] Third checkbox operations: 0.25s
  - Checkbox 12: name/id='confirm_overwrite_emission_location', checked=False
[INFO] Found 11 remaining confirmable checkboxes (expected due to performance optimization)
[INFO] This is expected behavior when limiting checkbox processing for performance
[TIMING] Third checkbox operations: 0.28s
  - Checkbox 13: name/id='confirm_overwrite_emission_location_notes', checked=False
[INFO] Found 12 remaining confirmable checkboxes (expected due to performance optimization)
[INFO] This is expected behavior when limiting checkbox processing for performance
[TIMING] Third checkbox operations: 0.30s
  - Checkbox 14: name/id='confirm_overwrite_emission_type_fk', checked=False
[INFO] Found 13 remaining confirmable checkboxes (expected due to performance optimization)
[INFO] This is expected behavior when limiting checkbox processing for performance
[TIMING] Third checkbox operations: 0.32s
  - Checkbox 15: name/id='confirm_overwrite_id_arb_ciwqs', checked=False
[INFO] Found 14 remaining confirmable checkboxes (expected due to performance optimization)
[INFO] This is expected behavior when limiting checkbox processing for performance
[TIMING] Third checkbox operations: 0.33s
  - Checkbox 16: name/id='confirm_overwrite_id_incidence', checked=False
[INFO] Found 15 remaining confirmable checkboxes (expected due to performance optimization)
[INFO] This is expected behavior when limiting checkbox processing for performance
[TIMING] Third checkbox operations: 0.35s
  - Checkbox 17: name/id='confirm_overwrite_id_message', checked=False
[INFO] Found 16 remaining confirmable checkboxes (expected due to performance optimization)
[INFO] This is expected behavior when limiting checkbox processing for performance
[TIMING] Third checkbox operations: 0.36s
  - Checkbox 18: name/id='confirm_overwrite_id_plume', checked=False
[INFO] Found 17 remaining confirmable checkboxes (expected due to performance optimization)
[INFO] This is expected behavior when limiting checkbox processing for performance
[TIMING] Third checkbox operations: 0.38s
  - Checkbox 19: name/id='confirm_overwrite_initial_leak_concentration', checked=False
[INFO] Found 18 remaining confirmable checkboxes (expected due to performance optimization)
[INFO] This is expected behavior when limiting checkbox processing for performance
[TIMING] Third checkbox operations: 0.39s
  - Checkbox 20: name/id='confirm_overwrite_inspection_timestamp', checked=False
[INFO] Found 19 remaining confirmable checkboxes (expected due to performance optimization)
[INFO] This is expected behavior when limiting checkbox processing for performance
[TIMING] Third checkbox operations: 0.41s
  - Checkbox 21: name/id='confirm_overwrite_instrument', checked=False
[INFO] Found 20 remaining confirmable checkboxes (expected due to performance optimization)
[INFO] This is expected behavior when limiting checkbox processing for performance
[TIMING] Third checkbox operations: 0.43s
  - Checkbox 22: name/id='confirm_overwrite_lat_carb', checked=False
[INFO] Found 21 remaining confirmable checkboxes (expected due to performance optimization)
[INFO] This is expected behavior when limiting checkbox processing for performance
[TIMING] Third checkbox operations: 0.44s
  - Checkbox 23: name/id='confirm_overwrite_livestock_facility_name', checked=False
[INFO] Found 22 remaining confirmable checkboxes (expected due to performance optimization)
[INFO] This is expected behavior when limiting checkbox processing for performance
[TIMING] Third checkbox operations: 0.46s
  - Checkbox 24: name/id='confirm_overwrite_long_carb', checked=False
[INFO] Found 23 remaining confirmable checkboxes (expected due to performance optimization)
[INFO] This is expected behavior when limiting checkbox processing for performance
[TIMING] Third checkbox operations: 0.47s
  - Checkbox 25: name/id='confirm_overwrite_manure_daily_spread', checked=False
[INFO] Found 24 remaining confirmable checkboxes (expected due to performance optimization)
[INFO] This is expected behavior when limiting checkbox processing for performance
[TIMING] Third checkbox operations: 0.47s
  - Checkbox 26: name/id='confirm_overwrite_manure_gravity_separator', checked=False
[INFO] Found 25 remaining confirmable checkboxes (expected due to performance optimization)
[INFO] This is expected behavior when limiting checkbox processing for performance
[TIMING] Third checkbox operations: 0.49s
  - Checkbox 27: name/id='confirm_overwrite_manure_pasture', checked=False
[INFO] Found 26 remaining confirmable checkboxes (expected due to performance optimization)
[INFO] This is expected behavior when limiting checkbox processing for performance
[TIMING] Third checkbox operations: 0.51s
  - Checkbox 28: name/id='confirm_overwrite_manure_slatted_floor', checked=False
[INFO] Found 27 remaining confirmable checkboxes (expected due to performance optimization)
[INFO] This is expected behavior when limiting checkbox processing for performance
[TIMING] Third checkbox operations: 0.52s
  - Checkbox 29: name/id='confirm_overwrite_manure_solar_drying', checked=False
[INFO] Found 28 remaining confirmable checkboxes (expected due to performance optimization)
[INFO] This is expected behavior when limiting checkbox processing for performance
[TIMING] Third checkbox operations: 0.55s
  - Checkbox 30: name/id='confirm_overwrite_manure_solid_dry_scrape', checked=False
[INFO] Found 29 remaining confirmable checkboxes (expected due to performance optimization)
[INFO] This is expected behavior when limiting checkbox processing for performance
[TIMING] Third checkbox operations: 0.57s
  - Checkbox 31: name/id='confirm_overwrite_manure_vermifiltration', checked=False
[INFO] Found 30 remaining confirmable checkboxes (expected due to performance optimization)
[INFO] This is expected behavior when limiting checkbox processing for performance
[TIMING] Third checkbox operations: 0.58s
  - Checkbox 32: name/id='confirm_overwrite_mitigation_actions', checked=False
[INFO] Found 31 remaining confirmable checkboxes (expected due to performance optimization)
[INFO] This is expected behavior when limiting checkbox processing for performance
[TIMING] Third checkbox operations: 0.60s
  - Checkbox 33: name/id='confirm_overwrite_mitigation_timestamp', checked=False
[INFO] Found 32 remaining confirmable checkboxes (expected due to performance optimization)
[INFO] This is expected behavior when limiting checkbox processing for performance
[TIMING] Third checkbox operations: 0.63s
  - Checkbox 34: name/id='confirm_overwrite_observation_timestamp', checked=False
[INFO] Found 33 remaining confirmable checkboxes (expected due to performance optimization)
[INFO] This is expected behavior when limiting checkbox processing for performance
[TIMING] Third checkbox operations: 0.65s
  - Checkbox 35: name/id='confirm_overwrite_sector', checked=False
[INFO] Found 34 remaining confirmable checkboxes (expected due to performance optimization)
[INFO] This is expected behavior when limiting checkbox processing for performance
[TIMING] Third checkbox operations: 0.68s
  - Checkbox 36: name/id='confirm_overwrite_transport_method', checked=False
[INFO] Found 35 remaining confirmable checkboxes (expected due to performance optimization)
[INFO] This is expected behavior when limiting checkbox processing for performance
[TIMING] Third checkbox operations: 0.69s
  - Checkbox 37: name/id='confirm_overwrite_transport_recipient', checked=False
[INFO] Found 36 remaining confirmable checkboxes (expected due to performance optimization)
[INFO] This is expected behavior when limiting checkbox processing for performance
[TIMING] Third checkbox operations: 0.71s
[TIMING] Total test_incremental_upload time: 8.10s
[TIMING] Breakdown:
  - Clear test data: 1.70s
  - Navigation: 0.10s
  - First upload: 1.46s
  - First checkbox ops: 0.18s
  - First save: 0.58s
  - Second upload: 1.18s
  - Second checkbox ops: 0.27s
  - Second save: 0.59s
  - Third upload: 1.27s
  - Third checkbox ops: 0.71s
PASSED
tests/e2e/test_excel_upload_workflows.py::TestExcelUpload::test_file_upload_workflow[chromium-feedback_forms\\testing_versions\\standard\\dairy_digester_operator_feedback_v006_test_02_bad_data.xlsx] clear_upload_attempt_marker() called
upload_file_and_wait_for_attempt_marker() called
Upload successful: 
          
             Read-Only View
          
          
            This sector (Dairy Digester) does not currently have an interactive web form associated
            with it.
            The data is displayed below in read-only format.
          
        
PASSED
tests/e2e/test_excel_upload_workflows.py::test_excel_upload_deep_backend_validation[chromium-feedback_forms\\testing_versions\\standard\\dairy_digester_operator_feedback_v006_test_02_bad_data.xlsx] clear_upload_attempt_marker() called
PASSED
tests/e2e/test_excel_upload_workflows.py::TestRefactoredRoutes::test_upload_file_refactored_workflow[chromium-feedback_forms\\testing_versions\\standard\\dairy_digester_operator_feedback_v006_test_02_bad_data.xlsx] clear_upload_attempt_marker() called
Refactored upload successful: 
          
             Read-Only View
          
          
            This sector (Dairy Digester) does not currently have an interactive web form associated
            with it.
            The data is displayed below in read-only format.
          
        
PASSED
tests/e2e/test_excel_upload_workflows.py::TestRefactoredRoutes::test_upload_file_staged_refactored_workflow[chromium-feedback_forms\\testing_versions\\standard\\dairy_digester_operator_feedback_v006_test_02_bad_data.xlsx] clear_upload_attempt_marker() called
Refactored staged upload failed: 
              No fields were confirmed for update. No changes saved.
              
            
PASSED
tests/e2e/test_review_staged.py::test_incremental_upload[chromium-feedback_forms/testing_versions/standard/energy_operator_feedback_v003_test_01_good_data.xlsx] [TIMING] Starting test_incremental_upload for feedback_forms/testing_versions/standard/energy_operator_feedback_v003_test_01_good_data.xlsx
[TIMING] Starting clear_test_data_inline
[TIMING] Navigation to delete page: 0.23s
[TIMING] Form filling: 0.07s
[TIMING] Click preview button: 0.07s
[TIMING] Modal confirmation (OPTIMIZED): 1.33s
[TIMING] Total clear_test_data_inline time: 1.69s
[DEBUG] Test data cleared via UI at /delete_testing_range
[TIMING] Clear test data time: 1.69s
Running incremental upload test for: feedback_forms/testing_versions/standard/energy_operator_feedback_v003_test_01_good_data.xlsx
[TIMING] Navigation to upload page: 0.09s
[TIMING] First file upload: 1.81s
[DEBUG] After upload, page.url = http://127.0.0.1:2113/review_staged/1002011/id_1002011_ts_20250805_154915.json
[CHECKBOX DIAGNOSTICS] Found 28 checkboxes on the page:
  - Checkbox 0: name/id='hideUnchangedFields', checked=False
  - Checkbox 1: name/id='selectAllConfirmations', checked=False
  - Checkbox 2: name/id='confirm_overwrite_additional_notes', checked=False
  - Checkbox 3: name/id='confirm_overwrite_component_at_source', checked=False
  - Checkbox 4: name/id='confirm_overwrite_contact_email', checked=False
checking box named: confirm_overwrite_additional_notes
checking box named: confirm_overwrite_contact_email
A total of 2 check boxes were selected (limited to 5 for performance).
[TIMING] Checkbox operations (OPTIMIZED): 0.18s
  - Checkbox 0: name/id='hideUnchangedFields', checked=False
  - Checkbox 1: name/id='selectAllConfirmations', checked=False
  - Checkbox 2: name/id='confirm_overwrite_additional_notes', checked=True
  - Checkbox 3: name/id='confirm_overwrite_component_at_source', checked=False
  - Checkbox 4: name/id='confirm_overwrite_contact_email', checked=True
[DEBUG] After first save, navigated to: http://127.0.0.1:2113/upload_staged
[TIMING] First save operation: 0.58s
[DEBUG] After re-upload, page.url = http://127.0.0.1:2113/review_staged/1002011/id_1002011_ts_20250805_154918.json
[TIMING] Second file upload: 1.25s
[CHECKBOX DIAGNOSTICS] (2nd upload) Found 26 checkboxes on the page:
  - Checkbox 0: name/id='hideUnchangedFields', checked=False
  - Checkbox 1: name/id='selectAllConfirmations', checked=False
  - Checkbox 2: name/id='confirm_overwrite_component_at_source', checked=False
checking box named: confirm_overwrite_component_at_source
  - Checkbox 3: name/id='confirm_overwrite_contact_name', checked=False
checking box named: confirm_overwrite_contact_name
  - Checkbox 4: name/id='confirm_overwrite_contact_phone', checked=False
checking box named: confirm_overwrite_contact_phone
A total of 3 check boxes were selected on 2nd upload (limited to 5 for performance).
[TIMING] Second checkbox operations (OPTIMIZED): 0.24s
[DEBUG] After second save, navigated to: http://127.0.0.1:2113/upload_staged
[TIMING] Second save operation: 0.60s
[DEBUG] After 3rd upload, page.url = http://127.0.0.1:2113/review_staged/1002011/id_1002011_ts_20250805_154920.json
[TIMING] Third file upload: 1.14s
[CHECKBOX DIAGNOSTICS] (3rd upload) Found 23 checkboxes on the page:
  - Checkbox 0: name/id='hideUnchangedFields', checked=False
[SUCCESS] All checkboxes have been processed
[TIMING] Third checkbox operations: 0.04s
  - Checkbox 1: name/id='selectAllConfirmations', checked=False
[SUCCESS] All checkboxes have been processed
[TIMING] Third checkbox operations: 0.07s
  - Checkbox 2: name/id='confirm_overwrite_equipment_at_source', checked=False
[INFO] Found 1 remaining confirmable checkboxes (expected due to performance optimization)
[INFO] This is expected behavior when limiting checkbox processing for performance
[TIMING] Third checkbox operations: 0.09s
  - Checkbox 3: name/id='confirm_overwrite_facility_name', checked=False
[INFO] Found 2 remaining confirmable checkboxes (expected due to performance optimization)
[INFO] This is expected behavior when limiting checkbox processing for performance
[TIMING] Third checkbox operations: 0.12s
  - Checkbox 4: name/id='confirm_overwrite_final_repair_concentration', checked=False
[INFO] Found 3 remaining confirmable checkboxes (expected due to performance optimization)
[INFO] This is expected behavior when limiting checkbox processing for performance
[TIMING] Third checkbox operations: 0.14s
  - Checkbox 5: name/id='confirm_overwrite_id_incidence', checked=False
[INFO] Found 4 remaining confirmable checkboxes (expected due to performance optimization)
[INFO] This is expected behavior when limiting checkbox processing for performance
[TIMING] Third checkbox operations: 0.16s
  - Checkbox 6: name/id='confirm_overwrite_id_message', checked=False
[INFO] Found 5 remaining confirmable checkboxes (expected due to performance optimization)
[INFO] This is expected behavior when limiting checkbox processing for performance
[TIMING] Third checkbox operations: 0.17s
  - Checkbox 7: name/id='confirm_overwrite_id_plume', checked=False
[INFO] Found 6 remaining confirmable checkboxes (expected due to performance optimization)
[INFO] This is expected behavior when limiting checkbox processing for performance
[TIMING] Third checkbox operations: 0.20s
  - Checkbox 8: name/id='confirm_overwrite_initial_leak_concentration', checked=False
[INFO] Found 7 remaining confirmable checkboxes (expected due to performance optimization)
[INFO] This is expected behavior when limiting checkbox processing for performance
[TIMING] Third checkbox operations: 0.22s
  - Checkbox 9: name/id='confirm_overwrite_initial_mitigation_plan', checked=False
[INFO] Found 8 remaining confirmable checkboxes (expected due to performance optimization)
[INFO] This is expected behavior when limiting checkbox processing for performance
[TIMING] Third checkbox operations: 0.23s
  - Checkbox 10: name/id='confirm_overwrite_lat_carb', checked=False
[INFO] Found 9 remaining confirmable checkboxes (expected due to performance optimization)
[INFO] This is expected behavior when limiting checkbox processing for performance
[TIMING] Third checkbox operations: 0.26s
  - Checkbox 11: name/id='confirm_overwrite_long_carb', checked=False
[INFO] Found 10 remaining confirmable checkboxes (expected due to performance optimization)
[INFO] This is expected behavior when limiting checkbox processing for performance
[TIMING] Third checkbox operations: 0.27s
  - Checkbox 12: name/id='confirm_overwrite_method21_date', checked=False
[INFO] Found 11 remaining confirmable checkboxes (expected due to performance optimization)
[INFO] This is expected behavior when limiting checkbox processing for performance
[TIMING] Third checkbox operations: 0.29s
  - Checkbox 13: name/id='confirm_overwrite_method21_performed', checked=False
[INFO] Found 12 remaining confirmable checkboxes (expected due to performance optimization)
[INFO] This is expected behavior when limiting checkbox processing for performance
[TIMING] Third checkbox operations: 0.30s
  - Checkbox 14: name/id='confirm_overwrite_method21_result', checked=False
[INFO] Found 13 remaining confirmable checkboxes (expected due to performance optimization)
[INFO] This is expected behavior when limiting checkbox processing for performance
[TIMING] Third checkbox operations: 0.32s
  - Checkbox 15: name/id='confirm_overwrite_observation_timestamp', checked=False
[INFO] Found 14 remaining confirmable checkboxes (expected due to performance optimization)
[INFO] This is expected behavior when limiting checkbox processing for performance
[TIMING] Third checkbox operations: 0.35s
  - Checkbox 16: name/id='confirm_overwrite_ogi_date', checked=False
[INFO] Found 15 remaining confirmable checkboxes (expected due to performance optimization)
[INFO] This is expected behavior when limiting checkbox processing for performance
[TIMING] Third checkbox operations: 0.38s
  - Checkbox 17: name/id='confirm_overwrite_ogi_performed', checked=False
[INFO] Found 16 remaining confirmable checkboxes (expected due to performance optimization)
[INFO] This is expected behavior when limiting checkbox processing for performance
[TIMING] Third checkbox operations: 0.41s
  - Checkbox 18: name/id='confirm_overwrite_ogi_result', checked=False
[INFO] Found 17 remaining confirmable checkboxes (expected due to performance optimization)
[INFO] This is expected behavior when limiting checkbox processing for performance
[TIMING] Third checkbox operations: 0.45s
  - Checkbox 19: name/id='confirm_overwrite_repair_description', checked=False
[INFO] Found 18 remaining confirmable checkboxes (expected due to performance optimization)
[INFO] This is expected behavior when limiting checkbox processing for performance
[TIMING] Third checkbox operations: 0.46s
  - Checkbox 20: name/id='confirm_overwrite_repair_timestamp', checked=False
[INFO] Found 19 remaining confirmable checkboxes (expected due to performance optimization)
[INFO] This is expected behavior when limiting checkbox processing for performance
[TIMING] Third checkbox operations: 0.48s
  - Checkbox 21: name/id='confirm_overwrite_sector', checked=False
[INFO] Found 20 remaining confirmable checkboxes (expected due to performance optimization)
[INFO] This is expected behavior when limiting checkbox processing for performance
[TIMING] Third checkbox operations: 0.49s
  - Checkbox 22: name/id='confirm_overwrite_venting_description_2', checked=False
[INFO] Found 21 remaining confirmable checkboxes (expected due to performance optimization)
[INFO] This is expected behavior when limiting checkbox processing for performance
[TIMING] Third checkbox operations: 0.51s
[TIMING] Total test_incremental_upload time: 8.16s
[TIMING] Breakdown:
  - Clear test data: 1.69s
  - Navigation: 0.09s
  - First upload: 1.81s
  - First checkbox ops: 0.18s
  - First save: 0.58s
  - Second upload: 1.25s
  - Second checkbox ops: 0.24s
  - Second save: 0.60s
  - Third upload: 1.14s
  - Third checkbox ops: 0.51s
PASSED
tests/e2e/test_excel_upload_workflows.py::TestExcelUpload::test_file_upload_workflow[chromium-feedback_forms\\testing_versions\\standard\\dairy_digester_operator_feedback_v006_test_03_blank.xlsx] clear_upload_attempt_marker() called
upload_file_and_wait_for_attempt_marker() called
Upload failed: 
        This file is missing a valid 'Incidence/Emission ID' (id_incidence). Please add a positive integer id_incidence to your spreadsheet before uploading.
        
      
PASSED
tests/e2e/test_excel_upload_workflows.py::test_excel_upload_deep_backend_validation[chromium-feedback_forms\\testing_versions\\standard\\dairy_digester_operator_feedback_v006_test_03_blank.xlsx] clear_upload_attempt_marker() called
Upload blocked due to missing/invalid id_incidence as expected.
PASSED
tests/e2e/test_excel_upload_workflows.py::TestRefactoredRoutes::test_upload_file_refactored_workflow[chromium-feedback_forms\\testing_versions\\standard\\dairy_digester_operator_feedback_v006_test_03_blank.xlsx] clear_upload_attempt_marker() called
Refactored upload failed: 
        This file is missing a valid 'Incidence/Emission ID' (id_incidence). Please add a positive integer id_incidence to your spreadsheet before uploading.
        
      
PASSED
tests/e2e/test_excel_upload_workflows.py::TestRefactoredRoutes::test_upload_file_staged_refactored_workflow[chromium-feedback_forms\\testing_versions\\standard\\dairy_digester_operator_feedback_v006_test_03_blank.xlsx] clear_upload_attempt_marker() called
Refactored staged upload successful: 
          Status: This file is missing a valid 'Incidence/Emission ID' (id_incidence). Please add a positive integer id_incidence to your spreadsheet before uploading.
          
        
PASSED
tests/e2e/test_review_staged.py::test_incremental_upload[chromium-feedback_forms/testing_versions/standard/generic_operator_feedback_v002_test_01_good_data.xlsx] [TIMING] Starting test_incremental_upload for feedback_forms/testing_versions/standard/generic_operator_feedback_v002_test_01_good_data.xlsx
[TIMING] Starting clear_test_data_inline
[TIMING] Navigation to delete page: 0.25s
[TIMING] Form filling: 0.07s
[TIMING] Click preview button: 0.05s
[TIMING] Modal confirmation (OPTIMIZED): 1.38s
[TIMING] Total clear_test_data_inline time: 1.75s
[DEBUG] Test data cleared via UI at /delete_testing_range
[TIMING] Clear test data time: 1.75s
Running incremental upload test for: feedback_forms/testing_versions/standard/generic_operator_feedback_v002_test_01_good_data.xlsx
[TIMING] Navigation to upload page: 0.10s
[TIMING] First file upload: 1.34s
[DEBUG] After upload, page.url = http://127.0.0.1:2113/review_staged/1002021/id_1002021_ts_20250805_154927.json
[CHECKBOX DIAGNOSTICS] Found 30 checkboxes on the page:
  - Checkbox 0: name/id='hideUnchangedFields', checked=False
  - Checkbox 1: name/id='selectAllConfirmations', checked=False
  - Checkbox 2: name/id='confirm_overwrite_additional_activities', checked=False
  - Checkbox 3: name/id='confirm_overwrite_additional_inspection_notes', checked=False
  - Checkbox 4: name/id='confirm_overwrite_additional_notes', checked=False
checking box named: confirm_overwrite_additional_activities
checking box named: confirm_overwrite_additional_notes
A total of 2 check boxes were selected (limited to 5 for performance).
[TIMING] Checkbox operations (OPTIMIZED): 0.25s
  - Checkbox 0: name/id='hideUnchangedFields', checked=False
  - Checkbox 1: name/id='selectAllConfirmations', checked=False
  - Checkbox 2: name/id='confirm_overwrite_additional_activities', checked=True
  - Checkbox 3: name/id='confirm_overwrite_additional_inspection_notes', checked=False
  - Checkbox 4: name/id='confirm_overwrite_additional_notes', checked=True
[DEBUG] After first save, navigated to: http://127.0.0.1:2113/upload_staged
[TIMING] First save operation: 0.56s
[DEBUG] After re-upload, page.url = http://127.0.0.1:2113/review_staged/1002021/id_1002021_ts_20250805_154930.json
[TIMING] Second file upload: 1.13s
[CHECKBOX DIAGNOSTICS] (2nd upload) Found 28 checkboxes on the page:
  - Checkbox 0: name/id='hideUnchangedFields', checked=False
  - Checkbox 1: name/id='selectAllConfirmations', checked=False
  - Checkbox 2: name/id='confirm_overwrite_additional_inspection_notes', checked=False
checking box named: confirm_overwrite_additional_inspection_notes
  - Checkbox 3: name/id='confirm_overwrite_contact_email', checked=False
checking box named: confirm_overwrite_contact_email
  - Checkbox 4: name/id='confirm_overwrite_contact_name', checked=False
checking box named: confirm_overwrite_contact_name
A total of 3 check boxes were selected on 2nd upload (limited to 5 for performance).
[TIMING] Second checkbox operations (OPTIMIZED): 0.24s
[DEBUG] After second save, navigated to: http://127.0.0.1:2113/upload_staged
[TIMING] Second save operation: 0.59s
[DEBUG] After 3rd upload, page.url = http://127.0.0.1:2113/review_staged/1002021/id_1002021_ts_20250805_154932.json
[TIMING] Third file upload: 1.19s
[CHECKBOX DIAGNOSTICS] (3rd upload) Found 25 checkboxes on the page:
  - Checkbox 0: name/id='hideUnchangedFields', checked=False
[SUCCESS] All checkboxes have been processed
[TIMING] Third checkbox operations: 0.03s
  - Checkbox 1: name/id='selectAllConfirmations', checked=False
[SUCCESS] All checkboxes have been processed
[TIMING] Third checkbox operations: 0.05s
  - Checkbox 2: name/id='confirm_overwrite_contact_phone', checked=False
[INFO] Found 1 remaining confirmable checkboxes (expected due to performance optimization)
[INFO] This is expected behavior when limiting checkbox processing for performance
[TIMING] Third checkbox operations: 0.06s
  - Checkbox 3: name/id='confirm_overwrite_emission_identified_flag_fk', checked=False
[INFO] Found 2 remaining confirmable checkboxes (expected due to performance optimization)
[INFO] This is expected behavior when limiting checkbox processing for performance
[TIMING] Third checkbox operations: 0.08s
  - Checkbox 4: name/id='confirm_overwrite_facility_name', checked=False
[INFO] Found 3 remaining confirmable checkboxes (expected due to performance optimization)
[INFO] This is expected behavior when limiting checkbox processing for performance
[TIMING] Third checkbox operations: 0.09s
  - Checkbox 5: name/id='confirm_overwrite_id_arb', checked=False
[INFO] Found 4 remaining confirmable checkboxes (expected due to performance optimization)
[INFO] This is expected behavior when limiting checkbox processing for performance
[TIMING] Third checkbox operations: 0.11s
  - Checkbox 6: name/id='confirm_overwrite_id_arb_swis', checked=False
[INFO] Found 5 remaining confirmable checkboxes (expected due to performance optimization)
[INFO] This is expected behavior when limiting checkbox processing for performance
[TIMING] Third checkbox operations: 0.12s
  - Checkbox 7: name/id='confirm_overwrite_id_incidence', checked=False
[INFO] Found 6 remaining confirmable checkboxes (expected due to performance optimization)
[INFO] This is expected behavior when limiting checkbox processing for performance
[TIMING] Third checkbox operations: 0.13s
  - Checkbox 8: name/id='confirm_overwrite_id_message', checked=False
[INFO] Found 7 remaining confirmable checkboxes (expected due to performance optimization)
[INFO] This is expected behavior when limiting checkbox processing for performance
[TIMING] Third checkbox operations: 0.15s
  - Checkbox 9: name/id='confirm_overwrite_id_plume', checked=False
[INFO] Found 8 remaining confirmable checkboxes (expected due to performance optimization)
[INFO] This is expected behavior when limiting checkbox processing for performance
[TIMING] Third checkbox operations: 0.16s
  - Checkbox 10: name/id='confirm_overwrite_initial_leak_concentration', checked=False
[INFO] Found 9 remaining confirmable checkboxes (expected due to performance optimization)
[INFO] This is expected behavior when limiting checkbox processing for performance
[TIMING] Third checkbox operations: 0.18s
  - Checkbox 11: name/id='confirm_overwrite_inspection_timestamp', checked=False
[INFO] Found 10 remaining confirmable checkboxes (expected due to performance optimization)
[INFO] This is expected behavior when limiting checkbox processing for performance
[TIMING] Third checkbox operations: 0.19s
  - Checkbox 12: name/id='confirm_overwrite_instrument', checked=False
[INFO] Found 11 remaining confirmable checkboxes (expected due to performance optimization)
[INFO] This is expected behavior when limiting checkbox processing for performance
[TIMING] Third checkbox operations: 0.21s
  - Checkbox 13: name/id='confirm_overwrite_lat_carb', checked=False
[INFO] Found 12 remaining confirmable checkboxes (expected due to performance optimization)
[INFO] This is expected behavior when limiting checkbox processing for performance
[TIMING] Third checkbox operations: 0.23s
  - Checkbox 14: name/id='confirm_overwrite_lat_revised', checked=False
[INFO] Found 13 remaining confirmable checkboxes (expected due to performance optimization)
[INFO] This is expected behavior when limiting checkbox processing for performance
[TIMING] Third checkbox operations: 0.25s
  - Checkbox 15: name/id='confirm_overwrite_leak_cause', checked=False
[INFO] Found 14 remaining confirmable checkboxes (expected due to performance optimization)
[INFO] This is expected behavior when limiting checkbox processing for performance
[TIMING] Third checkbox operations: 0.26s
  - Checkbox 16: name/id='confirm_overwrite_leak_description', checked=False
[INFO] Found 15 remaining confirmable checkboxes (expected due to performance optimization)
[INFO] This is expected behavior when limiting checkbox processing for performance
[TIMING] Third checkbox operations: 0.27s
  - Checkbox 17: name/id='confirm_overwrite_long_carb', checked=False
[INFO] Found 16 remaining confirmable checkboxes (expected due to performance optimization)
[INFO] This is expected behavior when limiting checkbox processing for performance
[TIMING] Third checkbox operations: 0.29s
  - Checkbox 18: name/id='confirm_overwrite_long_revised', checked=False
[INFO] Found 17 remaining confirmable checkboxes (expected due to performance optimization)
[INFO] This is expected behavior when limiting checkbox processing for performance
[TIMING] Third checkbox operations: 0.30s
  - Checkbox 19: name/id='confirm_overwrite_mitigation_actions', checked=False
[INFO] Found 18 remaining confirmable checkboxes (expected due to performance optimization)
[INFO] This is expected behavior when limiting checkbox processing for performance
[TIMING] Third checkbox operations: 0.32s
  - Checkbox 20: name/id='confirm_overwrite_mitigation_timestamp', checked=False
[INFO] Found 19 remaining confirmable checkboxes (expected due to performance optimization)
[INFO] This is expected behavior when limiting checkbox processing for performance
[TIMING] Third checkbox operations: 0.35s
  - Checkbox 21: name/id='confirm_overwrite_observation_timestamp', checked=False
[INFO] Found 20 remaining confirmable checkboxes (expected due to performance optimization)
[INFO] This is expected behavior when limiting checkbox processing for performance
[TIMING] Third checkbox operations: 0.38s
  - Checkbox 22: name/id='confirm_overwrite_re_monitored_concentration', checked=False
[INFO] Found 21 remaining confirmable checkboxes (expected due to performance optimization)
[INFO] This is expected behavior when limiting checkbox processing for performance
[TIMING] Third checkbox operations: 0.43s
  - Checkbox 23: name/id='confirm_overwrite_re_monitored_timestamp', checked=False
[INFO] Found 22 remaining confirmable checkboxes (expected due to performance optimization)
[INFO] This is expected behavior when limiting checkbox processing for performance
[TIMING] Third checkbox operations: 0.45s
  - Checkbox 24: name/id='confirm_overwrite_sector', checked=False
[INFO] Found 23 remaining confirmable checkboxes (expected due to performance optimization)
[INFO] This is expected behavior when limiting checkbox processing for performance
[TIMING] Third checkbox operations: 0.46s
[TIMING] Total test_incremental_upload time: 7.68s
[TIMING] Breakdown:
  - Clear test data: 1.75s
  - Navigation: 0.10s
  - First upload: 1.34s
  - First checkbox ops: 0.25s
  - First save: 0.56s
  - Second upload: 1.13s
  - Second checkbox ops: 0.24s
  - Second save: 0.59s
  - Third upload: 1.19s
  - Third checkbox ops: 0.46s
PASSED
tests/e2e/test_excel_upload_workflows.py::TestExcelUpload::test_file_upload_workflow[chromium-feedback_forms\\testing_versions\\standard\\energy_operator_feedback_v003_test_01_good_data.xlsx] clear_upload_attempt_marker() called
upload_file_and_wait_for_attempt_marker() called
Upload successful: 
          
             Read-Only View
          
          
            This sector (Energy) does not currently have an interactive web form associated
            with it.
            The data is displayed below in read-only format.
          
        
PASSED
tests/e2e/test_excel_upload_workflows.py::test_excel_upload_deep_backend_validation[chromium-feedback_forms\\testing_versions\\standard\\energy_operator_feedback_v003_test_01_good_data.xlsx] clear_upload_attempt_marker() called
PASSED
tests/e2e/test_excel_upload_workflows.py::TestRefactoredRoutes::test_upload_file_refactored_workflow[chromium-feedback_forms\\testing_versions\\standard\\energy_operator_feedback_v003_test_01_good_data.xlsx] clear_upload_attempt_marker() called
Refactored upload successful: 
          
             Read-Only View
          
          
            This sector (Energy) does not currently have an interactive web form associated
            with it.
            The data is displayed below in read-only format.
          
        
PASSED
tests/e2e/test_excel_upload_workflows.py::TestRefactoredRoutes::test_upload_file_staged_refactored_workflow[chromium-feedback_forms\\testing_versions\\standard\\energy_operator_feedback_v003_test_01_good_data.xlsx] clear_upload_attempt_marker() called
Refactored staged upload failed: 
              No fields were confirmed for update. No changes saved.
              
            
PASSED
tests/e2e/test_review_staged.py::test_incremental_upload[chromium-feedback_forms/testing_versions/standard/landfill_operator_feedback_v070_test_01_good_data.xlsx] [TIMING] Starting test_incremental_upload for feedback_forms/testing_versions/standard/landfill_operator_feedback_v070_test_01_good_data.xlsx
[TIMING] Starting clear_test_data_inline
[TIMING] Navigation to delete page: 0.24s
[TIMING] Form filling: 0.08s
[TIMING] Click preview button: 0.05s
[TIMING] Modal confirmation (OPTIMIZED): 1.30s
[TIMING] Total clear_test_data_inline time: 1.67s
[DEBUG] Test data cleared via UI at /delete_testing_range
[TIMING] Clear test data time: 1.67s
Running incremental upload test for: feedback_forms/testing_versions/standard/landfill_operator_feedback_v070_test_01_good_data.xlsx
[TIMING] Navigation to upload page: 0.09s
[TIMING] First file upload: 1.54s
[DEBUG] After upload, page.url = http://127.0.0.1:2113/review_staged/1002031/id_1002031_ts_20250805_154949.json
[CHECKBOX DIAGNOSTICS] Found 39 checkboxes on the page:
  - Checkbox 0: name/id='hideUnchangedFields', checked=False
  - Checkbox 1: name/id='selectAllConfirmations', checked=False
  - Checkbox 2: name/id='confirm_overwrite_additional_activities', checked=False
  - Checkbox 3: name/id='confirm_overwrite_additional_notes', checked=False
  - Checkbox 4: name/id='confirm_overwrite_contact_email', checked=False
checking box named: confirm_overwrite_additional_activities
checking box named: confirm_overwrite_contact_email
A total of 2 check boxes were selected (limited to 5 for performance).
[TIMING] Checkbox operations (OPTIMIZED): 0.22s
  - Checkbox 0: name/id='hideUnchangedFields', checked=False
  - Checkbox 1: name/id='selectAllConfirmations', checked=False
  - Checkbox 2: name/id='confirm_overwrite_additional_activities', checked=True
  - Checkbox 3: name/id='confirm_overwrite_additional_notes', checked=False
  - Checkbox 4: name/id='confirm_overwrite_contact_email', checked=True
[DEBUG] After first save, navigated to: http://127.0.0.1:2113/upload_staged
[TIMING] First save operation: 0.57s
[DEBUG] After re-upload, page.url = http://127.0.0.1:2113/review_staged/1002031/id_1002031_ts_20250805_154951.json
[TIMING] Second file upload: 1.29s
[CHECKBOX DIAGNOSTICS] (2nd upload) Found 37 checkboxes on the page:
  - Checkbox 0: name/id='hideUnchangedFields', checked=False
  - Checkbox 1: name/id='selectAllConfirmations', checked=False
  - Checkbox 2: name/id='confirm_overwrite_additional_notes', checked=False
checking box named: confirm_overwrite_additional_notes
  - Checkbox 3: name/id='confirm_overwrite_contact_name', checked=False
checking box named: confirm_overwrite_contact_name
  - Checkbox 4: name/id='confirm_overwrite_contact_phone', checked=False
checking box named: confirm_overwrite_contact_phone
A total of 3 check boxes were selected on 2nd upload (limited to 5 for performance).
[TIMING] Second checkbox operations (OPTIMIZED): 0.24s
[DEBUG] After second save, navigated to: http://127.0.0.1:2113/upload_staged
[TIMING] Second save operation: 0.60s
[DEBUG] After 3rd upload, page.url = http://127.0.0.1:2113/review_staged/1002031/id_1002031_ts_20250805_154953.json
[TIMING] Third file upload: 1.23s
[CHECKBOX DIAGNOSTICS] (3rd upload) Found 34 checkboxes on the page:
  - Checkbox 0: name/id='hideUnchangedFields', checked=False
[SUCCESS] All checkboxes have been processed
[TIMING] Third checkbox operations: 0.05s
  - Checkbox 1: name/id='selectAllConfirmations', checked=False
[SUCCESS] All checkboxes have been processed
[TIMING] Third checkbox operations: 0.09s
  - Checkbox 2: name/id='confirm_overwrite_emission_cause', checked=False
[INFO] Found 1 remaining confirmable checkboxes (expected due to performance optimization)
[INFO] This is expected behavior when limiting checkbox processing for performance
[TIMING] Third checkbox operations: 0.12s
  - Checkbox 3: name/id='confirm_overwrite_emission_cause_notes', checked=False
[INFO] Found 2 remaining confirmable checkboxes (expected due to performance optimization)
[INFO] This is expected behavior when limiting checkbox processing for performance
[TIMING] Third checkbox operations: 0.14s
  - Checkbox 4: name/id='confirm_overwrite_emission_cause_secondary', checked=False
[INFO] Found 3 remaining confirmable checkboxes (expected due to performance optimization)
[INFO] This is expected behavior when limiting checkbox processing for performance
[TIMING] Third checkbox operations: 0.16s
  - Checkbox 5: name/id='confirm_overwrite_emission_cause_tertiary', checked=False
[INFO] Found 4 remaining confirmable checkboxes (expected due to performance optimization)
[INFO] This is expected behavior when limiting checkbox processing for performance
[TIMING] Third checkbox operations: 0.18s
  - Checkbox 6: name/id='confirm_overwrite_emission_identified_flag_fk', checked=False
[INFO] Found 5 remaining confirmable checkboxes (expected due to performance optimization)
[INFO] This is expected behavior when limiting checkbox processing for performance
[TIMING] Third checkbox operations: 0.19s
  - Checkbox 7: name/id='confirm_overwrite_emission_location', checked=False
[INFO] Found 6 remaining confirmable checkboxes (expected due to performance optimization)
[INFO] This is expected behavior when limiting checkbox processing for performance
[TIMING] Third checkbox operations: 0.21s
  - Checkbox 8: name/id='confirm_overwrite_emission_location_notes', checked=False
[INFO] Found 7 remaining confirmable checkboxes (expected due to performance optimization)
[INFO] This is expected behavior when limiting checkbox processing for performance
[TIMING] Third checkbox operations: 0.22s
  - Checkbox 9: name/id='confirm_overwrite_emission_type_fk', checked=False
[INFO] Found 8 remaining confirmable checkboxes (expected due to performance optimization)
[INFO] This is expected behavior when limiting checkbox processing for performance
[TIMING] Third checkbox operations: 0.23s
  - Checkbox 10: name/id='confirm_overwrite_facility_name', checked=False
[INFO] Found 9 remaining confirmable checkboxes (expected due to performance optimization)
[INFO] This is expected behavior when limiting checkbox processing for performance
[TIMING] Third checkbox operations: 0.25s
  - Checkbox 11: name/id='confirm_overwrite_id_arb_swis', checked=False
[INFO] Found 10 remaining confirmable checkboxes (expected due to performance optimization)
[INFO] This is expected behavior when limiting checkbox processing for performance
[TIMING] Third checkbox operations: 0.25s
  - Checkbox 12: name/id='confirm_overwrite_id_incidence', checked=False
[INFO] Found 11 remaining confirmable checkboxes (expected due to performance optimization)
[INFO] This is expected behavior when limiting checkbox processing for performance
[TIMING] Third checkbox operations: 0.28s
  - Checkbox 13: name/id='confirm_overwrite_id_message', checked=False
[INFO] Found 12 remaining confirmable checkboxes (expected due to performance optimization)
[INFO] This is expected behavior when limiting checkbox processing for performance
[TIMING] Third checkbox operations: 0.28s
  - Checkbox 14: name/id='confirm_overwrite_id_plume', checked=False
[INFO] Found 13 remaining confirmable checkboxes (expected due to performance optimization)
[INFO] This is expected behavior when limiting checkbox processing for performance
[TIMING] Third checkbox operations: 0.32s
  - Checkbox 15: name/id='confirm_overwrite_included_in_last_lmr', checked=False
[INFO] Found 14 remaining confirmable checkboxes (expected due to performance optimization)
[INFO] This is expected behavior when limiting checkbox processing for performance
[TIMING] Third checkbox operations: 0.33s
  - Checkbox 16: name/id='confirm_overwrite_included_in_last_lmr_description', checked=False
[INFO] Found 15 remaining confirmable checkboxes (expected due to performance optimization)
[INFO] This is expected behavior when limiting checkbox processing for performance
[TIMING] Third checkbox operations: 0.35s
  - Checkbox 17: name/id='confirm_overwrite_initial_leak_concentration', checked=False
[INFO] Found 16 remaining confirmable checkboxes (expected due to performance optimization)
[INFO] This is expected behavior when limiting checkbox processing for performance
[TIMING] Third checkbox operations: 0.36s
  - Checkbox 18: name/id='confirm_overwrite_inspection_timestamp', checked=False
[INFO] Found 17 remaining confirmable checkboxes (expected due to performance optimization)
[INFO] This is expected behavior when limiting checkbox processing for performance
[TIMING] Third checkbox operations: 0.39s
  - Checkbox 19: name/id='confirm_overwrite_instrument', checked=False
[INFO] Found 18 remaining confirmable checkboxes (expected due to performance optimization)
[INFO] This is expected behavior when limiting checkbox processing for performance
[TIMING] Third checkbox operations: 0.41s
  - Checkbox 20: name/id='confirm_overwrite_last_component_leak_monitoring_timestamp', checked=False
[INFO] Found 19 remaining confirmable checkboxes (expected due to performance optimization)
[INFO] This is expected behavior when limiting checkbox processing for performance
[TIMING] Third checkbox operations: 0.43s
  - Checkbox 21: name/id='confirm_overwrite_last_surface_monitoring_timestamp', checked=False
[INFO] Found 20 remaining confirmable checkboxes (expected due to performance optimization)
[INFO] This is expected behavior when limiting checkbox processing for performance
[TIMING] Third checkbox operations: 0.44s
  - Checkbox 22: name/id='confirm_overwrite_lat_carb', checked=False
[INFO] Found 21 remaining confirmable checkboxes (expected due to performance optimization)
[INFO] This is expected behavior when limiting checkbox processing for performance
[TIMING] Third checkbox operations: 0.46s
  - Checkbox 23: name/id='confirm_overwrite_lat_revised', checked=False
[INFO] Found 22 remaining confirmable checkboxes (expected due to performance optimization)
[INFO] This is expected behavior when limiting checkbox processing for performance
[TIMING] Third checkbox operations: 0.47s
  - Checkbox 24: name/id='confirm_overwrite_long_carb', checked=False
[INFO] Found 23 remaining confirmable checkboxes (expected due to performance optimization)
[INFO] This is expected behavior when limiting checkbox processing for performance
[TIMING] Third checkbox operations: 0.49s
  - Checkbox 25: name/id='confirm_overwrite_long_revised', checked=False
[INFO] Found 24 remaining confirmable checkboxes (expected due to performance optimization)
[INFO] This is expected behavior when limiting checkbox processing for performance
[TIMING] Third checkbox operations: 0.51s
  - Checkbox 26: name/id='confirm_overwrite_mitigation_actions', checked=False
[INFO] Found 25 remaining confirmable checkboxes (expected due to performance optimization)
[INFO] This is expected behavior when limiting checkbox processing for performance
[TIMING] Third checkbox operations: 0.52s
  - Checkbox 27: name/id='confirm_overwrite_mitigation_timestamp', checked=False
[INFO] Found 26 remaining confirmable checkboxes (expected due to performance optimization)
[INFO] This is expected behavior when limiting checkbox processing for performance
[TIMING] Third checkbox operations: 0.52s
  - Checkbox 28: name/id='confirm_overwrite_observation_timestamp', checked=False
[INFO] Found 27 remaining confirmable checkboxes (expected due to performance optimization)
[INFO] This is expected behavior when limiting checkbox processing for performance
[TIMING] Third checkbox operations: 0.55s
  - Checkbox 29: name/id='confirm_overwrite_planned_for_next_lmr', checked=False
[INFO] Found 28 remaining confirmable checkboxes (expected due to performance optimization)
[INFO] This is expected behavior when limiting checkbox processing for performance
[TIMING] Third checkbox operations: 0.57s
  - Checkbox 30: name/id='confirm_overwrite_planned_for_next_lmr_description', checked=False
[INFO] Found 29 remaining confirmable checkboxes (expected due to performance optimization)
[INFO] This is expected behavior when limiting checkbox processing for performance
[TIMING] Third checkbox operations: 0.58s
  - Checkbox 31: name/id='confirm_overwrite_re_monitored_concentration', checked=False
[INFO] Found 30 remaining confirmable checkboxes (expected due to performance optimization)
[INFO] This is expected behavior when limiting checkbox processing for performance
[TIMING] Third checkbox operations: 0.60s
  - Checkbox 32: name/id='confirm_overwrite_re_monitored_timestamp', checked=False
[INFO] Found 31 remaining confirmable checkboxes (expected due to performance optimization)
[INFO] This is expected behavior when limiting checkbox processing for performance
[TIMING] Third checkbox operations: 0.61s
  - Checkbox 33: name/id='confirm_overwrite_sector', checked=False
[INFO] Found 32 remaining confirmable checkboxes (expected due to performance optimization)
[INFO] This is expected behavior when limiting checkbox processing for performance
[TIMING] Third checkbox operations: 0.63s
[TIMING] Total test_incremental_upload time: 8.13s
[TIMING] Breakdown:
  - Clear test data: 1.67s
  - Navigation: 0.09s
  - First upload: 1.54s
  - First checkbox ops: 0.22s
  - First save: 0.57s
  - Second upload: 1.29s
  - Second checkbox ops: 0.24s
  - Second save: 0.60s
  - Third upload: 1.23s
  - Third checkbox ops: 0.63s
PASSED
tests/e2e/test_excel_upload_workflows.py::TestExcelUpload::test_file_upload_workflow[chromium-feedback_forms\\testing_versions\\standard\\energy_operator_feedback_v003_test_01_good_data_update.xlsx] clear_upload_attempt_marker() called
upload_file_and_wait_for_attempt_marker() called
Upload successful: 
          
             Read-Only View
          
          
            This sector (Energy) does not currently have an interactive web form associated
            with it.
            The data is displayed below in read-only format.
          
        
PASSED
tests/e2e/test_excel_upload_workflows.py::test_excel_upload_deep_backend_validation[chromium-feedback_forms\\testing_versions\\standard\\energy_operator_feedback_v003_test_01_good_data_update.xlsx] clear_upload_attempt_marker() called
PASSED
tests/e2e/test_excel_upload_workflows.py::TestRefactoredRoutes::test_upload_file_refactored_workflow[chromium-feedback_forms\\testing_versions\\standard\\energy_operator_feedback_v003_test_01_good_data_update.xlsx] clear_upload_attempt_marker() called
Refactored upload successful: 
          
             Read-Only View
          
          
            This sector (Energy) does not currently have an interactive web form associated
            with it.
            The data is displayed below in read-only format.
          
        
PASSED
tests/e2e/test_excel_upload_workflows.py::TestRefactoredRoutes::test_upload_file_staged_refactored_workflow[chromium-feedback_forms\\testing_versions\\standard\\energy_operator_feedback_v003_test_01_good_data_update.xlsx] clear_upload_attempt_marker() called
Refactored staged upload failed: 
              No fields were confirmed for update. No changes saved.
              
            
PASSED
tests/e2e/test_review_staged.py::test_incremental_upload[chromium-feedback_forms/testing_versions/standard/landfill_operator_feedback_v071_test_01_good_data.xlsx] [TIMING] Starting test_incremental_upload for feedback_forms/testing_versions/standard/landfill_operator_feedback_v071_test_01_good_data.xlsx
[TIMING] Starting clear_test_data_inline
[TIMING] Navigation to delete page: 0.24s
[TIMING] Form filling: 0.09s
[TIMING] Click preview button: 0.04s
[TIMING] Modal confirmation (OPTIMIZED): 1.30s
[TIMING] Total clear_test_data_inline time: 1.67s
[DEBUG] Test data cleared via UI at /delete_testing_range
[TIMING] Clear test data time: 1.67s
Running incremental upload test for: feedback_forms/testing_versions/standard/landfill_operator_feedback_v071_test_01_good_data.xlsx
[TIMING] Navigation to upload page: 0.12s
[TIMING] First file upload: 1.42s
[DEBUG] After upload, page.url = http://127.0.0.1:2113/review_staged/1002041/id_1002041_ts_20250805_155011.json
[CHECKBOX DIAGNOSTICS] Found 39 checkboxes on the page:
  - Checkbox 0: name/id='hideUnchangedFields', checked=False
  - Checkbox 1: name/id='selectAllConfirmations', checked=False
  - Checkbox 2: name/id='confirm_overwrite_additional_activities', checked=False
  - Checkbox 3: name/id='confirm_overwrite_additional_notes', checked=False
  - Checkbox 4: name/id='confirm_overwrite_contact_email', checked=False
checking box named: confirm_overwrite_additional_activities
checking box named: confirm_overwrite_contact_email
A total of 2 check boxes were selected (limited to 5 for performance).
[TIMING] Checkbox operations (OPTIMIZED): 0.19s
  - Checkbox 0: name/id='hideUnchangedFields', checked=False
  - Checkbox 1: name/id='selectAllConfirmations', checked=False
  - Checkbox 2: name/id='confirm_overwrite_additional_activities', checked=True
  - Checkbox 3: name/id='confirm_overwrite_additional_notes', checked=False
  - Checkbox 4: name/id='confirm_overwrite_contact_email', checked=True
[DEBUG] After first save, navigated to: http://127.0.0.1:2113/upload_staged
[TIMING] First save operation: 0.57s
[DEBUG] After re-upload, page.url = http://127.0.0.1:2113/review_staged/1002041/id_1002041_ts_20250805_155013.json
[TIMING] Second file upload: 1.29s
[CHECKBOX DIAGNOSTICS] (2nd upload) Found 37 checkboxes on the page:
  - Checkbox 0: name/id='hideUnchangedFields', checked=False
  - Checkbox 1: name/id='selectAllConfirmations', checked=False
  - Checkbox 2: name/id='confirm_overwrite_additional_notes', checked=False
checking box named: confirm_overwrite_additional_notes
  - Checkbox 3: name/id='confirm_overwrite_contact_name', checked=False
checking box named: confirm_overwrite_contact_name
  - Checkbox 4: name/id='confirm_overwrite_contact_phone', checked=False
checking box named: confirm_overwrite_contact_phone
A total of 3 check boxes were selected on 2nd upload (limited to 5 for performance).
[TIMING] Second checkbox operations (OPTIMIZED): 0.21s
[DEBUG] After second save, navigated to: http://127.0.0.1:2113/upload_staged
[TIMING] Second save operation: 0.59s
[DEBUG] After 3rd upload, page.url = http://127.0.0.1:2113/review_staged/1002041/id_1002041_ts_20250805_155015.json
[TIMING] Third file upload: 1.23s
[CHECKBOX DIAGNOSTICS] (3rd upload) Found 34 checkboxes on the page:
  - Checkbox 0: name/id='hideUnchangedFields', checked=False
[SUCCESS] All checkboxes have been processed
[TIMING] Third checkbox operations: 0.03s
  - Checkbox 1: name/id='selectAllConfirmations', checked=False
[SUCCESS] All checkboxes have been processed
[TIMING] Third checkbox operations: 0.06s
  - Checkbox 2: name/id='confirm_overwrite_emission_cause', checked=False
[INFO] Found 1 remaining confirmable checkboxes (expected due to performance optimization)
[INFO] This is expected behavior when limiting checkbox processing for performance
[TIMING] Third checkbox operations: 0.07s
  - Checkbox 3: name/id='confirm_overwrite_emission_cause_notes', checked=False
[INFO] Found 2 remaining confirmable checkboxes (expected due to performance optimization)
[INFO] This is expected behavior when limiting checkbox processing for performance
[TIMING] Third checkbox operations: 0.09s
  - Checkbox 4: name/id='confirm_overwrite_emission_cause_secondary', checked=False
[INFO] Found 3 remaining confirmable checkboxes (expected due to performance optimization)
[INFO] This is expected behavior when limiting checkbox processing for performance
[TIMING] Third checkbox operations: 0.10s
  - Checkbox 5: name/id='confirm_overwrite_emission_cause_tertiary', checked=False
[INFO] Found 4 remaining confirmable checkboxes (expected due to performance optimization)
[INFO] This is expected behavior when limiting checkbox processing for performance
[TIMING] Third checkbox operations: 0.12s
  - Checkbox 6: name/id='confirm_overwrite_emission_identified_flag_fk', checked=False
[INFO] Found 5 remaining confirmable checkboxes (expected due to performance optimization)
[INFO] This is expected behavior when limiting checkbox processing for performance
[TIMING] Third checkbox operations: 0.13s
  - Checkbox 7: name/id='confirm_overwrite_emission_location', checked=False
[INFO] Found 6 remaining confirmable checkboxes (expected due to performance optimization)
[INFO] This is expected behavior when limiting checkbox processing for performance
[TIMING] Third checkbox operations: 0.15s
  - Checkbox 8: name/id='confirm_overwrite_emission_location_notes', checked=False
[INFO] Found 7 remaining confirmable checkboxes (expected due to performance optimization)
[INFO] This is expected behavior when limiting checkbox processing for performance
[TIMING] Third checkbox operations: 0.16s
  - Checkbox 9: name/id='confirm_overwrite_emission_type_fk', checked=False
[INFO] Found 8 remaining confirmable checkboxes (expected due to performance optimization)
[INFO] This is expected behavior when limiting checkbox processing for performance
[...]
0.02s call     tests/e2e/test_excel_upload_workflows.py::TestUploadPageElements::test_accessibility_features[chromium]
0.02s teardown tests/e2e/test_excel_upload_workflows.py::test_list_staged_diagnostics_overlay[chromium]
0.02s teardown tests/e2e/test_excel_upload_workflows.py::test_excel_upload_deep_backend_validation[chromium-feedback_forms\\testing_versions\\standard\\energy_operator_feedback_v003_test_01_good_data.xlsx]
0.02s teardown tests/e2e/test_review_staged.py::test_field_search_filter[chromium]
0.02s teardown tests/e2e/test_feedback_updates.py::test_feedback_updates_special_characters[chromium]
0.02s call     tests/e2e/test_excel_upload_workflows.py::TestUploadPageElements::test_page_structure[chromium]
0.02s teardown tests/e2e/test_excel_upload_workflows.py::TestRefactoredRoutes::test_upload_file_refactored_workflow[chromium-feedback_forms\\testing_versions\\standard\\energy_operator_feedback_v003_test_02_bad_data.xlsx]
0.02s teardown tests/e2e/test_menu_developer_utilities.py::test_developer_utilities_menu_links_and_create_incidence[chromium]
0.02s teardown tests/e2e/test_excel_upload_workflows.py::TestRefactoredRoutes::test_upload_file_staged_refactored_workflow[chromium-feedback_forms\\testing_versions\\standard\\energy_operator_feedback_v003_test_01_good_data_update.xlsx]
0.02s teardown tests/e2e/test_excel_upload_workflows.py::TestRefactoredRoutes::test_upload_file_refactored_workflow[chromium-feedback_forms\\testing_versions\\standard\\landfill_operator_feedback_v071_test_02_bad_data.xlsx]
0.02s teardown tests/e2e/test_excel_upload_workflows.py::TestExcelUpload::test_file_upload_workflow[chromium-feedback_forms\\testing_versions\\standard\\oil_and_gas_operator_feedback_v070_test_01_good_data.xlsx]
0.02s teardown tests/e2e/test_excel_upload_workflows.py::test_excel_upload_deep_backend_validation[chromium-feedback_forms\\testing_versions\\standard\\landfill_operator_feedback_v071_test_01_good_data.xlsx]
0.02s teardown tests/e2e/test_delete_testing_data.py::test_min_max_id_inputs[chromium]
0.02s teardown tests/e2e/test_feedback_updates.py::test_feedback_updates_date_range_boundaries[chromium]
0.02s teardown tests/e2e/test_excel_upload_workflows.py::TestRefactoredRoutes::test_upload_file_staged_refactored_workflow[chromium-feedback_forms\\testing_versions\\standard\\landfill_operator_feedback_v070_test_02_bad_data.xlsx]
0.02s teardown tests/e2e/test_excel_upload_workflows.py::TestRefactoredRoutes::test_upload_file_refactored_workflow[chromium-feedback_forms\\testing_versions\\standard\\oil_and_gas_operator_feedback_v070_test_01_good_data.xlsx]
0.02s teardown tests/e2e/test_excel_upload_workflows.py::TestRefactoredRoutes::test_upload_file_refactored_workflow[chromium-feedback_forms\\testing_versions\\standard\\landfill_operator_feedback_v070_test_02_bad_data.xlsx]
0.02s teardown tests/e2e/test_excel_upload_workflows.py::test_discard_malformed_file_only[chromium]
0.02s teardown tests/e2e/test_excel_upload_workflows.py::test_discard_staged_file_only[chromium]
0.02s teardown tests/e2e/test_excel_upload_workflows.py::test_excel_upload_deep_backend_validation[chromium-feedback_forms\\testing_versions\\standard\\dairy_digester_operator_feedback_v006_test_02_bad_data.xlsx]
0.02s teardown tests/e2e/test_excel_upload_workflows.py::TestRefactoredRoutes::test_upload_file_refactored_workflow[chromium-feedback_forms\\testing_versions\\standard\\landfill_operator_feedback_v071_test_01_good_data.xlsx]
0.02s teardown tests/e2e/test_feedback_updates.py::test_feedback_updates_empty_state[chromium]
0.02s teardown tests/e2e/test_excel_upload_workflows.py::test_excel_upload_deep_backend_validation[chromium-feedback_forms\\testing_versions\\standard\\dairy_digester_operator_feedback_v006_test_01_good_data.xlsx]
0.02s teardown tests/e2e/test_javascript_logging.py::test_diagnostics_overlay_on_diagnostic_test_page[chromium]
0.02s teardown tests/e2e/test_list_uploads.py::test_list_uploads_page_loads[chromium]
0.02s teardown tests/e2e/test_feedback_updates.py::test_feedback_updates_long_text_overflow[chromium]
0.02s teardown tests/e2e/test_review_staged.py::test_incremental_upload[chromium-feedback_forms/testing_versions/standard/dairy_digester_operator_feedback_v006_test_01_good_data.xlsx]
0.02s teardown tests/e2e/test_excel_upload_workflows.py::TestRefactoredRoutes::test_upload_file_staged_refactored_page_loads[chromium]
0.02s teardown tests/e2e/test_excel_upload_workflows.py::TestRefactoredRoutes::test_upload_file_staged_refactored_workflow[chromium-feedback_forms\\testing_versions\\standard\\landfill_operator_feedback_v070_test_01_good_data.xlsx]
0.02s teardown tests/e2e/test_review_staged.py::test_incremental_upload[chromium-feedback_forms/testing_versions/standard/landfill_operator_feedback_v070_test_01_good_data.xlsx]
0.02s teardown tests/e2e/test_excel_upload_workflows.py::TestExcelUpload::test_file_upload_workflow[chromium-feedback_forms\\testing_versions\\standard\\dairy_digester_operator_feedback_v006_test_02_bad_data.xlsx]
0.02s teardown tests/e2e/test_list_uploads.py::test_list_uploads_empty_state[chromium]
0.02s teardown tests/e2e/test_review_staged.py::test_cancel_and_save_buttons[chromium]
0.02s teardown tests/e2e/test_list_uploads.py::test_list_uploads_file_links[chromium]
0.02s call     tests/e2e/test_excel_upload_workflows.py::TestExcelUpload::test_drop_zone_exists[chromium]
0.02s teardown tests/e2e/test_excel_upload_workflows.py::test_excel_upload_deep_backend_validation[chromium-feedback_forms\\testing_versions\\standard\\dairy_digester_operator_feedback_v006_test_03_blank.xlsx]
0.02s teardown tests/e2e/test_feedback_updates.py::test_feedback_updates_csv_download_with_filters[chromium]
0.01s teardown tests/e2e/test_excel_upload_workflows.py::test_excel_upload_deep_backend_validation[chromium-feedback_forms\\testing_versions\\standard\\generic_operator_feedback_v002_test_02_bad_data.xlsx]
0.01s teardown tests/e2e/test_excel_upload_workflows.py::test_excel_upload_deep_backend_validation[chromium-feedback_forms\\testing_versions\\standard\\energy_operator_feedback_v003_test_01_good_data_update.xlsx]
0.01s teardown tests/e2e/test_excel_upload_workflows.py::TestExcelUpload::test_drop_zone_exists[chromium]
0.01s teardown tests/e2e/test_excel_upload_workflows.py::TestRefactoredRoutes::test_upload_file_refactored_workflow[chromium-feedback_forms\\testing_versions\\standard\\generic_operator_feedback_v002_test_02_bad_data.xlsx]
0.01s teardown tests/e2e/test_excel_upload_workflows.py::TestExcelUpload::test_file_upload_workflow[chromium-feedback_forms\\testing_versions\\standard\\landfill_operator_feedback_v071_test_01_good_data.xlsx]
0.01s teardown tests/e2e/test_review_staged.py::test_change_summary_card[chromium]
0.01s teardown tests/e2e/test_excel_upload_workflows.py::TestExcelUpload::test_invalid_file_upload[chromium]
0.01s teardown tests/e2e/test_excel_upload_workflows.py::TestRefactoredRoutes::test_upload_file_staged_refactored_workflow[chromium-feedback_forms\\testing_versions\\standard\\oil_and_gas_operator_feedback_v070_test_02_bad_data.xlsx]
0.01s teardown tests/e2e/test_refactored_vs_original_equivalence.py::TestRefactoredVsOriginalEquivalence::test_error_handling_equivalence_no_file[chromium]
0.01s teardown tests/e2e/test_excel_upload_workflows.py::test_excel_upload_deep_backend_validation[chromium-feedback_forms\\testing_versions\\standard\\oil_and_gas_operator_feedback_v070_test_01_good_data.xlsx]
0.01s teardown tests/e2e/test_excel_upload_workflows.py::TestRefactoredRoutes::test_upload_file_refactored_workflow[chromium-feedback_forms\\testing_versions\\standard\\energy_operator_feedback_v003_test_01_good_data_update.xlsx]
0.01s teardown tests/e2e/test_excel_upload_workflows.py::TestRefactoredRoutes::test_upload_file_staged_refactored_workflow[chromium-feedback_forms\\testing_versions\\standard\\oil_and_gas_operator_feedback_v070_test_01_good_data.xlsx]
0.01s teardown tests/e2e/test_excel_upload_workflows.py::TestExcelUpload::test_large_file_upload[chromium]
0.01s teardown tests/e2e/test_excel_upload_workflows.py::TestUploadPageElements::test_form_structure[chromium]
0.01s teardown tests/e2e/test_excel_upload_workflows.py::TestExcelUpload::test_file_upload_workflow[chromium-feedback_forms\\testing_versions\\standard\\landfill_operator_feedback_v071_test_02_bad_data.xlsx]
0.01s teardown tests/e2e/test_excel_upload_workflows.py::test_excel_upload_deep_backend_validation[chromium-feedback_forms\\testing_versions\\standard\\landfill_operator_feedback_v070_test_01_good_data.xlsx]
0.01s teardown tests/e2e/test_excel_upload_workflows.py::TestRefactoredRoutes::test_upload_file_staged_refactored_workflow[chromium-feedback_forms\\testing_versions\\standard\\dairy_digester_operator_feedback_v006_test_02_bad_data.xlsx]
0.01s teardown tests/e2e/test_excel_upload_workflows.py::TestRefactoredRoutes::test_upload_file_refactored_workflow[chromium-feedback_forms\\testing_versions\\standard\\oil_and_gas_operator_feedback_v070_test_02_bad_data.xlsx]
0.01s teardown tests/e2e/test_excel_upload_workflows.py::TestExcelUpload::test_upload_page_loads[chromium]
0.01s teardown tests/e2e/test_excel_upload_workflows.py::TestExcelUpload::test_file_upload_workflow[chromium-feedback_forms\\testing_versions\\standard\\generic_operator_feedback_v002_test_02_bad_data.xlsx]
0.01s teardown tests/e2e/test_excel_upload_workflows.py::test_excel_upload_deep_backend_validation[chromium-feedback_forms\\testing_versions\\standard\\generic_operator_feedback_v002_test_01_good_data.xlsx]
0.01s teardown tests/e2e/test_homepage.py::test_homepage_empty_state[chromium]
0.01s teardown tests/e2e/test_excel_upload_workflows.py::TestExcelUpload::test_file_upload_workflow[chromium-feedback_forms\\testing_versions\\standard\\energy_operator_feedback_v003_test_01_good_data.xlsx]
0.01s teardown tests/e2e/test_excel_upload_workflows.py::TestRefactoredRoutes::test_upload_file_refactored_workflow[chromium-feedback_forms\\testing_versions\\standard\\dairy_digester_operator_feedback_v006_test_03_blank.xlsx]
0.01s teardown tests/e2e/test_excel_upload_workflows.py::TestExcelUpload::test_empty_file_upload[chromium]
0.01s teardown tests/e2e/test_homepage.py::test_homepage_card_navigation[chromium]
0.01s teardown tests/e2e/test_excel_upload_workflows.py::TestRefactoredRoutes::test_upload_file_refactored_invalid_file[chromium]
0.01s teardown tests/e2e/test_excel_upload_workflows.py::TestRefactoredRoutes::test_upload_file_staged_refactored_workflow[chromium-feedback_forms\\testing_versions\\standard\\dairy_digester_operator_feedback_v006_test_03_blank.xlsx]
0.01s teardown tests/e2e/test_excel_upload_workflows.py::TestExcelUpload::test_file_upload_workflow[chromium-feedback_forms\\testing_versions\\standard\\dairy_digester_operator_feedback_v006_test_03_blank.xlsx]
0.01s teardown tests/e2e/test_feedback_updates.py::test_feedback_updates_accessibility[chromium]
0.01s teardown tests/e2e/test_delete_testing_data.py::test_delete_button_and_real_delete[chromium]
0.01s teardown tests/e2e/test_excel_upload_workflows.py::TestExcelUpload::test_file_upload_workflow[chromium-feedback_forms\\testing_versions\\standard\\oil_and_gas_operator_feedback_v070_test_02_bad_data.xlsx]
0.01s teardown tests/e2e/test_feedback_updates.py::test_feedback_updates_rapid_filter_changes[chromium]
0.01s teardown tests/e2e/test_refactored_vs_original_equivalence.py::TestRefactoredRouteSpecificFeatures::test_refactored_route_specific_error_messages[chromium]
0.01s teardown tests/e2e/test_excel_upload_workflows.py::TestRefactoredRoutes::test_upload_file_refactored_workflow[chromium-feedback_forms\\testing_versions\\standard\\dairy_digester_operator_feedback_v006_test_01_good_data.xlsx]
0.01s teardown tests/e2e/test_delete_testing_data.py::test_dry_run_checkbox_and_preview[chromium]
0.01s teardown tests/e2e/test_excel_upload_workflows.py::TestRefactoredRoutes::test_upload_file_staged_refactored_workflow[chromium-feedback_forms\\testing_versions\\standard\\dairy_digester_operator_feedback_v006_test_01_good_data.xlsx]
0.01s teardown tests/e2e/test_excel_upload_workflows.py::TestExcelUpload::test_file_upload_workflow[chromium-feedback_forms\\testing_versions\\standard\\energy_operator_feedback_v003_test_01_good_data_update.xlsx]
0.01s teardown tests/e2e/test_excel_upload_workflows.py::TestExcelUpload::test_file_upload_workflow[chromium-feedback_forms\\testing_versions\\standard\\landfill_operator_feedback_v070_test_01_good_data.xlsx]
0.01s teardown tests/e2e/test_excel_upload_workflows.py::TestExcelUpload::test_file_upload_workflow[chromium-feedback_forms\\testing_versions\\standard\\generic_operator_feedback_v002_test_01_good_data.xlsx]
0.01s teardown tests/e2e/test_excel_upload_workflows.py::TestRefactoredRoutes::test_upload_file_refactored_workflow[chromium-feedback_forms\\testing_versions\\standard\\generic_operator_feedback_v002_test_01_good_data.xlsx]
0.01s call     tests/e2e/test_excel_upload_workflows.py::TestExcelUpload::test_file_input_exists[chromium]
0.01s teardown tests/e2e/test_feedback_updates.py::test_feedback_updates_page_loads[chromium]
0.01s teardown tests/e2e/test_refactored_vs_original_equivalence.py::TestRefactoredVsOriginalEquivalence::test_form_structure_equivalence[chromium]
0.01s teardown tests/e2e/test_excel_upload_workflows.py::test_upload_multiple_files_only[chromium]
0.01s teardown tests/e2e/test_refactored_vs_original_equivalence.py::TestRefactoredVsOriginalEquivalence::test_error_handling_equivalence_invalid_file[chromium]
0.01s teardown tests/e2e/test_excel_upload_workflows.py::test_excel_upload_deep_backend_validation[chromium-feedback_forms\\testing_versions\\standard\\energy_operator_feedback_v003_test_02_bad_data.xlsx]
0.01s teardown tests/e2e/test_excel_upload_workflows.py::TestExcelUpload::test_file_upload_workflow[chromium-feedback_forms\\testing_versions\\standard\\landfill_operator_feedback_v070_test_02_bad_data.xlsx]
0.01s teardown tests/e2e/test_homepage.py::test_homepage_card_content_and_links[chromium]
0.01s teardown tests/e2e/test_review_staged.py::test_incremental_upload[chromium-feedback_forms/testing_versions/standard/generic_operator_feedback_v002_test_01_good_data.xlsx]
0.01s teardown tests/e2e/test_homepage.py::test_homepage_special_characters_and_long_text[chromium]
0.01s teardown tests/e2e/test_excel_upload_workflows.py::TestRefactoredRoutes::test_upload_file_refactored_workflow[chromium-feedback_forms\\testing_versions\\standard\\energy_operator_feedback_v003_test_01_good_data.xlsx]
0.01s teardown tests/e2e/test_excel_upload_workflows.py::TestRefactoredRoutes::test_upload_file_refactored_page_loads[chromium]
0.01s teardown tests/e2e/test_excel_upload_workflows.py::TestRefactoredRoutes::test_upload_file_refactored_workflow[chromium-feedback_forms\\testing_versions\\standard\\dairy_digester_operator_feedback_v006_test_02_bad_data.xlsx]
0.01s teardown tests/e2e/test_excel_upload_workflows.py::test_discard_each_staged_file_separately[chromium]
0.01s teardown tests/e2e/test_excel_upload_workflows.py::TestExcelUpload::test_file_input_exists[chromium]
0.01s teardown tests/e2e/test_excel_upload_workflows.py::TestUploadPageElements::test_accessibility_features[chromium]
0.01s teardown tests/e2e/test_review_staged.py::test_incremental_upload[chromium-feedback_forms/testing_versions/standard/landfill_operator_feedback_v071_test_01_good_data.xlsx]
0.01s teardown tests/e2e/test_menu_calsmp_help.py::test_calsmp_help_menu_links[chromium]
0.01s teardown tests/e2e/test_excel_upload_workflows.py::TestExcelUpload::test_file_upload_workflow[chromium-feedback_forms\\testing_versions\\standard\\energy_operator_feedback_v003_test_02_bad_data.xlsx]
0.01s teardown tests/e2e/test_excel_upload_workflows.py::test_excel_upload_deep_backend_validation[chromium-feedback_forms\\testing_versions\\standard\\landfill_operator_feedback_v071_test_02_bad_data.xlsx]
0.01s teardown tests/e2e/test_refactored_vs_original_equivalence.py::TestRefactoredVsOriginalEquivalence::test_message_parameter_equivalence[chromium]
0.01s teardown tests/e2e/test_excel_upload_workflows.py::test_excel_upload_deep_backend_validation[chromium-feedback_forms\\testing_versions\\standard\\landfill_operator_feedback_v070_test_02_bad_data.xlsx]
0.01s teardown tests/e2e/test_feedback_updates.py::test_feedback_updates_download_csv_button[chromium]
0.01s teardown tests/e2e/test_excel_upload_workflows.py::TestRefactoredRoutes::test_upload_file_staged_refactored_workflow[chromium-feedback_forms\\testing_versions\\standard\\generic_operator_feedback_v002_test_02_bad_data.xlsx]
0.01s teardown tests/e2e/test_excel_upload_workflows.py::TestRefactoredRoutes::test_upload_file_staged_refactored_workflow[chromium-feedback_forms\\testing_versions\\standard\\landfill_operator_feedback_v071_test_01_good_data.xlsx]
0.01s teardown tests/e2e/test_delete_testing_data.py::test_diagnostics_messaging[chromium]
0.01s teardown tests/e2e/test_excel_upload_workflows.py::TestRefactoredRoutes::test_upload_file_staged_refactored_workflow[chromium-feedback_forms\\testing_versions\\standard\\landfill_operator_feedback_v071_test_02_bad_data.xlsx]
0.01s teardown tests/e2e/test_homepage.py::test_homepage_navigation_menu[chromium]
0.01s teardown tests/e2e/test_excel_upload_workflows.py::TestRefactoredRoutes::test_upload_file_staged_refactored_workflow[chromium-feedback_forms\\testing_versions\\standard\\energy_operator_feedback_v003_test_02_bad_data.xlsx]
0.01s teardown tests/e2e/test_refactored_vs_original_equivalence.py::TestRefactoredRouteSpecificFeatures::test_refactored_route_navigation[chromium]
0.01s teardown tests/e2e/test_homepage.py::test_homepage_pagination_or_scrolling[chromium]
0.01s teardown tests/e2e/test_excel_upload_workflows.py::test_upload_file_only[chromium]
0.01s teardown tests/e2e/test_review_staged.py::test_incremental_upload[chromium-feedback_forms/testing_versions/standard/energy_operator_feedback_v003_test_01_good_data.xlsx]
0.01s teardown tests/e2e/test_excel_upload_workflows.py::test_upload_malformed_file_only[chromium]
0.01s teardown tests/e2e/test_feedback_updates.py::test_feedback_updates_filter_functionality[chromium]
0.01s teardown tests/e2e/test_homepage.py::test_homepage_accessibility[chromium]
0.01s teardown tests/e2e/test_excel_upload_workflows.py::TestRefactoredRoutes::test_upload_file_staged_refactored_invalid_file[chromium]
0.01s teardown tests/e2e/test_review_staged.py::test_hide_changes_checkbox[chromium]
0.01s teardown tests/e2e/test_excel_upload_workflows.py::TestExcelUpload::test_file_upload_workflow[chromium-feedback_forms\\testing_versions\\standard\\dairy_digester_operator_feedback_v006_test_01_good_data.xlsx]
0.01s teardown tests/e2e/test_excel_upload_workflows.py::TestRefactoredRoutes::test_upload_file_staged_refactored_workflow[chromium-feedback_forms\\testing_versions\\standard\\generic_operator_feedback_v002_test_01_good_data.xlsx]
0.01s teardown tests/e2e/test_feedback_updates.py::test_feedback_updates_large_data_set[chromium]
0.01s teardown tests/e2e/test_review_staged.py::test_incremental_upload[chromium-feedback_forms/testing_versions/standard/oil_and_gas_operator_feedback_v070_test_01_good_data.xlsx]
0.01s teardown tests/e2e/test_homepage.py::test_homepage_loads[chromium]
0.01s teardown tests/e2e/test_list_uploads.py::test_list_uploads_accessibility[chromium]

(3 durations < 0.005s hidden.  Use -vv to show these durations.)
=========================== short test summary info ===========================
FAILED tests/e2e/test_excel_upload_workflows.py::TestRefactoredRoutes::test_upload_file_refactored_invalid_file[chromium]
FAILED tests/e2e/test_excel_upload_workflows.py::TestRefactoredRoutes::test_upload_file_staged_refactored_invalid_file[chromium]
ERROR tests/e2e/test_excel_upload_workflows.py::test_upload_multiple_files_only[chromium]
======== 2 failed, 116 passed, 7 skipped, 1 error in 347.81s (0:05:47) ========
